{
  "question": {
    "tags": [
      "java",
      "eclipse",
      "maven",
      "java-7",
      "m2eclipse"
    ],
    "owner": {
      "account_id": 3385419,
      "reputation": 11946,
      "user_id": 2841472,
      "user_type": "registered",
      "accept_rate": 75,
      "profile_image": "https://i.sstatic.net/Ia67f.jpg?s=256",
      "display_name": "Sai prateek",
      "link": "https://stackoverflow.com/users/2841472/sai-prateek"
    },
    "is_answered": true,
    "view_count": 1561419,
    "protected_date": 1410327693,
    "accepted_answer_id": 21279068,
    "answer_count": 38,
    "score": 725,
    "last_activity_date": 1655281933,
    "creation_date": 1383041510,
    "last_edit_date": 1483145978,
    "question_id": 19655184,
    "content_license": "CC BY-SA 3.0",
    "link": "https://stackoverflow.com/questions/19655184/no-compiler-is-provided-in-this-environment-perhaps-you-are-running-on-a-jre-ra",
    "title": "No compiler is provided in this environment. Perhaps you are running on a JRE rather than a JDK?",
    "body": "<p>I'm compiling a project in Eclipse using m2eclipse. I set the JDK path in Eclipse like this:</p>\n\n<pre><code>Windows--&gt;preferences--&gt;installed jres--&gt; jdk1.7.xx  path\n</code></pre>\n\n<p>But this is showing an error</p>\n\n<pre><code>[ERROR] COMPILATION ERROR :\n[INFO] -------------------------------------------------------------\n[ERROR] No compiler is provided in this environment. Perhaps you are running on a JRE    rather than a JDK?\n[INFO] 1 error\n[INFO] -------------------------------------------------------------\n[INFO] ------------------------------------------------------------------------\n[INFO] BUILD FAILURE\n[INFO] ------------------------------------------------------------------------\n[INFO] Total time: 1.424s\n[INFO] Finished at: Tue Oct 29 15:21:01 IST 2013\n[INFO] Final Memory: 5M/15M\n[INFO] ------------------------------------------------------------------------\n[ERROR] Failed to execute goal org.apache.maven.plugins:maven-compiler-   plugin:3.1:compile (default-compile) on project TEST-WEB: Compilation failure\n[ERROR] No compiler is provided in this environment. Perhaps you are running on a JRE rather than a JDK?\n</code></pre>\n"
  },
  "answers": [],
  "question_comments": [
    {
      "owner": {
        "account_id": 10382309,
        "reputation": 98,
        "user_id": 7656623,
        "user_type": "registered",
        "profile_image": "https://www.gravatar.com/avatar/5ca9174642afef120c6bd46650248c65?s=256&d=identicon&r=PG&f=y&so-version=2",
        "display_name": "Somnath Singh",
        "link": "https://stackoverflow.com/users/7656623/somnath-singh"
      },
      "edited": false,
      "score": 0,
      "creation_date": 1590504746,
      "post_id": 19655184,
      "comment_id": 109700858,
      "content_license": "CC BY-SA 4.0"
    },
    {
      "owner": {
        "account_id": 21994,
        "reputation": 75391,
        "user_id": 53897,
        "user_type": "registered",
        "accept_rate": 56,
        "profile_image": "https://i.sstatic.net/enNdg.jpg?s=256",
        "display_name": "Thorbj&#248;rn Ravn Andersen",
        "link": "https://stackoverflow.com/users/53897/thorbj%c3%b8rn-ravn-andersen"
      },
      "edited": false,
      "score": 0,
      "creation_date": 1552898940,
      "post_id": 19655184,
      "comment_id": 97170151,
      "content_license": "CC BY-SA 4.0"
    }
  ],
  "answer_comments": {}
}