{
  "question": {
    "tags": [
      "java",
      "flutter",
      "dart",
      "android-studio",
      "gradle"
    ],
    "owner": {
      "account_id": 30272626,
      "reputation": 1,
      "user_id": 23199940,
      "user_type": "registered",
      "profile_image": "https://lh3.googleusercontent.com/a/ACg8ocIXIfqklzZj3t7FLNxRWbM7bHLBAFO6ZoBfSDFLUI_3Jok=k-s256",
      "display_name": "Harshal Hartalkar",
      "link": "https://stackoverflow.com/users/23199940/harshal-hartalkar"
    },
    "is_answered": true,
    "view_count": 1408,
    "answer_count": 1,
    "score": 0,
    "last_activity_date": 1722548292,
    "creation_date": 1707292966,
    "last_edit_date": 1707299891,
    "question_id": 77953099,
    "content_license": "CC BY-SA 4.0",
    "link": "https://stackoverflow.com/questions/77953099/net-rubygrapefruit-platform-nativeexception",
    "title": "net.rubygrapefruit.platform.NativeException",
    "body": "<p>The error is occuring in the project when i tried to run it please help me regarding the project your support is well appritiacted i am unable to understand and deliver the solution for this error</p>\n<p>The Error:</p>\n<pre class=\"lang-none prettyprint-override\"><code>Error while receiving file changes\nnet.rubygrapefruit.platform.NativeException: Error received when handling events, error = 1: D:\\Yash Workspace\\Edigi Solutions Nashik\\EduOmega\\android\n    at net.rubygrapefruit.platform.internal.jni.AbstractFileEventFunctions$NativeFileWatcher.executeRunLoop0(Native Method)\n    at net.rubygrapefruit.platform.internal.jni.AbstractFileEventFunctions$NativeFileWatcher.access$100(AbstractFileEventFunctions.java:159)\n    at net.rubygrapefruit.platform.internal.jni.AbstractFileEventFunctions$NativeFileWatcher$1.run(AbstractFileEventFunctions.java:173)\nStopping file watching and invalidating VFS after an error happened\n\nFAILURE: Build failed with an exception.\n\n* What went wrong:\nSome problems were found with the configuration of task ':app:compileFlutterBuildDebug' (type 'FlutterTask').\n  - In plugin 'FlutterPlugin' type 'FlutterTask' property 'assets' is missing an input or output annotation.\n\n    Reason: A property without annotation isn't considered during up-to-date checking.\n\n    Possible solutions:\n      1. Add an input or output annotation.\n      2. Mark it as @Internal.\n\n    Please refer to https://docs.gradle.org/7.2/userguide/validation_problems.html#missing_annotation for more details about this problem.\n  - In plugin 'FlutterPlugin' type 'FlutterTask' property 'assetsDirectory' is missing an input or output annotation.\n\n    Reason: A property without annotation isn't considered during up-to-date checking.\n\n    Possible solutions:\n      1. Add an input or output annotation.\n      2. Mark it as @Internal.\n\n    Please refer to https://docs.gradle.org/7.2/userguide/validation_problems.html#missing_annotation for more details about this problem.\n  - In plugin 'FlutterPlugin' type 'FlutterTask' property 'buildMode' is missing an input or output annotation.\n\n    Reason: A property without annotation isn't considered during up-to-date checking.\n\n    Possible solutions:\n      1. Add an input or output annotation.\n      2. Mark it as @Internal.\n\n    Please refer to https://docs.gradle.org/7.2/userguide/validation_problems.html#missing_annotation for more details about this problem.\n  - In plugin 'FlutterPlugin' type 'FlutterTask' property 'fastStart' doesn't have a configured value.\n\n    Reason: This property isn't marked as optional and no value has been configured.\n\n    Possible solutions:\n      1. Assign a value to 'fastStart'.\n      2. Mark property 'fastStart' as optional.\n\n    Please refer to https://docs.gradle.org/7.2/userguide/validation_problems.html#value_not_set for more details about this problem.\n  - In plugin 'FlutterPlugin' type 'FlutterTask' property 'flutterExecutable' is missing an input or output annotation.\n\n    Reason: A property without annotation isn't considered during up-to-date checking.\n\n    Possible solutions:\n      1. Add an input or output annotation.\n      2. Mark it as @Internal.\n\n    Please refer to https://docs.gradle.org/7.2/userguide/validation_problems.html#missing_annotation for more details about this problem.\n\n* Try:\nRun with --stacktrace option to get the stack trace. Run with --info or --debug option to get more log output. Run with --scan to get full insights.\n\n* Get more help at https://help.gradle.org\n\nBUILD FAILED in 11s\nException: Gradle task assembleDebug failed with exit code 1\n</code></pre>\n<p>I had tried various gradle fixes like tried deleting <code>.gradle</code> folder and deleting <code>pubspec.lock</code> and doing <code>Pub get</code> but it didn't solved the error.</p>\n"
  },
  "answers": [],
  "question_comments": [],
  "answer_comments": {}
}