{
  "question": {
    "tags": [
      "java",
      "spring",
      "spring-boot"
    ],
    "owner": {
      "account_id": 3133372,
      "reputation": 1770,
      "user_id": 2650481,
      "user_type": "registered",
      "accept_rate": 87,
      "profile_image": "https://i.sstatic.net/ZD04i.jpg?s=256",
      "display_name": "Adam Bogdan Boczek",
      "link": "https://stackoverflow.com/users/2650481/adam-bogdan-boczek"
    },
    "is_answered": true,
    "view_count": 605,
    "answer_count": 1,
    "score": 1,
    "last_activity_date": 1729589674,
    "creation_date": 1709740618,
    "last_edit_date": 1709798312,
    "question_id": 78115761,
    "content_license": "CC BY-SA 4.0",
    "link": "https://stackoverflow.com/questions/78115761/illegalargumentexception-name-for-argument-of-type-java-util-uuid-not-specifi",
    "title": "IllegalArgumentException: Name for argument of type [java.util.UUID] not specified in Unit Tests After Upgrading Spring Boot from 3.1.x to 3.2.x",
    "body": "<p>I recently attempted to bump the Spring Boot version from 3.1.3 to 3.2.3 in my project, and now all of my simple unit tests that use UUID as parameter are failing due to this exception:</p>\n<p><code>java.lang.IllegalArgumentException: Name for argument of type [java.util.UUID] not specified, and parameter name information not available via reflection. Ensure that the compiler uses the '-parameters' flag.</code></p>\n<p>Here an example of such test:</p>\n<pre><code>    @ParameterizedTest(name = &quot;Entity id: {0}&quot;)\n    @MethodSource(&quot;retrieveIds&quot;)\n    void shouldRetrieveSingleIfExist(UUID id) {\n        client.get()\n                .uri(&quot;/entities/{id}&quot;, id)\n                .exchange()\n                .expectStatus().isOk()\n                .expectBody()\n                .jsonPath(&quot;$.id&quot;).isEqualTo(id.toString());\n    }\n</code></pre>\n<p>I haven't found any relevant information online (this issue looks similar <a href=\"https://stackoverflow.com/questions/77635974/error-name-for-argument-of-type-java-util-uuid-not-specified-and-parameter-n\">Error &quot;Name for argument of type [java.util.UUID] not specified, and parameter name information not found in class file either&quot;with spring 3.2 upgrade</a> but the proposed solutions did not help). Does anyone have an idea what the problem might be? When I revert to version 3.1.3, all tests pass successfully.</p>\n<p>UPDATE:</p>\n<p>I tried this configuration without any effect:</p>\n<pre><code>            &lt;plugin&gt;\n                &lt;groupId&gt;org.springframework.boot&lt;/groupId&gt;\n                &lt;artifactId&gt;spring-boot-maven-plugin&lt;/artifactId&gt;\n                &lt;configuration&gt;\n                    &lt;compilerArguments&gt;-parameters&lt;/compilerArguments&gt;\n                &lt;/configuration&gt;\n            &lt;/plugin&gt;\n</code></pre>\n"
  },
  "answers": [],
  "question_comments": [],
  "answer_comments": {}
}