{
  "question": {
    "tags": [
      "java",
      "flutter",
      "kotlin",
      "dart",
      "gradle"
    ],
    "owner": {
      "account_id": 29694526,
      "reputation": 21,
      "user_id": 22758142,
      "user_type": "registered",
      "profile_image": "https://lh3.googleusercontent.com/a/ACg8ocJBxv_YVM0OxfZCX6_oCL2eoecRan-W56YW_WZ6AVBmng=k-s256",
      "display_name": "070 GANESHAN.M",
      "link": "https://stackoverflow.com/users/22758142/070-ganeshan-m"
    },
    "is_answered": true,
    "view_count": 10218,
    "answer_count": 4,
    "score": -1,
    "last_activity_date": 1733991638,
    "creation_date": 1709742838,
    "last_edit_date": 1709742951,
    "question_id": 78115995,
    "content_license": "CC BY-SA 4.0",
    "link": "https://stackoverflow.com/questions/78115995/hoe-to-fix-gradle-error-in-flutter-project",
    "title": "hoe to fix Gradle error in flutter project?",
    "body": "<p>PS M:\\login_page_official\\firebase_signin\\login_signin&gt; flutter run\nLaunching lib\\main.dart on sdk gphone64 x86 64 in debug mode...\ne: C:/Users/ganes/.gradle/caches/transforms-3/8bcc045eb4873c7d7cfabaaf6dc61958/transformed/jetified-play-services-measurement-api-21.5.1-api.jar!/META-INF/java.com.google.android.gmscore.integ.client.measurement_api_measurement_api.kotlin_module: Module was compiled with an incompatible version of Kotlin. The binary version\nof its metadata is 1.9.0, expected version is 1.7.1.</p>\n<p>FAILURE: Build failed with an exception.</p>\n<ul>\n<li>What went wrong:\nExecution failed for task ':app:compileDebugKotlin'.</li>\n</ul>\n<blockquote>\n<p>A failure occurred while executing org.jetbrains.kotlin.compilerRunner.GradleCompilerRunnerWithWorkers$GradleKotlinCompilerWorkAction\nCompilation error. See log for more details</p>\n</blockquote>\n<ul>\n<li>Try:</li>\n</ul>\n<blockquote>\n<p>Run with --stacktrace option to get the stack trace.\nRun with --info or --debug option to get more log output.\nRun with --scan to get full insights.</p>\n</blockquote>\n<ul>\n<li>Get more help at <a href=\"https://help.gradle.org\" rel=\"nofollow noreferrer\">https://help.gradle.org</a></li>\n</ul>\n<p>BUILD FAILED in 2m 59s\nRunning Gradle task 'assembleDebug'...                            181.7s</p>\n<p>┌─ Flutter Fix ──────────────────────────────────────────────────────────────────────\n│ [!] Your project requires a newer version of the Kotlin Gradle plugin.<br />\n│ Find the latest version on <a href=\"https://kotlinlang.org/docs/releases.html#release-details\" rel=\"nofollow noreferrer\">https://kotlinlang.org/docs/releases.html#release-details</a>, then update │\n│ M:\\login_page_official\\firebase_signin\\login_signin\\android\\build.gradle:<br />\n│ ext.kotlin_version = ''                                                           │\n└────────────────────────────────────────────────────────────────────\nError: Gradle task assembleDebug failed with exit code 1</p>\n<p>help me to clear this error</p>\n"
  },
  "answers": [],
  "question_comments": [],
  "answer_comments": {}
}