{
  "question": {
    "tags": [
      "java",
      "selenium-webdriver",
      "testing",
      "automation"
    ],
    "owner": {
      "account_id": 16420125,
      "reputation": 3,
      "user_id": 11861537,
      "user_type": "registered",
      "profile_image": "https://lh4.googleusercontent.com/-GWWH3mBjfj4/AAAAAAAAAAI/AAAAAAAAAA8/lmhz2goGlM8/s256-rj/photo.jpg",
      "display_name": "Aiswarya",
      "link": "https://stackoverflow.com/users/11861537/aiswarya"
    },
    "is_answered": true,
    "view_count": 435,
    "accepted_answer_id": 78216319,
    "answer_count": 2,
    "score": 0,
    "last_activity_date": 1729892386,
    "creation_date": 1711291344,
    "question_id": 78214927,
    "content_license": "CC BY-SA 4.0",
    "link": "https://stackoverflow.com/questions/78214927/exception-in-thread-main-java-lang-classcastexception-class-org-openqa-seleni",
    "title": "Exception in thread &quot;main&quot; java.lang.ClassCastException: class org.openqa.selenium.remote.ShadowRoot cannot be cast to class org.openqa.selenium.Web",
    "body": "<p>I had tried to write this program for Shadow DOM in selenium but I am getting this error. Any solutions as to how I can rectify this error.</p>\n<p>Tried different ways to rewrite the code and find where the error persists but still error occurs.</p>\n<p>Exception</p>\n<pre><code>Exception in thread &quot;main&quot; java.lang.ClassCastException: class org.openqa.selenium.remote.ShadowRoot cannot be cast to class org.openqa.selenium.WebElement (org.openqa.selenium.remote.ShadowRoot and org.openqa.selenium.WebElement are in unnamed module of loader 'app')\n    at practice.ShadowDomExample.main(ShadowDomExample.java:25)\n\nCODE\npackage practice;\n\nimport java.util.concurrent.TimeUnit;\nimport org.openqa.selenium.By;\nimport org.openqa.selenium.JavascriptExecutor;\nimport org.openqa.selenium.WebDriver;\nimport org.openqa.selenium.WebElement;\nimport org.openqa.selenium.chrome.ChromeDriver;\n\npublic class ShadowDomExample {\n\n    @SuppressWarnings(&quot;deprecation&quot;)\n    public static void main(String[] args) throws InterruptedException {\n        WebDriver driver = new ChromeDriver();\n        driver.manage().timeouts().implicitlyWait(20, TimeUnit.SECONDS);\n\n        driver.get(&quot;https://books-pwakit.appspot.com/&quot;);\n        driver.manage().window().maximize();\n\n        WebElement root_ShadowHost = driver.findElement(By.cssSelector(&quot;book-app[apptitle='BOOKS']&quot;));\n\n\n        JavascriptExecutor js = (JavascriptExecutor) driver;\n        WebElement shadowDOM = (WebElement) js.executeScript(&quot;return arguments[0].shadowRoot&quot;, root_ShadowHost);\n\n\n        WebElement appheader = shadowDOM.findElement(By.tagName(&quot;app-header&quot;));\n\n\n        WebElement apptoolbar = appheader.findElement(By.cssSelector(&quot;app-toolbar.toolbar-bottom&quot;));\n\n\n        WebElement bookinputdecorator = apptoolbar.findElement(By.tagName(&quot;book-input-decorator&quot;));\n\n        WebElement searchBox = (WebElement) js.executeScript(&quot;return arguments[0].querySelector(\\&quot;input[aria-label='Search Books']\\&quot;)&quot;, bookinputdecorator);\n\n        searchBox.sendKeys(&quot;Testing&quot;);\n\n        System.out.println(&quot;Succesfully typed into the search box &quot;);\n\n        driver.quit();\n    }\n}\n</code></pre>\n"
  },
  "answers": [],
  "question_comments": [],
  "answer_comments": {}
}