{
  "question": {
    "tags": [
      "java",
      "quarkus"
    ],
    "owner": {
      "account_id": 15947723,
      "reputation": 81,
      "user_id": 11507810,
      "user_type": "registered",
      "profile_image": "https://www.gravatar.com/avatar/25aaf704a0da1d3212ede9ff14f63f09?s=256&d=identicon&r=PG&f=y&so-version=2",
      "display_name": "Tanos",
      "link": "https://stackoverflow.com/users/11507810/tanos"
    },
    "is_answered": true,
    "view_count": 985,
    "answer_count": 1,
    "score": 1,
    "last_activity_date": 1761157224,
    "creation_date": 1712752019,
    "question_id": 78304421,
    "content_license": "CC BY-SA 4.0",
    "link": "https://stackoverflow.com/questions/78304421/bootstrapping-a-project-with-quarkus-doesnt-work",
    "title": "Bootstrapping a project with Quarkus doesn&#39;t work",
    "body": "<p>I'm new in the world of Java and Quarkus.\nAfter the install of Java and Maven on my laptop</p>\n<p>Apache Maven 3.9.6 (bc0240f3c744dd6b6ec2920b3cd08dcc295161ae)\nMaven home: /usr/local/apache-maven/apache-maven-3.9.6\nJava version: 11.0.22, vendor: Ubuntu, runtime: /usr/lib/jvm/java-11-openjdk-amd64\nDefault locale: en_US, platform encoding: UTF-8\nOS name: &quot;linux&quot;, version: &quot;5.15.0-101-generic&quot;, arch: &quot;amd64&quot;, family: &quot;unix&quot;</p>\n<p>I decided to create my first application.\nThe easiest way to create a new Quarkus project is run the command Maven:</p>\n<p><code>mvn io.quarkus.platform:quarkus-maven-plugin:3.9.2:create -DprojectGroupId=org.acme -DprojectArtifactId=getting-started -Dextensions='rest'</code></p>\n<p>But I have this problem:</p>\n<blockquote>\n<p>[INFO] Scanning for projects...\n[INFO]\n[INFO] ------------------&lt; org.apache.maven:standalone-pom &gt;-------------------\n[INFO] Building Maven Stub Project (No POM) 1\n[INFO] --------------------------------[ pom ]---------------------------------\n[INFO]\n[INFO] --- quarkus:3.9.2:create (default-cli) @ standalone-pom ---\n[WARNING] ClassRealm[plugin&gt;io.quarkus.platform:quarkus-maven-plugin:3.9.2, parent: jdk.internal.loader.ClassLoaders$AppClassLoader@55054057]\ncom.google.inject.CreationException: Unable to create injector, see the following errors:</p>\n<p>[Guice/MissingImplementation]: No implementation for QuarkusBootstrapProvider annotated with interface TypeArguments$Implicit was bound.</p>\n<p>Did you mean?\nQuarkusBootstrapProvider bound at LocatorWiring</p>\n<p>Requested by:\n1  : LocatorWiring</p>\n<p>Learn more:\n<a href=\"https://github.com/google/guice/wiki/MISSING_IMPLEMENTATION\" rel=\"nofollow noreferrer\">https://github.com/google/guice/wiki/MISSING_IMPLEMENTATION</a></p>\n<p>1 error</p>\n<h1>======================\nFull classname legend:</h1>\n<h1>LocatorWiring:            &quot;org.eclipse.sisu.wire.LocatorWiring&quot;\nQuarkusBootstrapProvider: &quot;io.quarkus.maven.QuarkusBootstrapProvider&quot;\nTypeArguments$Implicit:   &quot;org.eclipse.sisu.inject.TypeArguments$Implicit&quot;</h1>\n<h1>End of classname legend:</h1>\n<p>at com.google.inject.internal.Errors.throwCreationExceptionIfErrorsExist (Errors.java:576)\nat com.google.inject.internal.InternalInjectorCreator.initializeStatically (InternalInjectorCreator.java:163)\nat com.google.inject.internal.InternalInjectorCreator.build (InternalInjectorCreator.java:110)\nat com.google.inject.Guice.createInjector (Guice.java:87)\nat com.google.inject.Guice.createInjector (Guice.java:69)\nat com.google.inject.Guice.createInjector (Guice.java:59)\nat org.codehaus.plexus.DefaultPlexusContainer.addPlexusInjector (DefaultPlexusContainer.java:482)\nat org.codehaus.plexus.DefaultPlexusContainer.discoverComponents (DefaultPlexusContainer.java:461)\nat org.apache.maven.plugin.internal.DefaultMavenPluginManager.discoverPluginComponents (DefaultMavenPluginManager.java:410)\nat org.apache.maven.plugin.internal.DefaultMavenPluginManager.createPluginRealm (DefaultMavenPluginManager.java:392)\nat org.apache.maven.plugin.internal.DefaultMavenPluginManager.lambda$setupPluginRealm$1 (DefaultMavenPluginManager.java:340)\nat org.apache.maven.plugin.DefaultPluginRealmCache.lambda$get$0 (DefaultPluginRealmCache.java:156)\nat java.util.concurrent.ConcurrentHashMap.computeIfAbsent (ConcurrentHashMap.java:1705)\nat org.apache.maven.plugin.DefaultPluginRealmCache.get (DefaultPluginRealmCache.java:154)\nat org.apache.maven.plugin.internal.DefaultMavenPluginManager.setupPluginRealm (DefaultMavenPluginManager.java:339)\nat org.apache.maven.plugin.DefaultBuildPluginManager.getPluginRealm (DefaultBuildPluginManager.java:205)\nat org.apache.maven.plugin.DefaultBuildPluginManager.executeMojo (DefaultBuildPluginManager.java:98)\nat org.apache.maven.lifecycle.internal.MojoExecutor.doExecute2 (MojoExecutor.java:328)\nat org.apache.maven.lifecycle.internal.MojoExecutor.doExecute (MojoExecutor.java:316)\nat org.apache.maven.lifecycle.internal.MojoExecutor.execute (MojoExecutor.java:212)\nat org.apache.maven.lifecycle.internal.MojoExecutor.execute (MojoExecutor.java:174)\nat org.apache.maven.lifecycle.internal.MojoExecutor.access$000 (MojoExecutor.java:75)\nat org.apache.maven.lifecycle.internal.MojoExecutor$1.run (MojoExecutor.java:162)\nat org.apache.maven.plugin.DefaultMojosExecutionStrategy.execute (DefaultMojosExecutionStrategy.java:39)\nat org.apache.maven.lifecycle.internal.MojoExecutor.execute (MojoExecutor.java:159)\nat org.apache.maven.lifecycle.internal.LifecycleModuleBuilder.buildProject (LifecycleModuleBuilder.java:105)\nat org.apache.maven.lifecycle.internal.LifecycleModuleBuilder.buildProject (LifecycleModuleBuilder.java:73)\nat org.apache.maven.lifecycle.internal.builder.singlethreaded.SingleThreadedBuilder.build (SingleThreadedBuilder.java:53)\nat org.apache.maven.lifecycle.internal.LifecycleStarter.execute (LifecycleStarter.java:118)\nat org.apache.maven.DefaultMaven.doExecute (DefaultMaven.java:261)\nat org.apache.maven.DefaultMaven.doExecute (DefaultMaven.java:173)\nat org.apache.maven.DefaultMaven.execute (DefaultMaven.java:101)\nat org.apache.maven.cli.MavenCli.execute (MavenCli.java:906)\nat org.apache.maven.cli.MavenCli.doMain (MavenCli.java:283)\nat org.apache.maven.cli.MavenCli.main (MavenCli.java:206)\nat jdk.internal.reflect.NativeMethodAccessorImpl.invoke0 (Native Method)\nat jdk.internal.reflect.NativeMethodAccessorImpl.invoke (NativeMethodAccessorImpl.java:62)\nat jdk.internal.reflect.DelegatingMethodAccessorImpl.invoke (DelegatingMethodAccessorImpl.java:43)\nat java.lang.reflect.Method.invoke (Method.java:566)\nat org.codehaus.plexus.classworlds.launcher.Launcher.launchEnhanced (Launcher.java:283)\nat org.codehaus.plexus.classworlds.launcher.Launcher.launch (Launcher.java:226)\nat org.codehaus.plexus.classworlds.launcher.Launcher.mainWithExitCode (Launcher.java:407)\nat org.codehaus.plexus.classworlds.launcher.Launcher.main (Launcher.java:348)\n[INFO] ------------------------------------------------------------------------\n[INFO] BUILD FAILURE\n[INFO] ------------------------------------------------------------------------\n[INFO] Total time:  0.878 s\n[INFO] Finished at: 2024-04-10T14:07:45+02:00\n[INFO] ------------------------------------------------------------------------\n[ERROR] Failed to execute goal io.quarkus.platform:quarkus-maven-plugin:3.9.2:create (default-cli) on project standalone-pom: Execution default-cli of goal io.quarkus.platform:quarkus-maven-plugin:3.9.2:create failed: Unable to load the mojo 'create' (or one of its required components) from the plugin 'io.quarkus.platform:quarkus-maven-plugin:3.9.2': java.util.NoSuchElementException\n[ERROR]       role: org.apache.maven.plugin.Mojo\n[ERROR]   roleHint: io.quarkus.platform:quarkus-maven-plugin:3.9.2:create\n[ERROR] -&gt; [Help 1]\n[ERROR]\n[ERROR] To see the full stack trace of the errors, re-run Maven with the -e switch.\n[ERROR] Re-run Maven using the -X switch to enable full debug logging.\n[ERROR]\n[ERROR] For more information about the errors and possible solutions, please read the following articles:\n[ERROR] [Help 1] <a href=\"http://cwiki.apache.org/confluence/display/MAVEN/PluginContainerException\" rel=\"nofollow noreferrer\">http://cwiki.apache.org/confluence/display/MAVEN/PluginContainerException</a></p>\n</blockquote>\n<p>Could you please help me to understand the problem?\nThanks for your time</p>\n"
  },
  "answers": [],
  "question_comments": [],
  "answer_comments": {}
}