{
  "question": {
    "tags": [
      "java",
      "android",
      "reactjs",
      "react-native",
      "build.gradle"
    ],
    "owner": {
      "account_id": 31446420,
      "reputation": 11,
      "user_id": 24268897,
      "user_type": "registered",
      "profile_image": "https://www.gravatar.com/avatar/92b356d7a5eedcdb7aaa432b9a9e2460?s=256&d=identicon&r=PG&f=y&so-version=2",
      "display_name": "user24268897",
      "link": "https://stackoverflow.com/users/24268897/user24268897"
    },
    "is_answered": false,
    "view_count": 199,
    "answer_count": 1,
    "score": 1,
    "last_activity_date": 1724516487,
    "creation_date": 1712910318,
    "question_id": 78315024,
    "content_license": "CC BY-SA 4.0",
    "link": "https://stackoverflow.com/questions/78315024/build-failed-in-react-native-buildconfig-symbol-not-found",
    "title": "Build Failed in React Native. BuildConfig Symbol not found",
    "body": "<pre><code>\n</code></pre>\n<p>`BUILD FAILED in 27s</p>\n<p>error Failed to install the app. Make sure you have the Android development environment set up: <a href=\"https://reactnative.dev/docs/environment-setup\" rel=\"nofollow noreferrer\">https://reactnative.dev/docs/environment-setup</a>.\nError: Command failed: gradlew.bat app:installDebug -PreactNativeDevServerPort=8081\nC:\\authentication\\authentication\\android\\app\\src\\main\\java\\com\\authentication\\MainApplication.java:19: error: cannot find symbol\nreturn BuildConfig.DEBUG;\n^\nsymbol: variable BuildConfig\nC:\\authentication\\authentication\\android\\app\\src\\main\\java\\com\\authentication\\MainApplication.java:38: error: cannot find symbol\nreturn BuildConfig.IS_NEW_ARCHITECTURE_ENABLED;\n^\nsymbol: variable BuildConfig\nC:\\authentication\\authentication\\android\\app\\src\\main\\java\\com\\authentication\\MainApplication.java:43: error: cannot find symbol\nreturn BuildConfig.IS_HERMES_ENABLED;\n^\nsymbol: variable BuildConfig\nC:\\authentication\\authentication\\android\\app\\src\\main\\java\\com\\authentication\\MainApplication.java:56: error: cannot find symbol\n<code>    if (BuildConfig.IS_NEW_ARCHITECTURE_ENABLED) { ^ symbol:   variable BuildConfig locat</code>ion: class MainApplication\n4 errors</p>\n<p>`FAILURE: Build completed with 2 failures.</p>\n<h2>1: Task failed with an exception.</h2>\n<ul>\n<li>What went wrong:\nExecution failed for task ':app:compileDebugJavaWithJavac'.</li>\n</ul>\n<blockquote>\n<p>Compilation failed; see the compiler error output for details.</p>\n</blockquote>\n<ul>\n<li>Try:</li>\n</ul>\n<blockquote>\n<p>Run with --stacktrace option to get the stack trace.\nRun with --info or --debug option to get more log output.\nRun with --scan to get full insights.\n==============================================================================</p>\n</blockquote>\n<h2>2: Task failed with an exception.</h2>\n<ul>\n<li><p>What went wrong:\njava.lang.StackOverflowError (no error message)</p>\n</li>\n<li><p>Try:</p>\n</li>\n</ul>\n<blockquote>\n<p>Run with --stacktrace option to get the stack trace.\nRun with --info or --debug option to get more log output.\nRun with --scan to get full insights.\n==============================================================================</p>\n</blockquote>\n<ul>\n<li>Get more help at <a href=\"https://help.gradle.org\" rel=\"nofollow noreferrer\">https://help.gradle.org</a></li>\n</ul>\n<p>BUILD FAILED in 27s</p>\n<p>This is the error message.\nI am not developer of this project. Previous developer went to change the project name in /java/com/ directory.</p>\n<pre><code></code></pre>\n<p>This is the error message.\nI am not developer of this project. Previous developer went to change the project name in /java/com/ directory.</p>\n"
  },
  "answers": [],
  "question_comments": [],
  "answer_comments": {}
}