{
  "question": {
    "tags": [
      "java",
      "maven",
      "intellij-idea",
      "microservices",
      "quarkus"
    ],
    "owner": {
      "account_id": 31748509,
      "reputation": 46,
      "user_id": 24564047,
      "user_type": "registered",
      "profile_image": "https://www.gravatar.com/avatar/ce0457fe92e0375982dd88cd2eabd10e?s=256&d=identicon&r=PG&f=y&so-version=2",
      "display_name": "Samyog Adhikari",
      "link": "https://stackoverflow.com/users/24564047/samyog-adhikari"
    },
    "is_answered": true,
    "view_count": 1165,
    "accepted_answer_id": 78431574,
    "answer_count": 1,
    "score": 0,
    "last_activity_date": 1714899216,
    "creation_date": 1713801001,
    "last_edit_date": 1713882545,
    "question_id": 78367452,
    "content_license": "CC BY-SA 4.0",
    "link": "https://stackoverflow.com/questions/78367452/javax-enterprise-inject-spi-deploymentexception-after-quarkus-version-update-to",
    "title": "javax.enterprise.inject.spi.DeploymentException after quarkus version update to 3.0+",
    "body": "<p>I updated my quarkus version from 2.9.2.Final to 3.0.4.Final. Quarkus 2 was based on Jakarta EE 8. Quarkus 3 is based on Jakarta EE 10.</p>\n<p>The most visible change is that the javax.* packages from Jakarta EE have been moved to jakarta.<em>. This change requires changing any source code and dependency and its transitive dependencies that rely on the javax.</em> packages.</p>\n<p>After running the migration to version 3.0.4.Final I get the the following exception:</p>\n<p>org.apache.maven.lifecycle.LifecycleExecutionException: Failed to execute goal io.quarkus.platform:quarkus-maven-plugin:3.0.4.Final:build (default) on project : Execution default of goal io.quarkus.platform:quar\nkus-maven-plugin:3.0.4.Final:build failed: A required class was missing while executing io.quarkus.platform:quarkus-maven-plugin:3.0.4.Final:build: javax/enterprise/inject/spi/DeploymentException</p>\n<p>I tried removing .m2/repository and tried installing everything again but that did not help. I also tried to exclude javax.* as transitive dependency but that did not help either.</p>\n<p>Here is a bit of a stack trace:</p>\n<pre><code>[ERROR] Failed to execute goal io.quarkus.platform:quarkus-maven-plugin:3.9.4:build (default) on project &lt;redacted&gt;: Execution default of goal io.quarkus.platform:quarkus-maven-plugin:3.9.4:build failed: A required class \nwas missing while executing io.quarkus.platform:quarkus-maven-plugin:3.9.4:build: javax/enterprise/inject/spi/DeploymentException\n[ERROR] -----------------------------------------------------\n[ERROR] realm =    extension&gt;io.quarkus.platform:quarkus-maven-plugin:3.9.4\n[ERROR] strategy = \norg.codehaus.plexus.classworlds.strategy.SelfFirstStrategy\n</code></pre>\n"
  },
  "answers": [],
  "question_comments": [],
  "answer_comments": {}
}