{
  "question": {
    "tags": [
      "java",
      "android",
      "react-native",
      "gradle",
      "react-native-maps"
    ],
    "owner": {
      "account_id": 12499866,
      "reputation": 51,
      "user_id": 9098662,
      "user_type": "registered",
      "profile_image": "https://www.gravatar.com/avatar/775e255d2eba6f5e8951873ec66a6825?s=256&d=identicon&r=PG&f=y&so-version=2",
      "display_name": "Mradul Karmodiya",
      "link": "https://stackoverflow.com/users/9098662/mradul-karmodiya"
    },
    "is_answered": false,
    "view_count": 178,
    "answer_count": 1,
    "score": 0,
    "last_activity_date": 1717310879,
    "creation_date": 1716405949,
    "question_id": 78519625,
    "content_license": "CC BY-SA 4.0",
    "link": "https://stackoverflow.com/questions/78519625/com-airbnb-android-react-maps-does-not-exist-error-in-react-native-android",
    "title": "com.airbnb.android.react.maps does not exist error in react-native android",
    "body": "<p>I have a react-native app which has below dependencies.</p>\n<pre><code>&quot;react-native-maps&quot;: &quot;^1.15.1&quot;,\n&quot;react&quot;: &quot;17.0.2&quot;,\n&quot;react-native&quot;: &quot;^0.68.0&quot;,\n</code></pre>\n<p>when I try to run this app using <code>react-native run-android</code>, I get below error saying package com.airbnb.android.react.maps does not exist but I installed this package using npm/yarn.</p>\n<pre><code>&gt; Task :app:compileDebugJavaWithJavac\nWARNING: Using '--release' option could cause issues when using Android Gradle Plugin to compile sources with Java 9+. Instead, please set 'sourceCompatibility' and 'targetCompatibility' to the desired Java version, and set 'compileSdkVersion' to 30 or above. See https://developer.android.com/studio/releases/gradle-plugin#java-11\nD:\\RN\\RNAppWithAuth\\Lyfter\\android\\app\\src\\main\\java\\com\\lyfter\\MainApplication.java:17: error: package com.airbnb.android.react.maps does not exist\nimport com.airbnb.android.react.maps.MapsPackage;\n                                    ^\nD:\\RN\\RNAppWithAuth\\Lyfter\\android\\app\\src\\main\\java\\com\\lyfter\\MainApplication.java:25: error: cannot find symbol\n          return BuildConfig.DEBUG;\n                 ^\n  symbol: variable BuildConfig\nD:\\RN\\RNAppWithAuth\\Lyfter\\android\\app\\src\\main\\java\\com\\lyfter\\MainApplication.java:65: error: cannot find symbol\n    if (BuildConfig.DEBUG) {\n        ^\n  symbol:   variable BuildConfig\n  location: class MainApplication\nNote: D:\\RN\\RNAppWithAuth\\Lyfter\\android\\app\\src\\debug\\java\\com\\lyfter\\ReactNativeFlipper.java uses or overrides a deprecated API.\nNote: Recompile with -Xlint:deprecation for details.\n3 errors\n\n&gt; Task :app:compileDebugJavaWithJavac FAILED\n\nFAILURE: Build failed with an exception.\n\n* What went wrong:\nExecution failed for task ':app:compileDebugJavaWithJavac'.\n&gt; Compilation failed; see the compiler error output for details.\n\n* Try:\n&gt; Run with --info option to get more log output.\n&gt; Run with --scan to get full insights.```\n</code></pre>\n<p>I'm not sure why I'm getting this error and I'm not able to resolve this.</p>\n<p>I'm using below version of gradle and andorid gradle plugin</p>\n<p><code>distributionUrl=https\\://services.gradle.org/distributions/gradle-8.4-all.zip</code></p>\n<p><code>classpath(&quot;com.android.tools.build:gradle:8.3.1&quot;)</code></p>\n<p>Can anyone please help me with this? I have tried all that I could find but nothing worked. Been stuck on this for days.</p>\n<p>I tried some ways to fix this like by adding implementation line in dependencies but nothing worked</p>\n<p><code>implementation project(':react-native-maps')</code></p>\n"
  },
  "answers": [],
  "question_comments": [],
  "answer_comments": {}
}