{
  "question": {
    "tags": [
      "java",
      "compiler-errors",
      "nullpointerexception",
      "android-gradle-plugin",
      "android-appcompat"
    ],
    "owner": {
      "account_id": 21447325,
      "reputation": 327,
      "user_id": 15800558,
      "user_type": "registered",
      "profile_image": "https://lh3.googleusercontent.com/a-/AOh14Gis6cMw_aGeqtJh-9WXsiVtkOhZYPh5XN8eC42a=k-s256",
      "display_name": "Sarimm Chaudhry",
      "link": "https://stackoverflow.com/users/15800558/sarimm-chaudhry"
    },
    "is_answered": true,
    "view_count": 6304,
    "accepted_answer_id": 78608849,
    "answer_count": 2,
    "score": 5,
    "last_activity_date": 1766058983,
    "creation_date": 1717563046,
    "last_edit_date": 1718124338,
    "question_id": 78578794,
    "content_license": "CC BY-SA 4.0",
    "link": "https://stackoverflow.com/questions/78578794/execution-failed-for-task-appmergeextdexdebug-as-a-result-of-a-null-pointer",
    "title": "Execution failed for task &#39;:app:mergeExtDexDebug&#39; As A Result of A Null Pointer Exception",
    "body": "<p>I’m making an app that displays PDF's in android studio it loads the files and then displays them via an external library I haven't fully implemented the display feature as of yet mainly due to the fact that I have been receiving the following error when running my application</p>\n<p><code>Execution failed for task ':app:mergeExtDexDebug'.</code></p>\n<p>and the following Exception:</p>\n<p><code>java.lang.NullPointerException: Cannot invoke &quot;String.length()&quot; because &quot;&lt;parameter1&gt;&quot; is null</code></p>\n<p>So far I have only built out the initial features such as the Splash Screen, a main screen for the upload and one screen for the PDF display. I have added the part where the user can click the upload button and it will provide the Intent and standard PDF dialogue for android and receive the file. However when I test the code up until this point it gives me this error its quite weird and showed up abruptly as it didn’t show before and I suspect it has something to do with the config files.</p>\n<p>Here is the stack trace of the error:</p>\n<pre><code>Task :app:mergeExtDexDebug FAILED\n    AGPBI: {&quot;kind&quot;:&quot;error&quot;,&quot;text&quot;:&quot;java.lang.NullPointerException&quot;,&quot;sources&quot;:\n\n    Execution failed for task ':app:mergeExtDexDebug'.\n        &gt; Could not resolve all files for configuration ':app:debugRuntimeClasspath'.\n           &gt; Failed to transform appcompat-resources-1.7.0.aar (androidx.appcompat:appcompat-            \n      &gt; Execution failed for DexingNoClasspathTransform: \n         &gt; Error while dexing.\n   &gt; Failed to transform appcompat-1.7.0.aar (androidx.appcompat:appcompat:1.7.0) to match \n         &gt; Error while dexing.\n\n* Try:\n&gt; Run with --info or --debug option to get more log output.\n&gt; Run with --scan to get full insights.\n\n* Exception is:\norg.gradle.api.tasks.TaskExecutionException: Execution failed for task ':app:mergeExtDexDebug'.\n    \nCaused by: java.lang.NullPointerException\n</code></pre>\n<p>These are the gradle files</p>\n<p>App Level:</p>\n<pre><code>plugins {\nid 'com.android.application'\n}\n\nandroid {\nnamespace 'com.example.jurisscan'\ncompileSdk 34\n\ndefaultConfig {\n    applicationId &quot;com.example.jurisscan&quot;\n    minSdk 24\n    targetSdk 34\n    versionCode 1\n    versionName &quot;1.0&quot;\n\n    testInstrumentationRunner &quot;androidx.test.runner.AndroidJUnitRunner&quot;\n}\n\nbuildTypes {\n    release {\nminifyEnabled false\nproguardFiles getDefaultProguardFile('proguard-android-optimize.txt'), 'proguard-   rules.pro'\n    }\n}\n\nbuildFeatures {\n    viewBinding true\n}\n\ncompileOptions {\n    sourceCompatibility JavaVersion.VERSION_1_8\n    targetCompatibility JavaVersion.VERSION_1_8\n}\n}\n\ndependencies {\nimplementation 'androidx.appcompat:appcompat:1.7.0'\nimplementation 'com.google.android.material:material:1.12.0'\nimplementation 'androidx.constraintlayout:constraintlayout:2.1.4'\ntestImplementation 'junit:junit:4.13.2'\nandroidTestImplementation 'androidx.test.ext:junit:1.1.5'\nandroidTestImplementation 'androidx.test.espresso:espresso-core:3.5.1'\n}\n</code></pre>\n<p>Project Level:</p>\n<pre><code> // Top-level build file where you can add configuration common to all sub-projects/modules.\nplugins {\nid 'com.android.application' version '8.0.0' apply false\nid 'com.android.library' version '8.0.0' apply false\n}\n</code></pre>\n<p>Project Settings:</p>\n<pre><code>pluginManagement {\nrepositories {\n    google()\n    mavenCentral()\n    gradlePluginPortal()\n}\n}\ndependencyResolutionManagement {\nrepositoriesMode.set(RepositoriesMode.FAIL_ON_PROJECT_REPOS)\nrepositories {\n    google()\n    mavenCentral()\n}\n}\nrootProject.name = &quot;JurisScan&quot;\ninclude ':app'\n</code></pre>\n<p>From what I understood the stack trace showed that this was at its core some Null Pointer Exception somewhere in app-compact resources jar that occurs during the dexing process while the application build's. I tried fiddling with the config files updating the compile sdk's trying to clear caches and restart and rebuild a few times but nothing has worked as of yet.</p>\n<p>I have been stuck on this issue for some time now if anyone has any thoughts on something that might help would really appreciate it.</p>\n"
  },
  "answers": [],
  "question_comments": [],
  "answer_comments": {}
}