{
  "question": {
    "tags": [
      "java",
      "spring-boot",
      "spring-bean"
    ],
    "owner": {
      "account_id": 26023793,
      "reputation": 11,
      "user_id": 19731042,
      "user_type": "registered",
      "profile_image": "https://www.gravatar.com/avatar/137400836b7ec3c0032f529d8c9ab0f4?s=256&d=identicon&r=PG",
      "display_name": "Deepak Bhardwaj",
      "link": "https://stackoverflow.com/users/19731042/deepak-bhardwaj"
    },
    "is_answered": false,
    "view_count": 459,
    "answer_count": 1,
    "score": 1,
    "last_activity_date": 1721286773,
    "creation_date": 1717784398,
    "last_edit_date": 1721286773,
    "question_id": 78593499,
    "content_license": "CC BY-SA 4.0",
    "link": "https://stackoverflow.com/questions/78593499/spring-not-creating-beans-after-spring-boot-upgrade-to-3-x-from-2-7",
    "title": "Spring not creating beans after Spring boot upgrade to 3.x from 2.7",
    "body": "<p>I recently upgraded to Spring boot 3.0.12 from 2.7. But after doing the migration my integration tests are not running properly as they are missing spring beans. I started debug logging and it is not creating any beans.</p>\n<pre><code>@ExtendWith(SpringExtension.class)\n@org.springframework.test.context.TestPropertySource(locations = &quot;classpath:test.properties&quot;)\n@SpringBootTest(\n    classes = {\n            AbcContextProviderITConfiguration.class\n    },\n    webEnvironment = WebEnvironment.RANDOM_PORT,\n    properties = {\n        &quot;abc.app.id=testApp&quot;,\n        &quot;abc.api.version.major=1&quot;,\n        &quot;abc.app.web.validate_responses=false&quot;\n    })\n@EnableAutoConfiguration\npublic class AbcContextProviderIT {\n\n    @Autowired\n    AbcContextProviderImpl subject;\n\n    @Configuration\n    public static class AbcContextProviderITConfiguration {\n\n        @Bean\n        public ScheduledExecutorService decoratedExecutor(ThreadPoolFactory factory) {\n            return factory.newBuilder(&quot;test&quot;).buildScheduledExecutorService();\n        }\n    }\n\n    @Test\n    public void sampleTest() {\n      ...\n    }\n}\n</code></pre>\n<p>Error:</p>\n<pre><code>[INFO] -------------------------------------------------------\n[INFO]  T E S T S\n[INFO] -------------------------------------------------------\n[INFO] Running com.abc.impl.AbcContextProviderIT\n10:24:23.877 [main] DEBUG org.springframework.boot.test.context.SpringBootTestContextBootstrapper -- Neither @ContextConfiguration nor @ContextHierarchy found for test class [AbcContextProviderIT]: using SpringBootContextLoader\n10:24:23.882 [main] DEBUG org.springframework.test.context.support.AbstractContextLoader -- Could not detect default resource locations for test class [com.abc.impl.AbcContextProviderIT]: no resource found for suffixes {-context.xml, Context.groovy}.\n10:24:23.926 [main] DEBUG org.springframework.boot.test.context.SpringBootTestContextBootstrapper -- Using ContextCustomizers for test class [AbcContextProviderIT]: [ImportsContextCustomizer, ExcludeFilterContextCustomizer, DuplicateJsonObjectContextCustomizer, MockitoContextCustomizer, TestRestTemplateContextCustomizer, DisableObservabilityContextCustomizer, PropertyMappingContextCustomizer, WebDriverContextCustomizer]\n10:24:24.089 [main] DEBUG org.springframework.boot.test.context.SpringBootTestContextBootstrapper -- Using TestExecutionListeners for test class [AbcContextProviderIT]: [ServletTestExecutionListener, DirtiesContextBeforeModesTestExecutionListener, ApplicationEventsTestExecutionListener, MockitoTestExecutionListener, DependencyInjectionTestExecutionListener, MicrometerObservationRegistryTestExecutionListener, DirtiesContextTestExecutionListener, TransactionalTestExecutionListener, SqlScriptsTestExecutionListener, EventPublishingTestExecutionListener, ResetMocksTestExecutionListener, RestDocsTestExecutionListener, MockRestServiceServerResetTestExecutionListener, MockMvcPrintOnlyOnFailureTestExecutionListener, WebDriverTestExecutionListener, MockWebServiceServerTestExecutionListener]\n10:24:24.091 [main] DEBUG org.springframework.test.context.support.DirtiesContextBeforeModesTestExecutionListener -- Before test class: class [AbcContextProviderIT], class annotated with @DirtiesContext [false] with mode [null]\n10:24:24.106 [main] DEBUG org.springframework.test.context.support.DependencyInjectionTestExecutionListener -- Performing dependency injection for test class com.abc.impl.AbcContextProviderIT\n10:24:23,664 |-INFO in ch.qos.logback.classic.LoggerContext[default] - This is logback-classic version 1.4.11\n10:24:23,666 |-INFO in ch.qos.logback.classic.util.ContextInitializer@6124287a - No custom configurators were discovered as a service.\n10:24:23,666 |-INFO in ch.qos.logback.classic.util.ContextInitializer@6124287a - Trying to configure with ch.qos.logback.classic.joran.SerializedModelConfigurator\n10:24:23,667 |-INFO in ch.qos.logback.classic.util.ContextInitializer@6124287a - Constructed configurator of type class ch.qos.logback.classic.joran.SerializedModelConfigurator\n10:24:23,692 |-INFO in ch.qos.logback.classic.LoggerContext[default] - Could NOT find resource [logback-test.scmo]\n10:24:23,692 |-INFO in ch.qos.logback.classic.LoggerContext[default] - Could NOT find resource [logback.scmo]\n10:24:23,702 |-INFO in ch.qos.logback.classic.util.ContextInitializer@6124287a - ch.qos.logback.classic.joran.SerializedModelConfigurator.configure() call lasted 26 milliseconds. ExecutionStatus=INVOKE_NEXT_IF_ANY\n10:24:23,702 |-INFO in ch.qos.logback.classic.util.ContextInitializer@6124287a - Trying to configure with ch.qos.logback.classic.util.DefaultJoranConfigurator\n10:24:23,702 |-INFO in ch.qos.logback.classic.util.ContextInitializer@6124287a - Constructed configurator of type class ch.qos.logback.classic.util.DefaultJoranConfigurator\n10:24:23,703 |-INFO in ch.qos.logback.classic.LoggerContext[default] - Could NOT find resource [logback-test.xml]\n10:24:23,704 |-INFO in ch.qos.logback.classic.LoggerContext[default] - Could NOT find resource [logback.xml]\n10:24:23,704 |-INFO in ch.qos.logback.classic.util.ContextInitializer@6124287a - ch.qos.logback.classic.util.DefaultJoranConfigurator.configure() call lasted 2 milliseconds. ExecutionStatus=INVOKE_NEXT_IF_ANY\n10:24:23,704 |-INFO in ch.qos.logback.classic.util.ContextInitializer@6124287a - Trying to configure with ch.qos.logback.classic.BasicConfigurator\n10:24:23,706 |-INFO in ch.qos.logback.classic.util.ContextInitializer@6124287a - Constructed configurator of type class ch.qos.logback.classic.BasicConfigurator\n10:24:23,706 |-INFO in ch.qos.logback.classic.BasicConfigurator@19569ebd - Setting up default configuration.\n10:24:23,736 |-INFO in ch.qos.logback.classic.util.ContextInitializer@6124287a - ch.qos.logback.classic.BasicConfigurator.configure() call lasted 30 milliseconds. ExecutionStatus=NEUTRAL\n10:24:24,458 |-INFO in ch.qos.logback.core.joran.spi.ConfigurationWatchList@4632cfc - URL [jar:file:/Users/xyz/.m2/repository/com/sconems/scone-starter-logging-json/9.2.4/scone-starter-logging-json-9.2.4.jar!/logback-spring.xml] is not of type file\n10:24:24,532 |-WARN in ch.qos.logback.core.joran.action.IncludeAction - Could not find resource corresponding to [logback.custom.config_IS_UNDEFINED]\n10:24:24,538 |-WARN in IfNestedWithinSecondPhaseElementSC - &lt;if&gt; elements cannot be nested within an &lt;appender&gt;, &lt;logger&gt; or &lt;root&gt; element\n10:24:24,538 |-WARN in IfNestedWithinSecondPhaseElementSC - See also http://logback.qos.ch/codes.html#nested_if_element\n10:24:24,545 |-WARN in IfNestedWithinSecondPhaseElementSC - Element &lt;appender&gt; at line 47 contains a nested &lt;if&gt; element at line 52\n10:24:24,545 |-WARN in IfNestedWithinSecondPhaseElementSC - Element &lt;appender&gt; at line 89 contains a nested &lt;if&gt; element at line 90\n10:24:24,545 |-WARN in IfNestedWithinSecondPhaseElementSC - Element &lt;appender&gt; at line 89 contains a nested &lt;if&gt; element at line 99\n10:24:24,545 |-WARN in IfNestedWithinSecondPhaseElementSC - Element &lt;appender&gt; at line 89 contains a nested &lt;if&gt; element at line 116\n10:24:24,836 |-INFO in ch.qos.logback.core.model.processor.conditional.IfModelHandler - Condition [property(&quot;isDevelopment&quot;).equals(&quot;false&quot;) &amp;&amp; !property(&quot;logging.enabled&quot;).toLowerCase().equals(&quot;false&quot;)] evaluated to false on line 45\n10:24:24,840 |-INFO in ch.qos.logback.core.model.processor.conditional.IfModelHandler - Condition [!property(&quot;file.enabled&quot;).toLowerCase().equals(&quot;false&quot;)] evaluated to false on line 87\n10:24:24,841 |-INFO in ch.qos.logback.core.model.processor.DefaultProcessor@6e1f8469 - End of configuration.\n10:24:24,841 |-INFO in org.springframework.boot.logging.logback.SpringBootJoranConfigurator@2e380628 - Registering current configuration as safe fallback point\n\n\n  .   ____          _            __ _ _\n /\\\\ / ___'_ __ _ _(_)_ __  __ _ \\ \\ \\ \\\n( ( )\\___ | '_ | '_| | '_ \\/ _` | \\ \\ \\ \\\n \\\\/  ___)| |_)| | | | | || (_| |  ) ) ) )\n  '  |____| .__|_| |_|_| |_\\__, | / / / /\n =========|_|==============|___/=/_/_/_/\n :: Spring Boot ::               (v3.0.13)\n\n\n============================\nCONDITIONS EVALUATION REPORT\n============================\n\n\nPositive matches:\n-----------------\n\n    None\n\n\nNegative matches:\n-----------------\n\n    None\n\n\nExclusions:\n-----------\n\n    None\n\n\nUnconditional classes:\n----------------------\n\n    None\n\n[ERROR] Tests run: 1, Failures: 0, Errors: 1, Skipped: 0, Time elapsed: 5.334 s &lt;&lt;&lt; FAILURE! - in com.abc.impl.AbcContextProviderIT\n[ERROR] com.abc.impl.AbcContextProviderIT.testStackedContext  Time elapsed: 0.007 s  &lt;&lt;&lt; ERROR!\njava.lang.IllegalStateException: Failed to load ApplicationContext for [WebMergedContextConfiguration@586cc15d testClass = com.abc.impl.AbcContextProviderIT, locations = [], classes = [com.abc.impl.AbcContextProviderIT.AbcContextProviderITConfiguration], contextInitializerClasses = [], activeProfiles = [], propertySourceLocations = [&quot;classpath:test.properties&quot;], propertySourceProperties = [&quot;abc.app.id=testApp&quot;, &quot;abc.api.version.major=1&quot;, &quot;abc.app.web.validate_responses=false&quot;, &quot;org.springframework.boot.test.context.SpringBootTestContextBootstrapper=true&quot;, &quot;server.port=0&quot;], contextCustomizers = [[ImportsContextCustomizer@6c835217 key = [@org.springframework.boot.test.context.SpringBootTest(args={}, classes={com.abc.impl.AbcContextProviderIT.AbcContextProviderITConfiguration.class}, properties={&quot;abc.app.id=testApp&quot;, &quot;abc.api.version.major=1&quot;, &quot;abc.app.web.validate_responses=false&quot;}, useMainMethod=NEVER, value={&quot;abc.app.id=testApp&quot;, &quot;abc.api.version.major=1&quot;, &quot;abc.app.web.validate_responses=false&quot;}, webEnvironment=RANDOM_PORT), @org.apiguardian.api.API(consumers={&quot;*&quot;}, since=&quot;5.0&quot;, status=STABLE), @org.springframework.test.context.TestPropertySource(inheritLocations=true, inheritProperties=true, locations={&quot;classpath:test.properties&quot;}, properties={}, value={&quot;classpath:test.properties&quot;}), @org.springframework.test.context.BootstrapWith(org.springframework.boot.test.context.SpringBootTestContextBootstrapper.class), @org.springframework.boot.autoconfigure.EnableAutoConfiguration(excludeName={}, exclude={}), @org.springframework.context.annotation.Import({org.springframework.boot.autoconfigure.AutoConfigurationPackages$Registrar.class}), @org.springframework.context.annotation.Import({org.springframework.boot.autoconfigure.AutoConfigurationImportSelector.class}), @org.springframework.boot.autoconfigure.AutoConfigurationPackage(basePackages={}, basePackageClasses={})]], org.springframework.boot.test.context.filter.ExcludeFilterContextCustomizer@6e01f9b0, org.springframework.boot.test.json.DuplicateJsonObjectContextCustomizerFactory$DuplicateJsonObjectContextCustomizer@59d4cd39, org.springframework.boot.test.mock.mockito.MockitoContextCustomizer@0, org.springframework.boot.test.web.client.TestRestTemplateContextCustomizer@7cb502c, org.springframework.boot.test.autoconfigure.actuate.observability.ObservabilityContextCustomizerFactory$DisableObservabilityContextCustomizer@1f, org.springframework.boot.test.autoconfigure.properties.PropertyMappingContextCustomizer@0, org.springframework.boot.test.autoconfigure.web.servlet.WebDriverContextCustomizer@2812b107, org.springframework.boot.test.context.SpringBootTestAnnotation@9d1476c8], resourceBasePath = &quot;src/main/webapp&quot;, contextLoader = org.springframework.boot.test.context.SpringBootContextLoader, parent = null]\n    at org.springframework.test.context.cache.DefaultCacheAwareContextLoaderDelegate.loadContext(DefaultCacheAwareContextLoaderDelegate.java:143)\n    at org.springframework.test.context.support.DefaultTestContext.getApplicationContext(DefaultTestContext.java:127)\n    at org.springframework.test.context.support.DependencyInjectionTestExecutionListener.injectDependencies(DependencyInjectionTestExecutionListener.java:141)\n    at org.springframework.test.context.support.DependencyInjectionTestExecutionListener.prepareTestInstance(DependencyInjectionTestExecutionListener.java:97)\n    at org.springframework.test.context.TestContextManager.prepareTestInstance(TestContextManager.java:241)\n    at org.springframework.test.context.junit.jupiter.SpringExtension.postProcessTestInstance(SpringExtension.java:138)\n    at org.junit.jupiter.engine.descriptor.ClassBasedTestDescriptor.lambda$invokeTestInstancePostProcessors$10(ClassBasedTestDescriptor.java:377)\n    at org.junit.jupiter.engine.descriptor.ClassBasedTestDescriptor.executeAndMaskThrowable(ClassBasedTestDescriptor.java:382)\n    at org.junit.jupiter.engine.descriptor.ClassBasedTestDescriptor.lambda$invokeTestInstancePostProcessors$11(ClassBasedTestDescriptor.java:377)\n    at java.base/java.util.stream.ReferencePipeline$3$1.accept(ReferencePipeline.java:197)\n    at java.base/java.util.stream.ReferencePipeline$2$1.accept(ReferencePipeline.java:179)\n    at java.base/java.util.ArrayList$ArrayListSpliterator.forEachRemaining(ArrayList.java:1625)\n    at java.base/java.util.stream.AbstractPipeline.copyInto(AbstractPipeline.java:509)\n    at java.base/java.util.stream.AbstractPipeline.wrapAndCopyInto(AbstractPipeline.java:499)\n    at java.base/java.util.stream.StreamSpliterators$WrappingSpliterator.forEachRemaining(StreamSpliterators.java:310)\n    at java.base/java.util.stream.Streams$ConcatSpliterator.forEachRemaining(Streams.java:735)\n    at java.base/java.util.stream.Streams$ConcatSpliterator.forEachRemaining(Streams.java:734)\n    at java.base/java.util.stream.ReferencePipeline$Head.forEach(ReferencePipeline.java:762)\n    at org.junit.jupiter.engine.descriptor.ClassBasedTestDescriptor.invokeTestInstancePostProcessors(ClassBasedTestDescriptor.java:376)\n    at org.junit.jupiter.engine.descriptor.ClassBasedTestDescriptor.lambda$instantiateAndPostProcessTestInstance$6(ClassBasedTestDescriptor.java:289)\n    at org.junit.platform.engine.support.hierarchical.ThrowableCollector.execute(ThrowableCollector.java:73)\n    at org.junit.jupiter.engine.descriptor.ClassBasedTestDescriptor.instantiateAndPostProcessTestInstance(ClassBasedTestDescriptor.java:288)\n    at org.junit.jupiter.engine.descriptor.ClassBasedTestDescriptor.lambda$testInstancesProvider$4(ClassBasedTestDescriptor.java:278)\n    at java.base/java.util.Optional.orElseGet(Optional.java:364)\n    at org.junit.jupiter.engine.descriptor.ClassBasedTestDescriptor.lambda$testInstancesProvider$5(ClassBasedTestDescriptor.java:277)\n    at org.junit.jupiter.engine.execution.TestInstancesProvider.getTestInstances(TestInstancesProvider.java:31)\n    at org.junit.jupiter.engine.descriptor.TestMethodTestDescriptor.lambda$prepare$0(TestMethodTestDescriptor.java:105)\n    at org.junit.platform.engine.support.hierarchical.ThrowableCollector.execute(ThrowableCollector.java:73)\n    at org.junit.jupiter.engine.descriptor.TestMethodTestDescriptor.prepare(TestMethodTestDescriptor.java:104)\n    at org.junit.jupiter.engine.descriptor.TestMethodTestDescriptor.prepare(TestMethodTestDescriptor.java:68)\n    at org.junit.platform.engine.support.hierarchical.NodeTestTask.lambda$prepare$2(NodeTestTask.java:123)\n    at org.junit.platform.engine.support.hierarchical.ThrowableCollector.execute(ThrowableCollector.java:73)\n    at org.junit.platform.engine.support.hierarchical.NodeTestTask.prepare(NodeTestTask.java:123)\n    at org.junit.platform.engine.support.hierarchical.NodeTestTask.execute(NodeTestTask.java:90)\n    at java.base/java.util.ArrayList.forEach(ArrayList.java:1511)\n    at org.junit.platform.engine.support.hierarchical.SameThreadHierarchicalTestExecutorService.invokeAll(SameThreadHierarchicalTestExecutorService.java:41)\n    at org.junit.platform.engine.support.hierarchical.NodeTestTask.lambda$executeRecursively$6(NodeTestTask.java:155)\n    at org.junit.platform.engine.support.hierarchical.ThrowableCollector.execute(ThrowableCollector.java:73)\n    at org.junit.platform.engine.support.hierarchical.NodeTestTask.lambda$executeRecursively$8(NodeTestTask.java:141)\n    at org.junit.platform.engine.support.hierarchical.Node.around(Node.java:137)\n    at org.junit.platform.engine.support.hierarchical.NodeTestTask.lambda$executeRecursively$9(NodeTestTask.java:139)\n    at org.junit.platform.engine.support.hierarchical.ThrowableCollector.execute(ThrowableCollector.java:73)\n    at org.junit.platform.engine.support.hierarchical.NodeTestTask.executeRecursively(NodeTestTask.java:138)\n    at org.junit.platform.engine.support.hierarchical.NodeTestTask.execute(NodeTestTask.java:95)\n    at java.base/java.util.ArrayList.forEach(ArrayList.java:1511)\n    at org.junit.platform.engine.support.hierarchical.SameThreadHierarchicalTestExecutorService.invokeAll(SameThreadHierarchicalTestExecutorService.java:41)\n    at org.junit.platform.engine.support.hierarchical.NodeTestTask.lambda$executeRecursively$6(NodeTestTask.java:155)\n    at org.junit.platform.engine.support.hierarchical.ThrowableCollector.execute(ThrowableCollector.java:73)\n    at org.junit.platform.engine.support.hierarchical.NodeTestTask.lambda$executeRecursively$8(NodeTestTask.java:141)\n    at org.junit.platform.engine.support.hierarchical.Node.around(Node.java:137)\n    at org.junit.platform.engine.support.hierarchical.NodeTestTask.lambda$executeRecursively$9(NodeTestTask.java:139)\n    at org.junit.platform.engine.support.hierarchical.ThrowableCollector.execute(ThrowableCollector.java:73)\n    at org.junit.platform.engine.support.hierarchical.NodeTestTask.executeRecursively(NodeTestTask.java:138)\n    at org.junit.platform.engine.support.hierarchical.NodeTestTask.execute(NodeTestTask.java:95)\n    at org.junit.platform.engine.support.hierarchical.SameThreadHierarchicalTestExecutorService.submit(SameThreadHierarchicalTestExecutorService.java:35)\n    at org.junit.platform.engine.support.hierarchical.HierarchicalTestExecutor.execute(HierarchicalTestExecutor.java:57)\n    at org.junit.platform.engine.support.hierarchical.HierarchicalTestEngine.execute(HierarchicalTestEngine.java:54)\n    at org.junit.platform.launcher.core.EngineExecutionOrchestrator.execute(EngineExecutionOrchestrator.java:147)\n    at org.junit.platform.launcher.core.EngineExecutionOrchestrator.execute(EngineExecutionOrchestrator.java:127)\n    at org.junit.platform.launcher.core.EngineExecutionOrchestrator.execute(EngineExecutionOrchestrator.java:90)\n    at org.junit.platform.launcher.core.EngineExecutionOrchestrator.lambda$execute$0(EngineExecutionOrchestrator.java:55)\n    at org.junit.platform.launcher.core.EngineExecutionOrchestrator.withInterceptedStreams(EngineExecutionOrchestrator.java:102)\n    at org.junit.platform.launcher.core.EngineExecutionOrchestrator.execute(EngineExecutionOrchestrator.java:54)\n    at org.junit.platform.launcher.core.DefaultLauncher.execute(DefaultLauncher.java:114)\n    at org.junit.platform.launcher.core.DefaultLauncher.execute(DefaultLauncher.java:86)\n    at org.junit.platform.launcher.core.DefaultLauncherSession$DelegatingLauncher.execute(DefaultLauncherSession.java:86)\n    at org.apache.maven.surefire.junitplatform.LazyLauncher.execute(LazyLauncher.java:50)\n    at org.apache.maven.surefire.junitplatform.JUnitPlatformProvider.execute(JUnitPlatformProvider.java:184)\n    at org.apache.maven.surefire.junitplatform.JUnitPlatformProvider.invokeAllTests(JUnitPlatformProvider.java:148)\n    at org.apache.maven.surefire.junitplatform.JUnitPlatformProvider.invoke(JUnitPlatformProvider.java:120)\n    at org.apache.maven.surefire.booter.ForkedBooter.runSuitesInProcess(ForkedBooter.java:385)\n    at org.apache.maven.surefire.booter.ForkedBooter.execute(ForkedBooter.java:162)\n    at org.apache.maven.surefire.booter.ForkedBooter.run(ForkedBooter.java:507)\n    at org.apache.maven.surefire.booter.ForkedBooter.main(ForkedBooter.java:495)\nCaused by: org.springframework.beans.factory.UnsatisfiedDependencyException: Error creating bean with name 'contextScopes' defined in class path resource [com/abc/v2/platform/context/impl/ContextAutoConfiguration.class]: Unsatisfied dependency expressed through method 'contextScopes' parameter 0: No qualifying bean of type 'javax.inject.Provider&lt;com.abc.AbcContextProvider&gt;' available: expected at least 1 bean which qualifies as autowire candidate. Dependency annotations: {}\n    at org.springframework.beans.factory.support.ConstructorResolver.createArgumentArray(ConstructorResolver.java:801)\n    at org.springframework.beans.factory.support.ConstructorResolver.instantiateUsingFactoryMethod(ConstructorResolver.java:545)\n    at org.springframework.beans.factory.support.AbstractAutowireCapableBeanFactory.instantiateUsingFactoryMethod(AbstractAutowireCapableBeanFactory.java:1332)\n    at org.springframework.beans.factory.support.AbstractAutowireCapableBeanFactory.createBeanInstance(AbstractAutowireCapableBeanFactory.java:1162)\n    at org.springframework.beans.factory.support.AbstractAutowireCapableBeanFactory.doCreateBean(AbstractAutowireCapableBeanFactory.java:560)\n    at org.springframework.beans.factory.support.AbstractAutowireCapableBeanFactory.createBean(AbstractAutowireCapableBeanFactory.java:520)\n    at org.springframework.beans.factory.support.AbstractBeanFactory.lambda$doGetBean$0(AbstractBeanFactory.java:325)\n    at org.springframework.beans.factory.support.DefaultSingletonBeanRegistry.getSingleton(DefaultSingletonBeanRegistry.java:234)\n    at org.springframework.beans.factory.support.AbstractBeanFactory.doGetBean(AbstractBeanFactory.java:323)\n    at org.springframework.beans.factory.support.AbstractBeanFactory.getBean(AbstractBeanFactory.java:204)\n    at org.springframework.context.support.PostProcessorRegistrationDelegate.invokeBeanFactoryPostProcessors(PostProcessorRegistrationDelegate.java:191)\n    at org.springframework.context.support.AbstractApplicationContext.invokeBeanFactoryPostProcessors(AbstractApplicationContext.java:779)\n    at org.springframework.context.support.AbstractApplicationContext.refresh(AbstractApplicationContext.java:597)\n    at org.springframework.boot.web.servlet.context.ServletWebServerApplicationContext.refresh(ServletWebServerApplicationContext.java:146)\n    at org.springframework.boot.SpringApplication.refresh(SpringApplication.java:733)\n    at org.springframework.boot.SpringApplication.refreshContext(SpringApplication.java:435)\n    at org.springframework.boot.SpringApplication.run(SpringApplication.java:311)\n    at org.springframework.boot.test.context.SpringBootContextLoader.lambda$loadContext$3(SpringBootContextLoader.java:137)\n    at org.springframework.util.function.ThrowingSupplier.get(ThrowingSupplier.java:58)\n    at org.springframework.util.function.ThrowingSupplier.get(ThrowingSupplier.java:46)\n    at org.springframework.boot.SpringApplication.withHook(SpringApplication.java:1385)\n    at org.springframework.boot.test.context.SpringBootContextLoader$ContextLoaderHook.run(SpringBootContextLoader.java:545)\n    at org.springframework.boot.test.context.SpringBootContextLoader.loadContext(SpringBootContextLoader.java:137)\n    at org.springframework.boot.test.context.SpringBootContextLoader.loadContext(SpringBootContextLoader.java:108)\n    at org.springframework.test.context.cache.DefaultCacheAwareContextLoaderDelegate.loadContextInternal(DefaultCacheAwareContextLoaderDelegate.java:187)\n    at org.springframework.test.context.cache.DefaultCacheAwareContextLoaderDelegate.loadContext(DefaultCacheAwareContextLoaderDelegate.java:119)\n    ... 73 more\nCaused by: org.springframework.beans.factory.NoSuchBeanDefinitionException: No qualifying bean of type 'javax.inject.Provider&lt;com.abc.AbcContextProvider&gt;' available: expected at least 1 bean which qualifies as autowire candidate. Dependency annotations: {}\n    at org.springframework.beans.factory.support.DefaultListableBeanFactory.raiseNoMatchingBeanFound(DefaultListableBeanFactory.java:1824)\n    at org.springframework.beans.factory.support.DefaultListableBeanFactory.doResolveDependency(DefaultListableBeanFactory.java:1383)\n    at org.springframework.beans.factory.support.DefaultListableBeanFactory.resolveDependency(DefaultListableBeanFactory.java:1337)\n    at org.springframework.beans.factory.support.ConstructorResolver.resolveAutowiredArgument(ConstructorResolver.java:910)\n    at org.springframework.beans.factory.support.ConstructorResolver.createArgumentArray(ConstructorResolver.java:788)\n    ... 98 more\n</code></pre>\n<p>I tried going through all the Spring migration documentation and enable debug logs to see why is it happening, but was not able to figure this out.</p>\n"
  },
  "answers": [],
  "question_comments": [],
  "answer_comments": {}
}