{
  "question": {
    "tags": [
      "java",
      "android",
      "reactjs",
      "gradle"
    ],
    "owner": {
      "account_id": 33706026,
      "reputation": 1,
      "user_id": 26105865,
      "user_type": "registered",
      "profile_image": "https://www.gravatar.com/avatar/a052dc7a8ac2e879229e114f34c80b17?s=256&d=identicon&r=PG&f=y&so-version=2",
      "display_name": "damian wayne",
      "link": "https://stackoverflow.com/users/26105865/damian-wayne"
    },
    "is_answered": false,
    "view_count": 2601,
    "answer_count": 1,
    "score": -1,
    "last_activity_date": 1727848183,
    "creation_date": 1720186017,
    "question_id": 78711727,
    "content_license": "CC BY-SA 4.0",
    "link": "https://stackoverflow.com/questions/78711727/gradle-run-build-issue-while-trying-to-run-an-android-app",
    "title": "Gradle run/build issue while trying to run an android app",
    "body": "<p>Could not run phased build action using connection to Gradle distribution 'https://services.gradle.org/distributions/gradle-8.6-all.zip'.\njava.lang.RuntimeException: org.gradle.api.internal.catalog.GeneratedClassCompilationException: No Java compiler found, please ensure you are running Gradle with a JDK\norg.gradle.api.internal.catalog.GeneratedClassCompilationException: No Java compiler found, please ensure you are running Gradle with a JDK\nNo Java compiler found, please ensure you are running Gradle with a JDK</p>\n<p>Error code i'm getting, I'm not sure what the problem is. I've set the JAVA_HOME path and path to jdk 22 and it still won't build.</p>\n"
  },
  "answers": [],
  "question_comments": [],
  "answer_comments": {}
}