{
  "question": {
    "tags": [
      "java",
      "android",
      "android-studio"
    ],
    "owner": {
      "account_id": 34163207,
      "reputation": 11,
      "user_id": 26419679,
      "user_type": "registered",
      "profile_image": "https://www.gravatar.com/avatar/a50250ed03484be24331ed0c32b2cebf?s=256&d=identicon&r=PG&f=y&so-version=2",
      "display_name": "Subrath kumar",
      "link": "https://stackoverflow.com/users/26419679/subrath-kumar"
    },
    "is_answered": false,
    "view_count": 327,
    "answer_count": 1,
    "score": 1,
    "last_activity_date": 1728930438,
    "creation_date": 1724062278,
    "last_edit_date": 1724162898,
    "question_id": 78887376,
    "content_license": "CC BY-SA 4.0",
    "link": "https://stackoverflow.com/questions/78887376/cant-build-app-bundle-for-android-project-from-terminal",
    "title": "can&#39;t build app bundle for android project from terminal",
    "body": "<pre><code>./gradlew bundleRelease throws\nFAILURE: Build failed with an exception.\n\n* What went wrong:\nA problem occurred configuring root project 'Data Fielder'.\n&gt; Could not resolve all artifacts for configuration ':classpath'.\n   &gt; Could not resolve com.google.firebase:firebase-crashlytics-gradle:3.0.2.\n     Required by:\n         project : &gt; com.google.firebase.crashlytics:com.google.firebase.crashlytics.gradle.plugin:3.0.2\n      &gt; No matching variant of com.google.firebase:firebase-crashlytics-gradle:3.0.2 was found. The consumer was configured to find a library for use during runtime, compatible with Java 11, packaged as a jar, and its dependencies declared externally, as well as attribute 'org.gradle.plugin.api-version' with value '8.7' but:\n          - Variant 'apiElements' declares a library, packaged as a jar, and its dependencies declared externally:\n              - Incompatible because this component declares a component for use during compile-time, compatible with Java 17 and the consumer needed a component for use during runtime, compatible with Java 11\n              - Other compatible attribute:\n                  - Doesn't say anything about org.gradle.plugin.api-version (required '8.7')\n          - Variant 'runtimeElements' declares a library for use during runtime, packaged as a jar, and its dependencies declared externally:\n              - Incompatible because this component declares a component, compatible with Java 17 and the consumer needed a component, compatible with Java 11\n              - Other compatible attribute:\n                  - Doesn't say anything about org.gradle.plugin.api-version (required '8.7')\n          - Variant 'sourcesElements' declares a component for use during runtime, and its dependencies declared externally:\n              - Incompatible because this component declares documentation and the consumer needed a library\n              - Other compatible attributes:\n                  - Doesn't say anything about its elements (required them packaged as a jar)\n                  - Doesn't say anything about its target Java version (required compatibility with Java 11)\n                  - Doesn't say anything about org.gradle.plugin.api-version (required '8.7')\n\n* Try:\n&gt; Review the variant matching algorithm at https://docs.gradle.org/8.7/userguide/variant_attributes.html#sec:abm_algorithm.\n&gt; No matching variant errors are explained in more detail at https://docs.gradle.org/8.7/userguide/variant_model.html#sub:variant-no-match.\n&gt; Run with --stacktrace option to get the stack trace.\n&gt; Run with --info or --debug option to get more log output.\n&gt; Run with --scan to get full insights.\n&gt; Get more help at https://help.gradle.org.\n\nBUILD FAILED in 679ms\n\ngradle version : ./gradlew --version\nGradle 8.7\njava version : java -version\nopenjdk version &quot;11.0.24&quot; 2024-07-16\n</code></pre>\n"
  },
  "answers": [],
  "question_comments": [],
  "answer_comments": {}
}