{
  "question": {
    "tags": [
      "java",
      "maven",
      "quarkus"
    ],
    "owner": {
      "account_id": 31171290,
      "reputation": 21,
      "user_id": 23977949,
      "user_type": "registered",
      "profile_image": "https://www.gravatar.com/avatar/320a92ccf278b9b2bcfce4025199f266?s=256&d=identicon&r=PG&f=y&so-version=2",
      "display_name": "Ishani",
      "link": "https://stackoverflow.com/users/23977949/ishani"
    },
    "is_answered": false,
    "view_count": 147,
    "answer_count": 0,
    "score": 2,
    "last_activity_date": 1727084582,
    "creation_date": 1727083906,
    "last_edit_date": 1727084582,
    "question_id": 79014012,
    "content_license": "CC BY-SA 4.0",
    "link": "https://stackoverflow.com/questions/79014012/quarkus-create-project-build-issue",
    "title": "Quarkus Create Project Build issue",
    "body": "<p>I have JDK 11 &amp; Apache Maven 3.9.9. I'm trying to run the Maven command given below:</p>\n<pre><code>mvn -U io.quarkus:quarkus-maven-plugin:create   -DprojectGroupId=org.agoncal.quarkus.starting  -DprojectArtifactId=rest-book -DclassName=&quot;org.agoncal.quarkus.starting.BookResource&quot;  -Dpath=&quot;/api/books&quot;  -Dextensions=&quot;resteasy-jsonb&quot; \n</code></pre>\n<p>Getting this build error after running the above Maven command:</p>\n<pre><code>[ERROR] [ERROR] Some problems were encountered while processing the POMs:\n[ERROR] Unresolveable build extension: Plugin io.quarkus.platform:quarkus-maven-plugin:3.14.4 or one of its dependencies could not be resolved:\n        Failed to read artifact descriptor for io.quarkus.platform:quarkus-maven-plugin:jar:3.14.4\n @ \n[ERROR] Non-resolvable import POM: The following artifacts could not be resolved: io.quarkus.platform:quarkus-bom:pom:3.14.4 (absent): Could not transfer artifact io.quarkus.platform:quarkus-bom:pom:3.14.4 from/to central (https://repo1.maven.org/maven2): PKIX path building failed: sun.security.provider.certpath.SunCertPathBuilderException: unable to find valid certification path to requested target @ line 22, column 25\n[ERROR] 'dependencies.dependency.version' for io.quarkus:quarkus-rest-jsonb:jar is missing. @ line 33, column 21\n[ERROR] 'dependencies.dependency.version' for io.quarkus:quarkus-arc:jar is missing. @ line 37, column 21\n[ERROR] 'dependencies.dependency.version' for io.quarkus:quarkus-rest:jar is missing. @ line 41, column 21\n[ERROR] 'dependencies.dependency.version' for io.quarkus:quarkus-junit5:jar is missing. @ line 45, column 21\n[ERROR] 'dependencies.dependency.version' for io.rest-assured:rest-assured:jar is missing. @ line 50, column 21\n[ERROR]\n[ERROR]   The project org.agoncal.quarkus.starting:rest-book:1.0.0-SNAPSHOT (C:\\Users\\223099871.HCAD\\Downloads\\rest-book (1)\\rest-book\\pom.xml) has 7 errors\n[ERROR]     Unresolveable build extension: Plugin io.quarkus.platform:quarkus-maven-plugin:3.14.4 or one of its dependencies could not be resolved:\n[ERROR]         Failed to read artifact descriptor for io.quarkus.platform:quarkus-maven-plugin:jar:3.14.4\n[ERROR]     -&gt; [Help 2]\n[ERROR]     Non-resolvable import POM: The following artifacts could not be resolved: io.quarkus.platform:quarkus-bom:pom:3.14.4 (absent): Could not transfer artifact io.quarkus.platform:quarkus-bom:pom:3.14.4 from/to central (https://repo1.maven.org/maven2): PKIX path building failed: sun.security.provider.certpath.SunCertPathBuilderException: unable to find valid certification path to requested target @ line 22, column 25 -&gt; [Help 3]\n[ERROR]     'dependencies.dependency.version' for io.quarkus:quarkus-rest-jsonb:jar is missing. @ line 33, column 21\n[ERROR]     'dependencies.dependency.version' for io.quarkus:quarkus-arc:jar is missing. @ line 37, column 21\n[ERROR]     'dependencies.dependency.version' for io.quarkus:quarkus-rest:jar is missing. @ line 41, column 21\n[ERROR]     'dependencies.dependency.version' for io.quarkus:quarkus-junit5:jar is missing. @ line 45, column 21\n[ERROR]     'dependencies.dependency.version' for io.rest-assured:rest-assured:jar is missing. @ line 50, column 21\n[ERROR]\n[ERROR] To see the full stack trace of the errors, re-run Maven with the -e switch.\n[ERROR] Re-run Maven using the -X switch to enable full debug logging.\n[ERROR]\n[ERROR] For more information about the errors and possible solutions, please read the following articles:\n[ERROR] [Help 1] http://cwiki.apache.org/confluence/display/MAVEN/ProjectBuildingException\n[ERROR] [Help 2] http://cwiki.apache.org/confluence/display/MAVEN/PluginManagerException\n[ERROR] [Help 3] http://cwiki.apache.org/confluence/display/MAVEN/UnresolvableModelException\n</code></pre>\n<p>I tried with curl and set up Jbang as well.</p>\n"
  },
  "answers": [],
  "question_comments": [],
  "answer_comments": {}
}