{
  "question": {
    "tags": [
      "java",
      "jasper-reports"
    ],
    "owner": {
      "account_id": 25900264,
      "reputation": 39,
      "user_id": 19626264,
      "user_type": "registered",
      "profile_image": "https://www.gravatar.com/avatar/e655cceb49c51ccf21f5bbfb6c775227?s=256&d=identicon&r=PG",
      "display_name": "SP08AL",
      "link": "https://stackoverflow.com/users/19626264/sp08al"
    },
    "is_answered": true,
    "view_count": 1751,
    "accepted_answer_id": 79043354,
    "answer_count": 1,
    "score": 1,
    "last_activity_date": 1731696503,
    "creation_date": 1727781858,
    "last_edit_date": 1727793349,
    "question_id": 79042927,
    "content_license": "CC BY-SA 4.0",
    "link": "https://stackoverflow.com/questions/79042927/jasper-report-errors-were-encountered-when-compiling-report-expressions-class",
    "title": "Jasper Report : Errors were encountered when compiling report expressions class file On server",
    "body": "<p><strong>Issue: JasperReports compilation error on server but works fine on localhost</strong></p>\n<p>I have a problem when trying to generate a report using my application on a server. Everything works fine on my localhost, but on the server, the report generation fails, and the logs show the following error:</p>\n<pre><code>Errors were encountered when compiling report expressions class file:\n/application/LetterTemplate_d187f8800d77ab9c55212eadd29ea4067a8981afea6b465597eb80aa2476b409.java:18: error: cannot find symbol\npublic class LetterTemplate_d187f8800d77ab9c55212eadd29ea4067a8981afea6b465597eb80aa2476b409 extends JREvaluator\n                                                                                                     ^\n  symbol: class JREvaluator\n/application/LetterTemplate_d187f8800d77ab9c55212eadd29ea4067a8981afea6b465597eb80aa2476b409.java:25: error: cannot find symbol\n    private JRFillField field_account_no = null;\n            ^\n  symbol:   class JRFillField\n  location: class LetterTemplate_d187f8800d77ab9c55212eadd29ea4067a8981afea6b465597eb80aa2476b409\n\n...\n</code></pre>\n<p>There are several similar errors about missing symbols for classes like <code>JREvaluator</code> and <code>JRFillField</code>, and the compilation fails with <strong>21 errors</strong>. The logs also mention:</p>\n<p><code>Note: /application/LetterTemplate_d187f8800d77ab9c55212eadd29ea4067a8981afea6b465597eb80aa2476b409.java uses or overrides a deprecated API.</code></p>\n<p>However, when I run the same application locally, the report generation works perfectly, and I don't encounter this issue.</p>\n<p><strong>Environment details:</strong></p>\n<ul>\n<li><p><strong>Local environment:</strong> Everything works fine.</p>\n<ul>\n<li><p>OS: window</p>\n</li>\n<li><p>Java version: &quot;11.0.22&quot; 2024-01-16 LTS</p>\n</li>\n<li><p>JasperReports version: 7.0.0</p>\n</li>\n</ul>\n</li>\n<li><p><strong>Server environment:</strong> Report generation fails.</p>\n<ul>\n<li><p>OS: ubantu</p>\n</li>\n<li><p>Java version: 11.0.24</p>\n</li>\n<li><p>JasperReports version: 7.0.0</p>\n</li>\n</ul>\n</li>\n</ul>\n<p><strong>What Iâ€™ve tried:</strong></p>\n<ul>\n<li><p>Ensured that the correct versions of JasperReports are included in the server environment.</p>\n</li>\n<li><p>Checked the classpath to ensure the required JasperReports JARs (like <code>jasperreports-x.x.x.jar</code>) are present on the server.</p>\n</li>\n<li><p>Recompiled with <code>-Xlint:deprecation</code> to see more details about the deprecated API.</p>\n</li>\n</ul>\n<p><strong>Questions:</strong></p>\n<ol>\n<li><p>Why would the server be missing symbols like <code>JREvaluator</code> and <code>JRFillField</code> when the same code works locally?</p>\n</li>\n<li><p>Could this be related to classpath differences between my local machine and the server? How can I verify that?</p>\n</li>\n<li><p>Are there any known issues with specific versions of JasperReports that could cause this, or is it a configuration issue on the server?</p>\n</li>\n</ol>\n<p>Any help or suggestions on what to check or how to fix this would be greatly appreciated. Thanks!</p>\n"
  },
  "answers": [],
  "question_comments": [],
  "answer_comments": {}
}