{
  "question": {
    "tags": [
      "java",
      "flutter",
      "dart",
      "android-studio"
    ],
    "owner": {
      "account_id": 25463022,
      "reputation": 468,
      "user_id": 19262492,
      "user_type": "registered",
      "profile_image": "https://lh3.googleusercontent.com/a-/AOh14GghCY54LmtOYBm2yBRYcId2WUt79OMpS11hdW3w=k-s256",
      "display_name": "Harith Bashar",
      "link": "https://stackoverflow.com/users/19262492/harith-bashar"
    },
    "is_answered": true,
    "view_count": 23803,
    "protected_date": 1729546379,
    "accepted_answer_id": 79067882,
    "answer_count": 4,
    "score": 21,
    "last_activity_date": 1734642295,
    "creation_date": 1728423211,
    "last_edit_date": 1729546623,
    "question_id": 79067849,
    "content_license": "CC BY-SA 4.0",
    "link": "https://stackoverflow.com/questions/79067849/flutter-3-24-3-problem-with-android-studio-ladybug-2024-2-1",
    "title": "Flutter 3.24.3 problem with Android Studio Ladybug | 2024.2.1",
    "body": "<p>When I update Android studio to last version &quot;Ladybug 2024.2.1&quot; an error occur whenever I run application in android emulator or physical phone, this problem shows an error with a specific library but in fact it occur with all libraries, I know that because every library tell me there is an error with, I just try to remove it then try running the code again.</p>\n<p>This is the error:</p>\n<blockquote>\n<p>FAILURE: Build failed with an exception.</p>\n<p>What went wrong:\nExecution failed for task ':google_sign_in_android:compileDebugJavaWithJavac'.\nCould not resolve all files for configuration ':google_sign_in_android:androidJdkImage'.\nFailed to transform core-for-system-modules.jar to match attributes {artifactType=_internal_android_jdk_image, org.gradle.libraryelements=jar, org.gradle.usage=java-runtime}.\nExecution failed for JdkImageTransform: /Users/zaydahmad/Library/Android/sdk/platforms/android-34/core-for-system-modules.jar.\nError while executing process /Applications/Android Studio.app/Contents/jbr/Contents/Home/bin/jlink with arguments {--module-path /Users/zaydahmad/.gradle/caches/transforms-3/fd4e2b69c2691a24d99d2b3c10c60f94/transformed/output/temp/jmod --add-modules java.base --output /Users/zaydahmad/.gradle/caches/transforms-3/fd4e2b69c2691a24d99d2b3c10c60f94/transformed/output/jdkImage --disable-plugin system-modules}</p>\n<p>Try:\nRun with --stacktrace option to get the stack trace.\nRun with --info or --debug option to get more log output.\nRun with --scan to get full insights.\nGet more help at <a href=\"https://help.gradle.org\" rel=\"noreferrer\">https://help.gradle.org</a>.</p>\n<p>BUILD FAILED in 9s\nError: Gradle task assembleDebug failed with exit code 1</p>\n</blockquote>\n<p>I have update all the libraries to the last version.\nI have remove every library appear with that error, it doesn't work.</p>\n<p>maybe these files help you solve the problem:</p>\n<p><strong>android/app/build.gradle</strong></p>\n<pre><code>android {\n    compileOptions {\n        sourceCompatibility = JavaVersion.VERSION_1_8\n        targetCompatibility = JavaVersion.VERSION_1_8\n    }\n}\n</code></pre>\n<p><strong>android/gradle/wrapper/gradle-wrapper.properties</strong></p>\n<pre><code>distributionBase=GRADLE_USER_HOME\ndistributionPath=wrapper/dists\nzipStoreBase=GRADLE_USER_HOME\nzipStorePath=wrapper/dists\ndistributionUrl=https\\://services.gradle.org/distributions/gradle-8.3-all.zip\n</code></pre>\n<p><strong>android/build.gradle</strong></p>\n<pre><code>allprojects {\n    repositories {\n        google()\n        mavenCentral()\n    }\n}\n\nrootProject.buildDir = &quot;../build&quot;\nsubprojects {\n    project.buildDir = &quot;${rootProject.buildDir}/${project.name}&quot;\n}\nsubprojects {\n    project.evaluationDependsOn(&quot;:app&quot;)\n}\n\ntasks.register(&quot;clean&quot;, Delete) {\n    delete rootProject.buildDir\n}\n</code></pre>\n"
  },
  "answers": [],
  "question_comments": [],
  "answer_comments": {}
}