{
  "question": {
    "tags": [
      "java",
      "rest",
      "gradle",
      "liferay-7"
    ],
    "owner": {
      "account_id": 11143068,
      "reputation": 129,
      "user_id": 8389168,
      "user_type": "registered",
      "profile_image": "https://www.gravatar.com/avatar/a6c276dc21588bebbaeca65721f1e356?s=256&d=identicon&r=PG&f=y&so-version=2",
      "display_name": "Dimas Travieso",
      "link": "https://stackoverflow.com/users/8389168/dimas-travieso"
    },
    "is_answered": true,
    "view_count": 264,
    "answer_count": 1,
    "score": 0,
    "last_activity_date": 1749476809,
    "creation_date": 1728293435,
    "last_edit_date": 1728381864,
    "question_id": 79061382,
    "content_license": "CC BY-SA 4.0",
    "link": "https://stackoverflow.com/questions/79061382/i-cant-deploy-the-rest-builder-module-liferay-7-4",
    "title": "I can&#39;t deploy the rest-builder module (Liferay 7.4)",
    "body": "<p>The rest-builder module is created without problem in the “modules” folder of the workspace with the following command: <strong>blade create -t rest-builder demo-rest-builder</strong></p>\n<p>Next I refresh the gradle of the project, the rest-builder module is shown in the project explorer without any problem.</p>\n<p><a href=\"https://i.sstatic.net/LxADEHdr.png\" rel=\"nofollow noreferrer\"><img src=\"https://i.sstatic.net/LxADEHdr.png\" alt=\"rest-builder module created in the workspace\" /></a></p>\n<p>In the “<strong>rest-openapi.yaml</strong>” file I have added the following code:</p>\n<p><a href=\"https://i.sstatic.net/8RVZDGTK.png\" rel=\"nofollow noreferrer\"><img src=\"https://i.sstatic.net/8RVZDGTK.png\" alt=\"rest-openapi.yaml file\" /></a></p>\n<pre><code>info:\n    description: &quot;DemoRestBuilder REST API&quot;\n    license:\n        name: &quot;Apache 2.0&quot;\n        url: &quot;http://www.apache.org/licenses/LICENSE-2.0.html&quot;\n    title: &quot;DemoRestBuilder&quot;\n    version: v1.0\nopenapi: 3.0.1\npaths:\n  &quot;/get-usuario&quot;:\n    get:\n      operationId: getUsuarioById\n      parameters:\n        - in: query\n          name: usuarioId\n          required: true\n          schema:\n            type: integer\n            format: int64\n      responses:\n        200:\n          description: &quot;Success Response&quot;\n          content:\n            application/json:\n              schema:\n                items:\n                  $ref: &quot;#/components/schemas/UsuarioEntidad&quot;\n            application/xml:\n              schema:\n                items:\n                  $ref: &quot;#/components/schemas/UsuarioEntidad&quot;\n      tags: [&quot;Usuario&quot;]\ncomponents:\n  schemas:\n    UsuarioEntidad:\n      properties:\n        usuarioId:\n          type: integer\n          format: int64\n</code></pre>\n<p>The following command is then executed in the “<strong>demo-rest-builder</strong>” module path: <strong>blade gw buildREST</strong></p>\n<p>The project's gradle is then refreshed, where the following packages will be automatically created:</p>\n<p><a href=\"https://i.sstatic.net/BH86baxz.png\" rel=\"nofollow noreferrer\"><img src=\"https://i.sstatic.net/BH86baxz.png\" alt=\"demo-rest-builder-impl src package\" /></a></p>\n<p>Finally, the following command is executed: <strong>blade gw deploy</strong></p>\n<p>An error occurs in the “<strong>BaseUsuarioResourceImpl</strong>” class because it is importing the deprecated class “<strong>TransformUtil</strong>”.</p>\n<p><a href=\"https://i.sstatic.net/kZmqPeqb.png\" rel=\"nofollow noreferrer\"><img src=\"https://i.sstatic.net/kZmqPeqb.png\" alt=\"Deprecated Transform class 1\" /></a></p>\n<p><a href=\"https://i.sstatic.net/9nCZ7EKN.png\" rel=\"nofollow noreferrer\"><img src=\"https://i.sstatic.net/9nCZ7EKN.png\" alt=\"Deprecated Transform class 2\" /></a></p>\n<p><strong>Trace error in rest builder module deployment</strong></p>\n<blockquote>\n<p>Task :modules:demo-rest-builder:demo-rest-builder-impl:compileJava FAILED\n/Projects/Liferay_Projects/compania_ficticia/compania_ficticia_repositorio/compania-ficticia-workspace/modules/demo-rest-builder/demo-rest-builder-impl/src/main/java/demo/rest/builder/internal/resource/v1_0/BaseUserResourceImpl.java:259: error: no suitable method found for transform(T#1[],UnsafeFunction&lt;T#1,R#1,Exception&gt;,Class&lt;CAP#1&gt;)\nreturn TransformUtil.transform(array, unsafeFunction, clazz);\n^\nmethod TransformUtil.&lt;T#2,R#2,E#1&gt;transform(Collection&lt;T#2&gt;,UnsafeFunction&lt;T#2,R#2,E#1&gt;) is not applicable\n(cannot infer type-variable(s) T#2,R#2,E#1\n(actual and formal argument lists differ in length))\nmethod TransformUtil.&lt;R#3,E#2&gt;transform(int[],UnsafeFunction&lt;Integer,R#3,E#2&gt;,Class) is not applicable\n(cannot infer type-variable(s) R#3,E#2\n(argument mismatch; T#1[] cannot be converted to int[]))\nmethod TransformUtil.transform(long[],UnsafeFunction,Class) is not applicable\n(cannot infer type-variable(s) R#4,E#3\n(argument mismatch; T#1[] cannot be converted to long[]))\nmethod TransformUtil.transform(T#3[],UnsafeFunction,Class) is not applicable\n(inference variable R#5 has incompatible bounds\nequality constraints: R#1\nlower bounds: CAP#1)\nwhere T#1,R#1,T#2,R#2,E#1,R#3,E#2,R#4,E#3,T#3,R#5,E#4 are type-variables:\nT#1 extends Object declared in method transform(T#1[],UnsafeFunction,Class)\nR#1 extends Object declared in method &lt;T#1,R#1&gt;transform(T#1[],UnsafeFunction&lt;T#1,R#1,Exception&gt;,Class)\nT#2 extends Object declared in method transform(Collection,UnsafeFunction)\nR#2 extends Object declared in method transform(Collection,UnsafeFunction)\nE#1 extends Throwable declared in method transform(Collection,UnsafeFunction)\nR#3 extends Object declared in method transform(int[],UnsafeFunction,Class)\nE#2 extends Throwable declared in method transform(int[],UnsafeFunction,Class)\nR#4 extends Object declared in method transform(long[],UnsafeFunction,Class)\nE#3 extends Throwable declared in method transform(long[],UnsafeFunction,Class)\nT#3 extends Object declared in method transform(T#3[],UnsafeFunction,Class)\nR#5 extends Object declared in method transform(T#3[],UnsafeFunction,Class)\nE#4 extends Throwable declared in method transform(T#3[],UnsafeFunction,Class)\nwhere CAP#1 is a fresh type-variable:\nCAP#1 extends Object from capture of ?\n/Projects/Liferay_Projects/compania_ficticia/compania_ficticia_repositorio/compania-ficticia-workspace/modules/demo-rest-builder/demo-rest-builder-impl/src/main/java/demo/rest/builder/internal/resource/v1_0/BaseUserResourceImpl.java:266: error: method transformToArray in class TransformUtil cannot be applied to given types;\nreturn TransformUtil.transformToArray(\n^\nrequired: Collection,UnsafeFunction,Class\nfound: Collection,UnsafeFunction,Class\nreason: inference variable R#1 has incompatible bounds\nequality constraints: R#2\nlower bounds: CAP#1\nwhere T#1,R#1,E,T#2,R#2 are type-variables:\nT#1 extends Object declared in method transformToArray(Collection,UnsafeFunction,Class)\nR#1 extends Object declared in method transformToArray(Collection,UnsafeFunction,Class)\nE extends Throwable declared in method transformToArray(Collection,UnsafeFunction,Class)\nT#2 extends Object declared in method transformToArray(Collection,UnsafeFunction,Class)\nR#2 extends Object declared in method &lt;T#2,R#2&gt;transformToArray(Collection&lt;T#2&gt;,UnsafeFunction&lt;T#2,R#2,Exception&gt;,Class&lt;?&gt;)\nwhere CAP#1 is a fresh type-variable:\nCAP#1 extends Object from capture of ?\nNote: /Projects/Liferay_Projects/compania_ficticia/compania_ficticia_repositorio/compania-ficticia-workspace/modules/demo-rest-builder/demo-rest-builder-impl/src/main/java/demo/rest/builder/internal/resource/v1_0/BaseUserResourceImpl.java uses or overrides a deprecated API.\nNote: Recompile with -Xlint:deprecation for details.\n2 errors</p>\n</blockquote>\n<p>FAILURE: Build failed with an exception.</p>\n<ul>\n<li>What went wrong:\nExecution failed for task ':modules:demo-rest-builder:demo-rest-builder-impl:compileJava'.</li>\n</ul>\n<blockquote>\n<p>Compilation failed; see the compiler error output for details.</p>\n</blockquote>\n<ul>\n<li><strong>What solution could be applied to this?</strong></li>\n<li><strong>What am I doing wrong?</strong></li>\n</ul>\n"
  },
  "answers": [],
  "question_comments": [],
  "answer_comments": {}
}