{
  "question": {
    "tags": [
      "java",
      "flutter",
      "dart",
      "android-gradle-plugin",
      "build.gradle"
    ],
    "owner": {
      "account_id": 36458486,
      "reputation": 61,
      "user_id": 27751582,
      "user_type": "registered",
      "profile_image": "https://www.gravatar.com/avatar/4a414803adc02471176d6603bba1623b?s=256&d=identicon&r=PG&f=y&so-version=2",
      "display_name": "Anne Nduati",
      "link": "https://stackoverflow.com/users/27751582/anne-nduati"
    },
    "is_answered": true,
    "view_count": 10178,
    "answer_count": 3,
    "score": 5,
    "last_activity_date": 1735997801,
    "creation_date": 1728653920,
    "question_id": 79078467,
    "content_license": "CC BY-SA 4.0",
    "link": "https://stackoverflow.com/questions/79078467/flutter-build-failed-with-an-exception",
    "title": "Flutter Build failed with an exception",
    "body": "<p>When performing flutter run on my visual studio code, I get the error message below:</p>\n<p>FAILURE: Build failed with an exception.</p>\n<ul>\n<li>What went wrong:\nExecution failed for task ':flutter_plugin_android_lifecycle:compileDebugJavaWithJavac'.</li>\n</ul>\n<blockquote>\n<p>Could not resolve all files for configuration ':flutter_plugin_android_lifecycle:androidJdkImage'.\nFailed to transform core-for-system-modules.jar to match attributes {artifactType=_internal_android_jdk_image, org.gradle.libraryelements=jar, org.gradle.usage=java-runtime}.\nExecution failed for JdkImageTransform: C:\\Users\\<strong>*</strong>***\\AppData\\Local\\Android\\sdk\\platforms\\android-34\\core-for-system-modules.jar.\nError while executing process C:\\Program Files\\Android\\Android Studio\\jbr\\bin\\jlink.exe with arguments {--module-path C:\\Users*****.gradle\\caches\\transforms-3\\4a46fc89ed5f9adfe3afebf74eb8bfeb\\transformed\\output\\temp\\jmod --add-modules java.base --output C:\\Users******.gradle\\caches\\transforms-3\\4a46fc89ed5f9adfe3afebf74eb8bfeb\\transformed\\output\\jdkImage --disable-plugin system-modules}</p>\n</blockquote>\n<ul>\n<li>Try:</li>\n</ul>\n<blockquote>\n<p>Run with --stacktrace option to get the stack trace.\nRun with --info or --debug option to get more log output.\nRun with --scan to get full insights.\nGet more help at <a href=\"https://help.gradle.org\" rel=\"noreferrer\">https://help.gradle.org</a>.</p>\n</blockquote>\n<p>BUILD FAILED in 21s\nRunning Gradle task 'assembleDebug'...                             23.1s\nError: Gradle task assembleDebug failed with exit code 1</p>\n<p>I have tried the following solutions:</p>\n<p>flutter pub cache repair\nflutter clean\nflutter pub get\nflutter build apk</p>\n<p>but even after doing the procedure, I am still stuck at the error.</p>\n"
  },
  "answers": [],
  "question_comments": [],
  "answer_comments": {}
}