{
  "question": {
    "tags": [
      "java",
      "unit-testing",
      "mockito",
      "java-time"
    ],
    "owner": {
      "account_id": 35053228,
      "reputation": 3,
      "user_id": 27940858,
      "user_type": "registered",
      "profile_image": "https://www.gravatar.com/avatar/1a5ae84a62b725a45e3021c14cb48345?s=256&d=identicon&r=PG&f=y&so-version=2",
      "display_name": "Chenglin Zhao",
      "link": "https://stackoverflow.com/users/27940858/chenglin-zhao"
    },
    "is_answered": true,
    "view_count": 255,
    "accepted_answer_id": 79117554,
    "answer_count": 1,
    "score": 0,
    "last_activity_date": 1729681627,
    "creation_date": 1729665293,
    "last_edit_date": 1729679288,
    "question_id": 79116644,
    "content_license": "CC BY-SA 4.0",
    "link": "https://stackoverflow.com/questions/79116644/how-to-mock-localdatetime-nowzoneid-of-america-new-york-with-mockito4-5-1",
    "title": "How to mock LocalDateTime.now(ZoneId.of(“America/New_York”)) with mockito4.5.1？",
    "body": "<p>When I unit test for LocalDateTime with jdk 17， follow exception occurred.\njava.time.zone.ZoneRulesException: Invalid binary time-zone data: TZDB:America/New_York, version: 2024a</p>\n<p>here is my code：</p>\n<pre><code>LocalDateTime current = LocalDateTime.now(ZoneId.of(&quot;America/New_York&quot;));\n</code></pre>\n<p>my unit test:</p>\n<pre><code>try (MockedStatic&lt;LocalDateTime&gt; mockedLocalDateTime = mockStatic(LocalDateTime.class)) {\n     LocalDateTime fixedLocalDateTime = LocalDateTime.of(2024, Month.JANUARY, 1, 0, 0, 0);\n     mockedLocalDateTime.when(() -&gt; LocalDateTime.now(any(ZoneId.class))).thenReturn(fixedLocalDateTime);\n}\n</code></pre>\n<p>How to resolve this issues?</p>\n<p>full stack trace by follow</p>\n<pre><code>Invalid binary time-zone data: TZDB:America/New_York, version: 2024a\njava.time.zone.ZoneRulesException: Invalid binary time-zone data: TZDB:America/New_York, version: 2024a\n    at java.base/java.time.zone.TzdbZoneRulesProvider.provideRules(TzdbZoneRulesProvider.java:140)\n    at java.base/java.time.zone.ZoneRulesProvider.getRules(ZoneRulesProvider.java:235)\n    at java.base/java.time.ZoneRegion.ofId(ZoneRegion.java:121)\n    at java.base/java.time.ZoneId.of(ZoneId.java:410)\n    at java.base/java.time.ZoneId.of(ZoneId.java:358)\n    at com.myproject.utils.MyLocalDateTimeUtil.getCurrentLocalDateTime(MyLocalDateTimeUtil.java:9)\n    at com.myproject.unit.utils.LocalDateTimeTest.testGetCurrentLocalDateTime(LocalDateTimeTest.java:25)\n    at java.base/jdk.internal.reflect.NativeMethodAccessorImpl.invoke0(Native Method)\n    at java.base/jdk.internal.reflect.NativeMethodAccessorImpl.invoke(NativeMethodAccessorImpl.java:77)\n    at java.base/jdk.internal.reflect.DelegatingMethodAccessorImpl.invoke(DelegatingMethodAccessorImpl.java:43)\n    at java.base/java.lang.reflect.Method.invoke(Method.java:568)\n    at org.junit.platform.commons.util.ReflectionUtils.invokeMethod(ReflectionUtils.java:725)\n    at org.junit.jupiter.engine.execution.MethodInvocation.proceed(MethodInvocation.java:60)\n    at org.junit.jupiter.engine.execution.InvocationInterceptorChain$ValidatingInvocation.proceed(InvocationInterceptorChain.java:131)\n    at org.junit.jupiter.engine.extension.TimeoutExtension.intercept(TimeoutExtension.java:149)\n    at org.junit.jupiter.engine.extension.TimeoutExtension.interceptTestableMethod(TimeoutExtension.java:140)\n    at org.junit.jupiter.engine.extension.TimeoutExtension.interceptTestMethod(TimeoutExtension.java:84)\n    at org.junit.jupiter.engine.execution.ExecutableInvoker$ReflectiveInterceptorCall.lambda$ofVoidMethod$0(ExecutableInvoker.java:115)\n    at org.junit.jupiter.engine.execution.ExecutableInvoker.lambda$invoke$0(ExecutableInvoker.java:105)\n    at org.junit.jupiter.engine.execution.InvocationInterceptorChain$InterceptedInvocation.proceed(InvocationInterceptorChain.java:106)\n    at org.junit.jupiter.engine.execution.InvocationInterceptorChain.proceed(InvocationInterceptorChain.java:64)\n    at org.junit.jupiter.engine.execution.InvocationInterceptorChain.chainAndInvoke(InvocationInterceptorChain.java:45)\n    at org.junit.jupiter.engine.execution.InvocationInterceptorChain.invoke(InvocationInterceptorChain.java:37)\n    at org.junit.jupiter.engine.execution.ExecutableInvoker.invoke(ExecutableInvoker.java:104)\n    at org.junit.jupiter.engine.execution.ExecutableInvoker.invoke(ExecutableInvoker.java:98)\n    at org.junit.jupiter.engine.descriptor.TestMethodTestDescriptor.lambda$invokeTestMethod$7(TestMethodTestDescriptor.java:214)\n    at org.junit.platform.engine.support.hierarchical.ThrowableCollector.execute(ThrowableCollector.java:73)\n    at org.junit.jupiter.engine.descriptor.TestMethodTestDescriptor.invokeTestMethod(TestMethodTestDescriptor.java:210)\n    at org.junit.jupiter.engine.descriptor.TestMethodTestDescriptor.execute(TestMethodTestDescriptor.java:135)\n    at org.junit.jupiter.engine.descriptor.TestMethodTestDescriptor.execute(TestMethodTestDescriptor.java:66)\n    at org.junit.platform.engine.support.hierarchical.NodeTestTask.lambda$executeRecursively$6(NodeTestTask.java:151)\n    at org.junit.platform.engine.support.hierarchical.ThrowableCollector.execute(ThrowableCollector.java:73)\n    at org.junit.platform.engine.support.hierarchical.NodeTestTask.lambda$executeRecursively$8(NodeTestTask.java:141)\n    at org.junit.platform.engine.support.hierarchical.Node.around(Node.java:137)\n    at org.junit.platform.engine.support.hierarchical.NodeTestTask.lambda$executeRecursively$9(NodeTestTask.java:139)\n    at org.junit.platform.engine.support.hierarchical.ThrowableCollector.execute(ThrowableCollector.java:73)\n    at org.junit.platform.engine.support.hierarchical.NodeTestTask.executeRecursively(NodeTestTask.java:138)\n    at org.junit.platform.engine.support.hierarchical.NodeTestTask.execute(NodeTestTask.java:95)\n    at java.base/java.util.ArrayList.forEach(ArrayList.java:1511)\n    at org.junit.platform.engine.support.hierarchical.SameThreadHierarchicalTestExecutorService.invokeAll(SameThreadHierarchicalTestExecutorService.java:41)\n    at org.junit.platform.engine.support.hierarchical.NodeTestTask.lambda$executeRecursively$6(NodeTestTask.java:155)\n    at org.junit.platform.engine.support.hierarchical.ThrowableCollector.execute(ThrowableCollector.java:73)\n    at org.junit.platform.engine.support.hierarchical.NodeTestTask.lambda$executeRecursively$8(NodeTestTask.java:141)\n    at org.junit.platform.engine.support.hierarchical.Node.around(Node.java:137)\n    at org.junit.platform.engine.support.hierarchical.NodeTestTask.lambda$executeRecursively$9(NodeTestTask.java:139)\n    at org.junit.platform.engine.support.hierarchical.ThrowableCollector.execute(ThrowableCollector.java:73)\n    at org.junit.platform.engine.support.hierarchical.NodeTestTask.executeRecursively(NodeTestTask.java:138)\n    at org.junit.platform.engine.support.hierarchical.NodeTestTask.execute(NodeTestTask.java:95)\n    at java.base/java.util.ArrayList.forEach(ArrayList.java:1511)\n    at org.junit.platform.engine.support.hierarchical.SameThreadHierarchicalTestExecutorService.invokeAll(SameThreadHierarchicalTestExecutorService.java:41)\n    at org.junit.platform.engine.support.hierarchical.NodeTestTask.lambda$executeRecursively$6(NodeTestTask.java:155)\n    at org.junit.platform.engine.support.hierarchical.ThrowableCollector.execute(ThrowableCollector.java:73)\n    at org.junit.platform.engine.support.hierarchical.NodeTestTask.lambda$executeRecursively$8(NodeTestTask.java:141)\n    at org.junit.platform.engine.support.hierarchical.Node.around(Node.java:137)\n    at org.junit.platform.engine.support.hierarchical.NodeTestTask.lambda$executeRecursively$9(NodeTestTask.java:139)\n    at org.junit.platform.engine.support.hierarchical.ThrowableCollector.execute(ThrowableCollector.java:73)\n    at org.junit.platform.engine.support.hierarchical.NodeTestTask.executeRecursively(NodeTestTask.java:138)\n    at org.junit.platform.engine.support.hierarchical.NodeTestTask.execute(NodeTestTask.java:95)\n    at org.junit.platform.engine.support.hierarchical.SameThreadHierarchicalTestExecutorService.submit(SameThreadHierarchicalTestExecutorService.java:35)\n    at org.junit.platform.engine.support.hierarchical.HierarchicalTestExecutor.execute(HierarchicalTestExecutor.java:57)\n    at org.junit.platform.engine.support.hierarchical.HierarchicalTestEngine.execute(HierarchicalTestEngine.java:54)\n    at org.junit.platform.launcher.core.EngineExecutionOrchestrator.execute(EngineExecutionOrchestrator.java:107)\n    at org.junit.platform.launcher.core.EngineExecutionOrchestrator.execute(EngineExecutionOrchestrator.java:88)\n    at org.junit.platform.launcher.core.EngineExecutionOrchestrator.lambda$execute$0(EngineExecutionOrchestrator.java:54)\n    at org.junit.platform.launcher.core.EngineExecutionOrchestrator.withInterceptedStreams(EngineExecutionOrchestrator.java:67)\n    at org.junit.platform.launcher.core.EngineExecutionOrchestrator.execute(EngineExecutionOrchestrator.java:52)\n    at org.junit.platform.launcher.core.DefaultLauncher.execute(DefaultLauncher.java:114)\n    at org.junit.platform.launcher.core.DefaultLauncher.execute(DefaultLauncher.java:86)\n    at org.junit.platform.launcher.core.DefaultLauncherSession$DelegatingLauncher.execute(DefaultLauncherSession.java:86)\n    at org.gradle.api.internal.tasks.testing.junitplatform.JUnitPlatformTestClassProcessor$CollectAllTestClassesExecutor.processAllTestClasses(JUnitPlatformTestClassProcessor.java:119)\n    at org.gradle.api.internal.tasks.testing.junitplatform.JUnitPlatformTestClassProcessor$CollectAllTestClassesExecutor.access$000(JUnitPlatformTestClassProcessor.java:94)\n    at org.gradle.api.internal.tasks.testing.junitplatform.JUnitPlatformTestClassProcessor.stop(JUnitPlatformTestClassProcessor.java:89)\n    at org.gradle.api.internal.tasks.testing.SuiteTestClassProcessor.stop(SuiteTestClassProcessor.java:62)\n    at java.base/jdk.internal.reflect.NativeMethodAccessorImpl.invoke0(Native Method)\n    at java.base/jdk.internal.reflect.NativeMethodAccessorImpl.invoke(NativeMethodAccessorImpl.java:77)\n    at java.base/jdk.internal.reflect.DelegatingMethodAccessorImpl.invoke(DelegatingMethodAccessorImpl.java:43)\n    at java.base/java.lang.reflect.Method.invoke(Method.java:568)\n    at org.gradle.internal.dispatch.ReflectionDispatch.dispatch(ReflectionDispatch.java:36)\n    at org.gradle.internal.dispatch.ReflectionDispatch.dispatch(ReflectionDispatch.java:24)\n    at org.gradle.internal.dispatch.ContextClassLoaderDispatch.dispatch(ContextClassLoaderDispatch.java:33)\n    at org.gradle.internal.dispatch.ProxyDispatchAdapter$DispatchingInvocationHandler.invoke(ProxyDispatchAdapter.java:94)\n    at jdk.proxy2/jdk.proxy2.$Proxy5.stop(Unknown Source)\n    at org.gradle.api.internal.tasks.testing.worker.TestWorker$3.run(TestWorker.java:193)\n    at org.gradle.api.internal.tasks.testing.worker.TestWorker.executeAndMaintainThreadName(TestWorker.java:129)\n    at org.gradle.api.internal.tasks.testing.worker.TestWorker.execute(TestWorker.java:100)\n    at org.gradle.api.internal.tasks.testing.worker.TestWorker.execute(TestWorker.java:60)\n    at org.gradle.process.internal.worker.child.ActionExecutionWorker.execute(ActionExecutionWorker.java:56)\n    at org.gradle.process.internal.worker.child.SystemApplicationClassLoaderWorker.call(SystemApplicationClassLoaderWorker.java:113)\n    at org.gradle.process.internal.worker.child.SystemApplicationClassLoaderWorker.call(SystemApplicationClassLoaderWorker.java:65)\n    at worker.org.gradle.process.internal.worker.GradleWorkerMain.run(GradleWorkerMain.java:69)\n    at worker.org.gradle.process.internal.worker.GradleWorkerMain.main(GradleWorkerMain.java:74)\nCaused by: java.lang.NullPointerException: Cannot invoke &quot;java.time.LocalDateTime.plusSeconds(long)&quot; because &quot;this.transition&quot; is null\n    at java.base/java.time.zone.ZoneOffsetTransition.getDateTimeAfter(ZoneOffsetTransition.java:294)\n    at java.base/java.time.zone.ZoneRules.&lt;init&gt;(ZoneRules.java:305)\n    at java.base/java.time.zone.ZoneRules.readExternal(ZoneRules.java:478)\n    at java.base/java.time.zone.Ser.readInternal(Ser.java:196)\n    at java.base/java.time.zone.Ser.read(Ser.java:189)\n    at java.base/java.time.zone.TzdbZoneRulesProvider.provideRules(TzdbZoneRulesProvider.java:135)\n    ... 90 more\n\n\nCannot invoke &quot;java.time.LocalDateTime.plusSeconds(long)&quot; because &quot;this.transition&quot; is null\njava.lang.NullPointerException: Cannot invoke &quot;java.time.LocalDateTime.plusSeconds(long)&quot; because &quot;this.transition&quot; is null\n    at java.base/java.time.zone.ZoneOffsetTransition.getDateTimeAfter(ZoneOffsetTransition.java:294)\n    at java.base/java.time.zone.ZoneRules.&lt;init&gt;(ZoneRules.java:305)\n    at java.base/java.time.zone.ZoneRules.readExternal(ZoneRules.java:478)\n    at java.base/java.time.zone.Ser.readInternal(Ser.java:196)\n    at java.base/java.time.zone.Ser.read(Ser.java:189)\n    at java.base/java.time.zone.TzdbZoneRulesProvider.provideRules(TzdbZoneRulesProvider.java:135)\n    at java.base/java.time.zone.ZoneRulesProvider.getRules(ZoneRulesProvider.java:235)\n    at java.base/java.time.ZoneRegion.ofId(ZoneRegion.java:121)\n    at java.base/java.time.ZoneId.of(ZoneId.java:410)\n    at java.base/java.time.ZoneId.of(ZoneId.java:358)\n    at com.myproject.utils.MyLocalDateTimeUtil.getCurrentLocalDateTime(MyLocalDateTimeUtil.java:9)\n    at com.myproject.unit.utils.LocalDateTimeTest.testGetCurrentLocalDateTime(LocalDateTimeTest.java:25)\n    at java.base/jdk.internal.reflect.NativeMethodAccessorImpl.invoke0(Native Method)\n    at java.base/jdk.internal.reflect.NativeMethodAccessorImpl.invoke(NativeMethodAccessorImpl.java:77)\n    at java.base/jdk.internal.reflect.DelegatingMethodAccessorImpl.invoke(DelegatingMethodAccessorImpl.java:43)\n    at java.base/java.lang.reflect.Method.invoke(Method.java:568)\n    at org.junit.platform.commons.util.ReflectionUtils.invokeMethod(ReflectionUtils.java:725)\n    at org.junit.jupiter.engine.execution.MethodInvocation.proceed(MethodInvocation.java:60)\n    at org.junit.jupiter.engine.execution.InvocationInterceptorChain$ValidatingInvocation.proceed(InvocationInterceptorChain.java:131)\n    at org.junit.jupiter.engine.extension.TimeoutExtension.intercept(TimeoutExtension.java:149)\n    at org.junit.jupiter.engine.extension.TimeoutExtension.interceptTestableMethod(TimeoutExtension.java:140)\n    at org.junit.jupiter.engine.extension.TimeoutExtension.interceptTestMethod(TimeoutExtension.java:84)\n    at org.junit.jupiter.engine.execution.ExecutableInvoker$ReflectiveInterceptorCall.lambda$ofVoidMethod$0(ExecutableInvoker.java:115)\n    at org.junit.jupiter.engine.execution.ExecutableInvoker.lambda$invoke$0(ExecutableInvoker.java:105)\n    at org.junit.jupiter.engine.execution.InvocationInterceptorChain$InterceptedInvocation.proceed(InvocationInterceptorChain.java:106)\n    at org.junit.jupiter.engine.execution.InvocationInterceptorChain.proceed(InvocationInterceptorChain.java:64)\n    at org.junit.jupiter.engine.execution.InvocationInterceptorChain.chainAndInvoke(InvocationInterceptorChain.java:45)\n    at org.junit.jupiter.engine.execution.InvocationInterceptorChain.invoke(InvocationInterceptorChain.java:37)\n    at org.junit.jupiter.engine.execution.ExecutableInvoker.invoke(ExecutableInvoker.java:104)\n    at org.junit.jupiter.engine.execution.ExecutableInvoker.invoke(ExecutableInvoker.java:98)\n    at org.junit.jupiter.engine.descriptor.TestMethodTestDescriptor.lambda$invokeTestMethod$7(TestMethodTestDescriptor.java:214)\n    at org.junit.platform.engine.support.hierarchical.ThrowableCollector.execute(ThrowableCollector.java:73)\n    at org.junit.jupiter.engine.descriptor.TestMethodTestDescriptor.invokeTestMethod(TestMethodTestDescriptor.java:210)\n    at org.junit.jupiter.engine.descriptor.TestMethodTestDescriptor.execute(TestMethodTestDescriptor.java:135)\n    at org.junit.jupiter.engine.descriptor.TestMethodTestDescriptor.execute(TestMethodTestDescriptor.java:66)\n    at org.junit.platform.engine.support.hierarchical.NodeTestTask.lambda$executeRecursively$6(NodeTestTask.java:151)\n    at org.junit.platform.engine.support.hierarchical.ThrowableCollector.execute(ThrowableCollector.java:73)\n    at org.junit.platform.engine.support.hierarchical.NodeTestTask.lambda$executeRecursively$8(NodeTestTask.java:141)\n    at org.junit.platform.engine.support.hierarchical.Node.around(Node.java:137)\n    at org.junit.platform.engine.support.hierarchical.NodeTestTask.lambda$executeRecursively$9(NodeTestTask.java:139)\n    at org.junit.platform.engine.support.hierarchical.ThrowableCollector.execute(ThrowableCollector.java:73)\n    at org.junit.platform.engine.support.hierarchical.NodeTestTask.executeRecursively(NodeTestTask.java:138)\n    at org.junit.platform.engine.support.hierarchical.NodeTestTask.execute(NodeTestTask.java:95)\n    at java.base/java.util.ArrayList.forEach(ArrayList.java:1511)\n    at org.junit.platform.engine.support.hierarchical.SameThreadHierarchicalTestExecutorService.invokeAll(SameThreadHierarchicalTestExecutorService.java:41)\n    at org.junit.platform.engine.support.hierarchical.NodeTestTask.lambda$executeRecursively$6(NodeTestTask.java:155)\n    at org.junit.platform.engine.support.hierarchical.ThrowableCollector.execute(ThrowableCollector.java:73)\n    at org.junit.platform.engine.support.hierarchical.NodeTestTask.lambda$executeRecursively$8(NodeTestTask.java:141)\n    at org.junit.platform.engine.support.hierarchical.Node.around(Node.java:137)\n    at org.junit.platform.engine.support.hierarchical.NodeTestTask.lambda$executeRecursively$9(NodeTestTask.java:139)\n    at org.junit.platform.engine.support.hierarchical.ThrowableCollector.execute(ThrowableCollector.java:73)\n    at org.junit.platform.engine.support.hierarchical.NodeTestTask.executeRecursively(NodeTestTask.java:138)\n    at org.junit.platform.engine.support.hierarchical.NodeTestTask.execute(NodeTestTask.java:95)\n    at java.base/java.util.ArrayList.forEach(ArrayList.java:1511)\n    at org.junit.platform.engine.support.hierarchical.SameThreadHierarchicalTestExecutorService.invokeAll(SameThreadHierarchicalTestExecutorService.java:41)\n    at org.junit.platform.engine.support.hierarchical.NodeTestTask.lambda$executeRecursively$6(NodeTestTask.java:155)\n    at org.junit.platform.engine.support.hierarchical.ThrowableCollector.execute(ThrowableCollector.java:73)\n    at org.junit.platform.engine.support.hierarchical.NodeTestTask.lambda$executeRecursively$8(NodeTestTask.java:141)\n    at org.junit.platform.engine.support.hierarchical.Node.around(Node.java:137)\n    at org.junit.platform.engine.support.hierarchical.NodeTestTask.lambda$executeRecursively$9(NodeTestTask.java:139)\n    at org.junit.platform.engine.support.hierarchical.ThrowableCollector.execute(ThrowableCollector.java:73)\n    at org.junit.platform.engine.support.hierarchical.NodeTestTask.executeRecursively(NodeTestTask.java:138)\n    at org.junit.platform.engine.support.hierarchical.NodeTestTask.execute(NodeTestTask.java:95)\n    at org.junit.platform.engine.support.hierarchical.SameThreadHierarchicalTestExecutorService.submit(SameThreadHierarchicalTestExecutorService.java:35)\n    at org.junit.platform.engine.support.hierarchical.HierarchicalTestExecutor.execute(HierarchicalTestExecutor.java:57)\n    at org.junit.platform.engine.support.hierarchical.HierarchicalTestEngine.execute(HierarchicalTestEngine.java:54)\n    at org.junit.platform.launcher.core.EngineExecutionOrchestrator.execute(EngineExecutionOrchestrator.java:107)\n    at org.junit.platform.launcher.core.EngineExecutionOrchestrator.execute(EngineExecutionOrchestrator.java:88)\n    at org.junit.platform.launcher.core.EngineExecutionOrchestrator.lambda$execute$0(EngineExecutionOrchestrator.java:54)\n    at org.junit.platform.launcher.core.EngineExecutionOrchestrator.withInterceptedStreams(EngineExecutionOrchestrator.java:67)\n    at org.junit.platform.launcher.core.EngineExecutionOrchestrator.execute(EngineExecutionOrchestrator.java:52)\n    at org.junit.platform.launcher.core.DefaultLauncher.execute(DefaultLauncher.java:114)\n    at org.junit.platform.launcher.core.DefaultLauncher.execute(DefaultLauncher.java:86)\n    at org.junit.platform.launcher.core.DefaultLauncherSession$DelegatingLauncher.execute(DefaultLauncherSession.java:86)\n    at org.gradle.api.internal.tasks.testing.junitplatform.JUnitPlatformTestClassProcessor$CollectAllTestClassesExecutor.processAllTestClasses(JUnitPlatformTestClassProcessor.java:119)\n    at org.gradle.api.internal.tasks.testing.junitplatform.JUnitPlatformTestClassProcessor$CollectAllTestClassesExecutor.access$000(JUnitPlatformTestClassProcessor.java:94)\n    at org.gradle.api.internal.tasks.testing.junitplatform.JUnitPlatformTestClassProcessor.stop(JUnitPlatformTestClassProcessor.java:89)\n    at org.gradle.api.internal.tasks.testing.SuiteTestClassProcessor.stop(SuiteTestClassProcessor.java:62)\n    at java.base/jdk.internal.reflect.NativeMethodAccessorImpl.invoke0(Native Method)\n    at java.base/jdk.internal.reflect.NativeMethodAccessorImpl.invoke(NativeMethodAccessorImpl.java:77)\n    at java.base/jdk.internal.reflect.DelegatingMethodAccessorImpl.invoke(DelegatingMethodAccessorImpl.java:43)\n    at java.base/java.lang.reflect.Method.invoke(Method.java:568)\n    at org.gradle.internal.dispatch.ReflectionDispatch.dispatch(ReflectionDispatch.java:36)\n    at org.gradle.internal.dispatch.ReflectionDispatch.dispatch(ReflectionDispatch.java:24)\n    at org.gradle.internal.dispatch.ContextClassLoaderDispatch.dispatch(ContextClassLoaderDispatch.java:33)\n    at org.gradle.internal.dispatch.ProxyDispatchAdapter$DispatchingInvocationHandler.invoke(ProxyDispatchAdapter.java:94)\n    at jdk.proxy2/jdk.proxy2.$Proxy5.stop(Unknown Source)\n    at org.gradle.api.internal.tasks.testing.worker.TestWorker$3.run(TestWorker.java:193)\n    at org.gradle.api.internal.tasks.testing.worker.TestWorker.executeAndMaintainThreadName(TestWorker.java:129)\n    at org.gradle.api.internal.tasks.testing.worker.TestWorker.execute(TestWorker.java:100)\n    at org.gradle.api.internal.tasks.testing.worker.TestWorker.execute(TestWorker.java:60)\n    at org.gradle.process.internal.worker.child.ActionExecutionWorker.execute(ActionExecutionWorker.java:56)\n    at org.gradle.process.internal.worker.child.SystemApplicationClassLoaderWorker.call(SystemApplicationClassLoaderWorker.java:113)\n    at org.gradle.process.internal.worker.child.SystemApplicationClassLoaderWorker.call(SystemApplicationClassLoaderWorker.java:65)\n    at worker.org.gradle.process.internal.worker.GradleWorkerMain.run(GradleWorkerMain.java:69)\n    at worker.org.gradle.process.internal.worker.GradleWorkerMain.main(GradleWorkerMain.java:74)\n</code></pre>\n"
  },
  "answers": [],
  "question_comments": [],
  "answer_comments": {}
}