{
  "question": {
    "tags": [
      "java",
      "maven",
      "pom.xml"
    ],
    "owner": {
      "account_id": 6701735,
      "reputation": 153,
      "user_id": 19210885,
      "user_type": "registered",
      "profile_image": "https://i.sstatic.net/O43j4.png?s=256",
      "display_name": "Manoj Soundarrajan",
      "link": "https://stackoverflow.com/users/19210885/manoj-soundarrajan"
    },
    "is_answered": false,
    "view_count": 656,
    "answer_count": 1,
    "score": -1,
    "last_activity_date": 1749475612,
    "creation_date": 1729739605,
    "last_edit_date": 1749475612,
    "question_id": 79120250,
    "content_license": "CC BY-SA 4.0",
    "link": "https://stackoverflow.com/questions/79120250/maven-error-unable-to-make-protected-final-java-lang-class-java-lang-classloade",
    "title": "maven error: Unable to make protected final java.lang.Class java.lang.ClassLoader.defineClass",
    "body": "<p>When i try to run my automation test cases using maven, I'm getting the below error. I ran <strong>project&gt;run as&gt; maven install</strong></p>\n<pre><code>    Failed to execute goal net.serenity-bdd.maven.plugins:serenity-maven-plugin:1.9.16:aggregate (serenity-reports) on project flightmode: Execution serenity-reports of goal net.serenity-bdd.maven.plugins:serenity-maven-plugin:1.9.16:aggregate failed: An API incompatibility was encountered while executing net.serenity-bdd.maven.plugins:serenity-maven-plugin:1.9.16:aggregate: java.lang.ExceptionInInitializerError: null\n\n\n[ERROR] -----------------------------------------------------\n[ERROR] realm =    plugin&gt;net.serenity-bdd.maven.plugins:serenity-maven-plugin:1.9.16\n[ERROR] strategy = org.codehaus.plexus.classworlds.strategy.SelfFirstStrategy\n[ERROR] urls[0] = file:/C:/XXXXX/.m2/repository/net/serenity-bdd/maven/plugins/serenity-maven-plugin/1.9.16/serenity-maven-plugin-1.9.16.jar\n[ERROR] urls[1] = file:/C:/XXXX/.m2/repository/net/serenity-bdd/serenity-core/1.9.16/serenity-core-1.9.16.jar\n[ERROR] urls[2] = file:/C:/XXXX/.m2/repository/com/google/guava/guava/23.6-jre/guava-23.6-jre.jar\n[ERROR] urls[3] = file:/C:/XXXXX/.m2/repository/com/google/code/findbugs/jsr305/1.3.9/jsr305-1.3.9.jar\n........\n\n[ERROR] : Unable to make protected final java.lang.Class java.lang.ClassLoader.defineClass(java.lang.String,byte[],int,int,java.security.ProtectionDomain) throws java.lang.ClassFormatError accessible: module java.base does not &quot;opens java.lang&quot; to unnamed module @7a972f12\n[ERROR] -&gt; [Help 1]\n[ERROR]\n[ERROR] To see the full stack trace of the errors, re-run Maven with the -e switch.\n[ERROR] Re-run Maven using the -X switch to enable full debug logging.\n[ERROR]\n[ERROR] For more information about the errors and possible solutions, please read the following articles:\n[ERROR] [Help 1] http://cwiki.apache.org/confluence/display/MAVEN/PluginContainerException\n</code></pre>\n<ul>\n<li>System Java version: JDK 17.0.12</li>\n<li>Maven version: 3.8.3</li>\n</ul>\n<p>I tried to run using Java 21 also but still I face same issue,\nAlso added below things in eclipse.ini file, still face same issue</p>\n<pre><code>-Djava.security.manager=allow\n--illegal-access=warn\n--add-opens=java.base/java.lang=ALL-UNNAME\n</code></pre>\n"
  },
  "answers": [],
  "question_comments": [],
  "answer_comments": {}
}