{
  "question": {
    "tags": [
      "java",
      "android",
      "kotlin",
      "dart"
    ],
    "owner": {
      "account_id": 29372378,
      "reputation": 1,
      "user_id": 22504710,
      "user_type": "registered",
      "profile_image": "https://lh3.googleusercontent.com/a/AAcHTte79AHYXRUEAgDbJh4ntakss2TQ98lYICMFfsqrJm7XERo=k-s256",
      "display_name": "Sachin Acharya",
      "link": "https://stackoverflow.com/users/22504710/sachin-acharya"
    },
    "is_answered": false,
    "view_count": 470,
    "answer_count": 1,
    "score": 0,
    "last_activity_date": 1736157221,
    "creation_date": 1730786166,
    "question_id": 79157813,
    "content_license": "CC BY-SA 4.0",
    "link": "https://stackoverflow.com/questions/79157813/execution-failed-for-task-shared-preferences-androidcompiledebugjavawithjavac",
    "title": "Execution failed for task &#39;:shared_preferences_android:compileDebugJavaWithJavac&#39;",
    "body": "<p>PS D:\\PDA\\PDA\\frontend&gt; flutter run\nLaunching lib\\main.dart on sdk gphone64 x86 64 in debug mode...</p>\n<p>FAILURE: Build failed with an exception.</p>\n<ul>\n<li>What went wrong:\nExecution failed for task ':shared_preferences_android:compileDebugJavaWithJavac'.</li>\n</ul>\n<blockquote>\n<p>Could not resolve all files for configuration ':shared_preferences_android:androidJdkImage'.\nFailed to transform core-for-system-modules.jar to match attributes {artifactType=_internal_android_jdk_image, org.gradle.libraryelements=jar, org.gradle.usage=java-runtime}.\n&gt; Execution failed for JdkImageTransform: C:\\Users\\MSI\\AppData\\Local\\Android\\sdk\\platforms\\android-34\\core-for-system-modules.jar.\n&gt; Error while executing process C:\\Program Files\\Android\\Android Studio\\jbr\\bin\\jlink.exe with arguments {--module-path C:\\Users\\MSI.gradle\\caches\\transforms-3\\4a46fc89ed\n5f9adfe3afebf74eb8bfeb\\transformed\\output\\temp\\jmod --add-modules java.base --output C:\\Users\\MSI.gradle\\caches\\transforms-3\\4a46fc89ed5f9adfe3afebf74eb8bfeb\\transformed\\output\\jdkImage --disable-plugin system-modules}</p>\n</blockquote>\n<ul>\n<li>Try:</li>\n</ul>\n<blockquote>\n<p>Run with --stacktrace option to get the stack trace.\nRun with --info or --debug option to get more log output.\nRun with --scan to get full insights.\nGet more help at <a href=\"https://help.gradle.org\" rel=\"nofollow noreferrer\">https://help.gradle.org</a>.</p>\n</blockquote>\n<p>BUILD FAILED in 16s\nRunning Gradle task 'assembleDebug'...                             17.5s\nError: Gradle task assembleDebug failed with exit code 1</p>\n<p>The shared preferences package simply doesn't work.</p>\n"
  },
  "answers": [],
  "question_comments": [],
  "answer_comments": {}
}