{
  "question": {
    "tags": [
      "java",
      "spring",
      "spring-boot",
      "maven",
      "groovy"
    ],
    "owner": {
      "account_id": 5957798,
      "reputation": 25,
      "user_id": 4683813,
      "user_type": "registered",
      "profile_image": "https://www.gravatar.com/avatar/ac7a6d43bec8efd83e5909adc41b85af?s=256&d=identicon&r=PG&f=y&so-version=2",
      "display_name": "A2har",
      "link": "https://stackoverflow.com/users/4683813/a2har"
    },
    "is_answered": false,
    "view_count": 387,
    "answer_count": 1,
    "score": 0,
    "last_activity_date": 1755260422,
    "creation_date": 1731423518,
    "last_edit_date": 1731426770,
    "question_id": 79181639,
    "content_license": "CC BY-SA 4.0",
    "link": "https://stackoverflow.com/questions/79181639/error-occurred-while-calling-a-method-on-a-groovy-class-from-classpath-invocat",
    "title": "Error occurred while calling a method on a Groovy class from classpath.: InvocationTargetException",
    "body": "<p>I am working on vulnerabilities and have upgraded spring-webmvc version to 6.1.13 to resolve them</p>\n<p>Here is my pom(omitted the dependencies which are not important in this context)</p>\n<pre><code>    &lt;parent&gt;\n        &lt;groupId&gt;org.springframework.boot&lt;/groupId&gt;\n        &lt;artifactId&gt;spring-boot-starter-parent&lt;/artifactId&gt;\n        &lt;version&gt;3.1.12&lt;/version&gt;\n        &lt;relativePath/&gt; &lt;!-- lookup parent from repository --&gt;\n    &lt;/parent&gt;\n\n    &lt;properties&gt;\n        &lt;jvm.options&gt;-Dspring.profiles.active=stage&lt;/jvm.options&gt;\n        &lt;version.spock&gt;2.3-groovy-3.0&lt;/version.spock&gt;\n        &lt;version.groovy&gt;3.0.9&lt;/version.groovy&gt;\n     \n        &lt;spring-security.version&gt;6.2.7&lt;/spring-security.version&gt;\n        &lt;spring-webflux.version&gt;6.1.13&lt;/spring-webflux.version&gt;\n        &lt;spring-webmvc.version&gt;6.1.13&lt;/spring-webmvc.version&gt;\n    &lt;/properties&gt;\n\n    &lt;dependencyManagement&gt;\n        &lt;dependencies&gt;\n            &lt;!-- CVE-2024-38816 --&gt;\n            &lt;dependency&gt;\n                &lt;groupId&gt;org.springframework&lt;/groupId&gt;\n                &lt;artifactId&gt;spring-webflux&lt;/artifactId&gt;\n                &lt;version&gt;${spring-webflux.version}&lt;/version&gt;\n            &lt;/dependency&gt;\n            &lt;!-- CVE-2024-38816 --&gt;\n            &lt;dependency&gt;\n                &lt;groupId&gt;org.springframework&lt;/groupId&gt;\n                &lt;artifactId&gt;spring-webmvc&lt;/artifactId&gt;\n                &lt;version&gt;${spring-webmvc.version}&lt;/version&gt;\n            &lt;/dependency&gt;\n        &lt;/dependencies&gt;\n    &lt;/dependencyManagement&gt;\n\n    &lt;dependencies&gt;\n        &lt;dependency&gt;\n            &lt;groupId&gt;org.springframework.boot&lt;/groupId&gt;\n            &lt;artifactId&gt;spring-boot-starter-web&lt;/artifactId&gt;\n            &lt;exclusions&gt;\n                &lt;exclusion&gt;\n                    &lt;groupId&gt;org.springframework.boot&lt;/groupId&gt;\n                    &lt;artifactId&gt;spring-boot-starter-tomcat&lt;/artifactId&gt;\n                &lt;/exclusion&gt;\n            &lt;/exclusions&gt;\n        &lt;/dependency&gt;\n      \n        &lt;!-- ADDED THIS FOR VALIDATION TO WORK --&gt;\n        &lt;dependency&gt;\n            &lt;groupId&gt;org.springframework.boot&lt;/groupId&gt;\n            &lt;artifactId&gt;spring-boot-starter-validation&lt;/artifactId&gt;\n        &lt;/dependency&gt;\n\n         &lt;!--Spock 3 runs in Junit5 BUT we arent there yet, so have to force it to go back to Junit4 --&gt;\n        &lt;dependency&gt;\n            &lt;groupId&gt;org.spockframework&lt;/groupId&gt;\n            &lt;artifactId&gt;spock-junit4&lt;/artifactId&gt;\n            &lt;version&gt;${version.spock}&lt;/version&gt;\n            &lt;scope&gt;test&lt;/scope&gt;\n        &lt;/dependency&gt;\n\n        &lt;dependency&gt;\n            &lt;groupId&gt;org.mockito&lt;/groupId&gt;\n            &lt;artifactId&gt;mockito-inline&lt;/artifactId&gt;\n            &lt;version&gt;${mockito.core.version}&lt;/version&gt;\n            &lt;scope&gt;test&lt;/scope&gt;\n        &lt;/dependency&gt;\n\n        &lt;dependency&gt;\n            &lt;groupId&gt;org.springframework.boot&lt;/groupId&gt;\n            &lt;artifactId&gt;spring-boot-starter-test&lt;/artifactId&gt;\n            &lt;scope&gt;test&lt;/scope&gt;\n        &lt;/dependency&gt;\n\n        &lt;dependency&gt;\n            &lt;groupId&gt;org.springframework.security&lt;/groupId&gt;\n            &lt;artifactId&gt;spring-security-test&lt;/artifactId&gt;\n            &lt;scope&gt;test&lt;/scope&gt;\n        &lt;/dependency&gt;\n\n        &lt;dependency&gt;\n            &lt;groupId&gt;org.codehaus.groovy&lt;/groupId&gt;\n            &lt;artifactId&gt;groovy&lt;/artifactId&gt;\n            &lt;scope&gt;test&lt;/scope&gt;\n            &lt;version&gt;${version.groovy}&lt;/version&gt;\n        &lt;/dependency&gt;\n        &lt;!-- https://mvnrepository.com/artifact/org.codehaus.groovy/groovy-all --&gt;\n        &lt;dependency&gt;\n            &lt;groupId&gt;org.codehaus.groovy&lt;/groupId&gt;\n            &lt;artifactId&gt;groovy-json&lt;/artifactId&gt;\n            &lt;scope&gt;test&lt;/scope&gt;\n            &lt;version&gt;${version.groovy}&lt;/version&gt;\n        &lt;/dependency&gt;\n        &lt;dependency&gt;\n            &lt;groupId&gt;org.codehaus.groovy&lt;/groupId&gt;\n            &lt;artifactId&gt;groovy-datetime&lt;/artifactId&gt;\n            &lt;scope&gt;test&lt;/scope&gt;\n            &lt;version&gt;${version.groovy}&lt;/version&gt;\n        &lt;/dependency&gt;\n        &lt;dependency&gt;\n            &lt;groupId&gt;org.spockframework&lt;/groupId&gt;\n            &lt;artifactId&gt;spock-spring&lt;/artifactId&gt;\n            &lt;version&gt;${version.spock}&lt;/version&gt;\n            &lt;scope&gt;test&lt;/scope&gt;\n        &lt;/dependency&gt;\n    &lt;/dependencies&gt;\n</code></pre>\n<p>After running <code>mvn clean package</code>, i am getting following error</p>\n<pre><code>Failed to execute goal org.codehaus.gmavenplus:gmavenplus-plugin:1.13.1:compileTests (default) on project a-services: Error occurred while calling a method on a Groovy class from classpath.: InvocationTargetException: org.springframework.web.method.annotation.HandlerMethodValidationException -&gt; [Help 1]\norg.apache.maven.lifecycle.LifecycleExecutionException: Failed to execute goal org.codehaus.gmavenplus:gmavenplus-plugin:1.13.1:compileTests (default) on project a-services: Error occurred while calling a method on a Groovy class from classpath.\n</code></pre>\n<p>Stacktrace</p>\n<pre><code>[ERROR] Failed to execute goal org.codehaus.gmavenplus:gmavenplus-plugin:1.13.1:compileTests (default) on project admin-services: Error occurred while calling a method on a Groovy class from classpath.: InvocationTargetException: org.springframework.web.method.annotation.HandlerMethodValidationException -&gt; [Help 1]\norg.apache.maven.lifecycle.LifecycleExecutionException: Failed to execute goal org.codehaus.gmavenplus:gmavenplus-plugin:1.13.1:compileTests (default) on project admin-services: Error occurred while calling a method on a Groovy class from classpath.\n    at org.apache.maven.lifecycle.internal.MojoExecutor.doExecute2 (MojoExecutor.java:333)\n    at org.apache.maven.lifecycle.internal.MojoExecutor.doExecute (MojoExecutor.java:316)\n    at org.apache.maven.lifecycle.internal.MojoExecutor.execute (MojoExecutor.java:212)\n    at org.apache.maven.lifecycle.internal.MojoExecutor.execute (MojoExecutor.java:174)\n    at org.apache.maven.lifecycle.internal.MojoExecutor.access$000 (MojoExecutor.java:75)\n    at org.apache.maven.lifecycle.internal.MojoExecutor$1.run (MojoExecutor.java:162)\n    at org.apache.maven.plugin.DefaultMojosExecutionStrategy.execute (DefaultMojosExecutionStrategy.java:39)\n    at org.apache.maven.lifecycle.internal.MojoExecutor.execute (MojoExecutor.java:159)\n    at org.apache.maven.lifecycle.internal.LifecycleModuleBuilder.buildProject (LifecycleModuleBuilder.java:105)\n    at org.apache.maven.lifecycle.internal.LifecycleModuleBuilder.buildProject (LifecycleModuleBuilder.java:73)\n    at org.apache.maven.lifecycle.internal.builder.singlethreaded.SingleThreadedBuilder.build (SingleThreadedBuilder.java:53)\n    at org.apache.maven.lifecycle.internal.LifecycleStarter.execute (LifecycleStarter.java:118)\n    at org.apache.maven.DefaultMaven.doExecute (DefaultMaven.java:261)\n    at org.apache.maven.DefaultMaven.doExecute (DefaultMaven.java:173)\n    at org.apache.maven.DefaultMaven.execute (DefaultMaven.java:101)\n    at org.apache.maven.cli.MavenCli.execute (MavenCli.java:903)\n    at org.apache.maven.cli.MavenCli.doMain (MavenCli.java:280)\n    at org.apache.maven.cli.MavenCli.main (MavenCli.java:203)\n    at jdk.internal.reflect.NativeMethodAccessorImpl.invoke0 (Native Method)\n    at jdk.internal.reflect.NativeMethodAccessorImpl.invoke (NativeMethodAccessorImpl.java:77)\n    at jdk.internal.reflect.DelegatingMethodAccessorImpl.invoke (DelegatingMethodAccessorImpl.java:43)\n    at java.lang.reflect.Method.invoke (Method.java:568)\n    at org.codehaus.plexus.classworlds.launcher.Launcher.launchEnhanced (Launcher.java:255)\n    at org.codehaus.plexus.classworlds.launcher.Launcher.launch (Launcher.java:201)\n    at org.codehaus.plexus.classworlds.launcher.Launcher.mainWithExitCode (Launcher.java:361)\n    at org.codehaus.plexus.classworlds.launcher.Launcher.main (Launcher.java:314)\n    at org.codehaus.classworlds.Launcher.main (Launcher.java:41)\nCaused by: org.apache.maven.plugin.MojoExecutionException: Error occurred while calling a method on a Groovy class from classpath.\n    at org.codehaus.gmavenplus.mojo.CompileTestsMojo.execute (CompileTestsMojo.java:81)\n    at org.apache.maven.plugin.DefaultBuildPluginManager.executeMojo (DefaultBuildPluginManager.java:126)\n    at org.apache.maven.lifecycle.internal.MojoExecutor.doExecute2 (MojoExecutor.java:328)\n    at org.apache.maven.lifecycle.internal.MojoExecutor.doExecute (MojoExecutor.java:316)\n    at org.apache.maven.lifecycle.internal.MojoExecutor.execute (MojoExecutor.java:212)\n    at org.apache.maven.lifecycle.internal.MojoExecutor.execute (MojoExecutor.java:174)\n    at org.apache.maven.lifecycle.internal.MojoExecutor.access$000 (MojoExecutor.java:75)\n    at org.apache.maven.lifecycle.internal.MojoExecutor$1.run (MojoExecutor.java:162)\n    at org.apache.maven.plugin.DefaultMojosExecutionStrategy.execute (DefaultMojosExecutionStrategy.java:39)\n    at org.apache.maven.lifecycle.internal.MojoExecutor.execute (MojoExecutor.java:159)\n    at org.apache.maven.lifecycle.internal.LifecycleModuleBuilder.buildProject (LifecycleModuleBuilder.java:105)\n    at org.apache.maven.lifecycle.internal.LifecycleModuleBuilder.buildProject (LifecycleModuleBuilder.java:73)\n    at org.apache.maven.lifecycle.internal.builder.singlethreaded.SingleThreadedBuilder.build (SingleThreadedBuilder.java:53)\n    at org.apache.maven.lifecycle.internal.LifecycleStarter.execute (LifecycleStarter.java:118)\n    at org.apache.maven.DefaultMaven.doExecute (DefaultMaven.java:261)\n    at org.apache.maven.DefaultMaven.doExecute (DefaultMaven.java:173)\n    at org.apache.maven.DefaultMaven.execute (DefaultMaven.java:101)\n    at org.apache.maven.cli.MavenCli.execute (MavenCli.java:903)\n    at org.apache.maven.cli.MavenCli.doMain (MavenCli.java:280)\n    at org.apache.maven.cli.MavenCli.main (MavenCli.java:203)\n    at jdk.internal.reflect.NativeMethodAccessorImpl.invoke0 (Native Method)\n    at jdk.internal.reflect.NativeMethodAccessorImpl.invoke (NativeMethodAccessorImpl.java:77)\n    at jdk.internal.reflect.DelegatingMethodAccessorImpl.invoke (DelegatingMethodAccessorImpl.java:43)\n    at java.lang.reflect.Method.invoke (Method.java:568)\n    at org.codehaus.plexus.classworlds.launcher.Launcher.launchEnhanced (Launcher.java:255)\n    at org.codehaus.plexus.classworlds.launcher.Launcher.launch (Launcher.java:201)\n    at org.codehaus.plexus.classworlds.launcher.Launcher.mainWithExitCode (Launcher.java:361)\n    at org.codehaus.plexus.classworlds.launcher.Launcher.main (Launcher.java:314)\n    at org.codehaus.classworlds.Launcher.main (Launcher.java:41)\nCaused by: java.lang.reflect.InvocationTargetException\n    at jdk.internal.reflect.NativeMethodAccessorImpl.invoke0 (Native Method)\n    at jdk.internal.reflect.NativeMethodAccessorImpl.invoke (NativeMethodAccessorImpl.java:77)\n    at jdk.internal.reflect.DelegatingMethodAccessorImpl.invoke (DelegatingMethodAccessorImpl.java:43)\n    at java.lang.reflect.Method.invoke (Method.java:568)\n    at org.codehaus.gmavenplus.util.ReflectionUtils.invokeMethod (ReflectionUtils.java:212)\n    at org.codehaus.gmavenplus.mojo.AbstractCompileMojo.doCompile (AbstractCompileMojo.java:334)\n    at org.codehaus.gmavenplus.mojo.CompileTestsMojo.execute (CompileTestsMojo.java:77)\n    at org.apache.maven.plugin.DefaultBuildPluginManager.executeMojo (DefaultBuildPluginManager.java:126)\n    at org.apache.maven.lifecycle.internal.MojoExecutor.doExecute2 (MojoExecutor.java:328)\n    at org.apache.maven.lifecycle.internal.MojoExecutor.doExecute (MojoExecutor.java:316)\n    at org.apache.maven.lifecycle.internal.MojoExecutor.execute (MojoExecutor.java:212)\n    at org.apache.maven.lifecycle.internal.MojoExecutor.execute (MojoExecutor.java:174)\n    at org.apache.maven.lifecycle.internal.MojoExecutor.access$000 (MojoExecutor.java:75)\n    at org.apache.maven.lifecycle.internal.MojoExecutor$1.run (MojoExecutor.java:162)\n    at org.apache.maven.plugin.DefaultMojosExecutionStrategy.execute (DefaultMojosExecutionStrategy.java:39)\n    at org.apache.maven.lifecycle.internal.MojoExecutor.execute (MojoExecutor.java:159)\n    at org.apache.maven.lifecycle.internal.LifecycleModuleBuilder.buildProject (LifecycleModuleBuilder.java:105)\n    at org.apache.maven.lifecycle.internal.LifecycleModuleBuilder.buildProject (LifecycleModuleBuilder.java:73)\n    at org.apache.maven.lifecycle.internal.builder.singlethreaded.SingleThreadedBuilder.build (SingleThreadedBuilder.java:53)\n    at org.apache.maven.lifecycle.internal.LifecycleStarter.execute (LifecycleStarter.java:118)\n    at org.apache.maven.DefaultMaven.doExecute (DefaultMaven.java:261)\n    at org.apache.maven.DefaultMaven.doExecute (DefaultMaven.java:173)\n    at org.apache.maven.DefaultMaven.execute (DefaultMaven.java:101)\n    at org.apache.maven.cli.MavenCli.execute (MavenCli.java:903)\n    at org.apache.maven.cli.MavenCli.doMain (MavenCli.java:280)\n    at org.apache.maven.cli.MavenCli.main (MavenCli.java:203)\n    at jdk.internal.reflect.NativeMethodAccessorImpl.invoke0 (Native Method)\n    at jdk.internal.reflect.NativeMethodAccessorImpl.invoke (NativeMethodAccessorImpl.java:77)\n    at jdk.internal.reflect.DelegatingMethodAccessorImpl.invoke (DelegatingMethodAccessorImpl.java:43)\n    at java.lang.reflect.Method.invoke (Method.java:568)\n    at org.codehaus.plexus.classworlds.launcher.Launcher.launchEnhanced (Launcher.java:255)\n    at org.codehaus.plexus.classworlds.launcher.Launcher.launch (Launcher.java:201)\n    at org.codehaus.plexus.classworlds.launcher.Launcher.mainWithExitCode (Launcher.java:361)\n    at org.codehaus.plexus.classworlds.launcher.Launcher.main (Launcher.java:314)\n    at org.codehaus.classworlds.Launcher.main (Launcher.java:41)\nCaused by: java.lang.NoClassDefFoundError: org.springframework.web.method.annotation.HandlerMethodValidationException\n    at org.codehaus.groovy.ast.decompiled.AsmReferenceResolver.resolveClass (AsmReferenceResolver.java:46)\n    at org.codehaus.groovy.ast.decompiled.AsmReferenceResolver.resolveNonArrayType (AsmReferenceResolver.java:79)\n    at org.codehaus.groovy.ast.decompiled.AsmReferenceResolver.resolveType (AsmReferenceResolver.java:70)\n    at org.codehaus.groovy.ast.decompiled.MemberSignatureParser.createMethodNode (MemberSignatureParser.java:50)\n    at org.codehaus.groovy.ast.decompiled.DecompiledClassNode.lambda$createMethodNode$1 (DecompiledClassNode.java:230)\n    at org.codehaus.groovy.ast.decompiled.DecompiledClassNode.createMethodNode (DecompiledClassNode.java:236)\n    at org.codehaus.groovy.ast.decompiled.DecompiledClassNode.lazyInitMembers (DecompiledClassNode.java:203)\n    at org.codehaus.groovy.ast.decompiled.DecompiledClassNode.getDeclaredMethods (DecompiledClassNode.java:122)\n    at org.codehaus.groovy.ast.ClassNode.getMethods (ClassNode.java:865)\n    at org.spockframework.compiler.SpecialMethodCall.checkIsConditionBlock (SpecialMethodCall.java:269)\n    at org.spockframework.compiler.SpecialMethodCall.parse (SpecialMethodCall.java:172)\n    at org.spockframework.compiler.AbstractDeepBlockRewriter.visitMethodCallExpression (AbstractDeepBlockRewriter.java:123)\n    at org.codehaus.groovy.ast.expr.MethodCallExpression.visit (MethodCallExpression.java:76)\n    at org.codehaus.groovy.ast.CodeVisitorSupport.visitBinaryExpression (CodeVisitorSupport.java:202)\n    at org.spockframework.compiler.AbstractDeepBlockRewriter.doVisitBinaryExpression (AbstractDeepBlockRewriter.java:166)\n    at org.spockframework.compiler.DeepBlockRewriter.doVisitBinaryExpression (DeepBlockRewriter.java:127)\n    at org.spockframework.compiler.AbstractDeepBlockRewriter.visitBinaryExpression (AbstractDeepBlockRewriter.java:111)\n    at org.spockframework.compiler.DeepBlockRewriter.visitDeclarationExpression (DeepBlockRewriter.java:143)\n    at org.codehaus.groovy.ast.expr.DeclarationExpression.visit (DeclarationExpression.java:89)\n    at org.codehaus.groovy.ast.CodeVisitorSupport.visitExpressionStatement (CodeVisitorSupport.java:117)\n    at org.codehaus.groovy.ast.ClassCodeVisitorSupport.visitExpressionStatement (ClassCodeVisitorSupport.java:200)\n    at org.spockframework.compiler.AbstractDeepBlockRewriter.doVisitExpressionStatement (AbstractDeepBlockRewriter.java:162)\n    at org.spockframework.compiler.DeepBlockRewriter.visitInteractionAwareExpressionStatement (DeepBlockRewriter.java:96)\n    at org.spockframework.compiler.DeepBlockRewriter.doVisitExpressionStatement (DeepBlockRewriter.java:78)\n    at org.spockframework.compiler.AbstractDeepBlockRewriter.visitExpressionStatement (AbstractDeepBlockRewriter.java:100)\n    at org.codehaus.groovy.ast.stmt.ExpressionStatement.visit (ExpressionStatement.java:40)\n    at org.spockframework.compiler.StatementReplacingVisitorSupport.replace (StatementReplacingVisitorSupport.java:44)\n    at org.spockframework.compiler.AbstractDeepBlockRewriter.visit (AbstractDeepBlockRewriter.java:84)\n    at org.spockframework.compiler.DeepBlockRewriter.visit (DeepBlockRewriter.java:56)\n    at org.spockframework.compiler.SpecRewriter.visitAnyBlock (SpecRewriter.java:405)\n    at org.spockframework.compiler.model.WhenBlock.accept (WhenBlock.java:32)\n    at org.spockframework.compiler.model.Method.accept (Method.java:70)\n    at org.spockframework.compiler.model.Spec.accept (Spec.java:112)\n    at org.spockframework.compiler.SpockTransform$Impl.processSpec (SpockTransform.java:76)\n    at org.spockframework.compiler.SpockTransform$Impl.visit (SpockTransform.java:63)\n    at org.spockframework.compiler.SpockTransform.visit (SpockTransform.java:48)\n    at org.codehaus.groovy.transform.ASTTransformationVisitor.lambda$addPhaseOperationsForGlobalTransforms$4 (ASTTransformationVisitor.java:337)\n    at org.codehaus.groovy.control.CompilationUnit$ISourceUnitOperation.doPhaseOperation (CompilationUnit.java:901)\n    at org.codehaus.groovy.control.CompilationUnit.processPhaseOperations (CompilationUnit.java:671)\n    at org.codehaus.groovy.control.CompilationUnit.compile (CompilationUnit.java:635)\n    at org.codehaus.groovy.control.CompilationUnit.compile (CompilationUnit.java:610)\n    at jdk.internal.reflect.NativeMethodAccessorImpl.invoke0 (Native Method)\n    at jdk.internal.reflect.NativeMethodAccessorImpl.invoke (NativeMethodAccessorImpl.java:77)\n    at jdk.internal.reflect.DelegatingMethodAccessorImpl.invoke (DelegatingMethodAccessorImpl.java:43)\n    at java.lang.reflect.Method.invoke (Method.java:568)\n    at org.codehaus.gmavenplus.util.ReflectionUtils.invokeMethod (ReflectionUtils.java:212)\n    at org.codehaus.gmavenplus.mojo.AbstractCompileMojo.doCompile (AbstractCompileMojo.java:334)\n    at org.codehaus.gmavenplus.mojo.CompileTestsMojo.execute (CompileTestsMojo.java:77)\n    at org.apache.maven.plugin.DefaultBuildPluginManager.executeMojo (DefaultBuildPluginManager.java:126)\n    at org.apache.maven.lifecycle.internal.MojoExecutor.doExecute2 (MojoExecutor.java:328)\n    at org.apache.maven.lifecycle.internal.MojoExecutor.doExecute (MojoExecutor.java:316)\n    at org.apache.maven.lifecycle.internal.MojoExecutor.execute (MojoExecutor.java:212)\n    at org.apache.maven.lifecycle.internal.MojoExecutor.execute (MojoExecutor.java:174)\n    at org.apache.maven.lifecycle.internal.MojoExecutor.access$000 (MojoExecutor.java:75)\n    at org.apache.maven.lifecycle.internal.MojoExecutor$1.run (MojoExecutor.java:162)\n    at org.apache.maven.plugin.DefaultMojosExecutionStrategy.execute (DefaultMojosExecutionStrategy.java:39)\n    at org.apache.maven.lifecycle.internal.MojoExecutor.execute (MojoExecutor.java:159)\n    at org.apache.maven.lifecycle.internal.LifecycleModuleBuilder.buildProject (LifecycleModuleBuilder.java:105)\n    at org.apache.maven.lifecycle.internal.LifecycleModuleBuilder.buildProject (LifecycleModuleBuilder.java:73)\n    at org.apache.maven.lifecycle.internal.builder.singlethreaded.SingleThreadedBuilder.build (SingleThreadedBuilder.java:53)\n    at org.apache.maven.lifecycle.internal.LifecycleStarter.execute (LifecycleStarter.java:118)\n    at org.apache.maven.DefaultMaven.doExecute (DefaultMaven.java:261)\n    at org.apache.maven.DefaultMaven.doExecute (DefaultMaven.java:173)\n    at org.apache.maven.DefaultMaven.execute (DefaultMaven.java:101)\n    at org.apache.maven.cli.MavenCli.execute (MavenCli.java:903)\n    at org.apache.maven.cli.MavenCli.doMain (MavenCli.java:280)\n    at org.apache.maven.cli.MavenCli.main (MavenCli.java:203)\n    at jdk.internal.reflect.NativeMethodAccessorImpl.invoke0 (Native Method)\n    at jdk.internal.reflect.NativeMethodAccessorImpl.invoke (NativeMethodAccessorImpl.java:77)\n    at jdk.internal.reflect.DelegatingMethodAccessorImpl.invoke (DelegatingMethodAccessorImpl.java:43)\n    at java.lang.reflect.Method.invoke (Method.java:568)\n    at org.codehaus.plexus.classworlds.launcher.Launcher.launchEnhanced (Launcher.java:255)\n    at org.codehaus.plexus.classworlds.launcher.Launcher.launch (Launcher.java:201)\n    at org.codehaus.plexus.classworlds.launcher.Launcher.mainWithExitCode (Launcher.java:361)\n    at org.codehaus.plexus.classworlds.launcher.Launcher.main (Launcher.java:314)\n    at org.codehaus.classworlds.Launcher.main (Launcher.java:41)\n</code></pre>\n<p>Here is the gmaven plugin config</p>\n<pre><code>         &lt;plugin&gt;\n                &lt;groupId&gt;org.codehaus.gmavenplus&lt;/groupId&gt;\n                &lt;artifactId&gt;gmavenplus-plugin&lt;/artifactId&gt;\n                &lt;version&gt;1.13.1&lt;/version&gt;\n                &lt;executions&gt;\n                    &lt;execution&gt;\n                        &lt;goals&gt;\n                            &lt;goal&gt;addTestSources&lt;/goal&gt;\n                            &lt;goal&gt;compileTests&lt;/goal&gt;\n                        &lt;/goals&gt;\n                    &lt;/execution&gt;\n                &lt;/executions&gt;\n                &lt;configuration&gt;\n                    &lt;sources&gt;\n                        &lt;source&gt;\n                            &lt;directory&gt;${project.basedir}/src/main/java&lt;/directory&gt;\n                            &lt;includes&gt;\n                                &lt;include&gt;**/*.groovy&lt;/include&gt;\n                            &lt;/includes&gt;\n                        &lt;/source&gt;\n                    &lt;/sources&gt;\n                    &lt;testSources&gt;\n                        &lt;testSource&gt;\n                            &lt;directory&gt;${project.basedir}/src/test/java&lt;/directory&gt;\n                            &lt;includes&gt;\n                                &lt;include&gt;**/*.groovy&lt;/include&gt;\n                            &lt;/includes&gt;\n                        &lt;/testSource&gt;\n                    &lt;/testSources&gt;\n                &lt;/configuration&gt;\n            &lt;/plugin&gt;\n</code></pre>\n<p>I tried upgrading gmavenplus-plugin to new versions but it is still giving the same error,\nDo i need to upgrade groovy or any other dependencies to match with 6.1.13 spring-webmvc,</p>\n"
  },
  "answers": [],
  "question_comments": [],
  "answer_comments": {}
}