{
  "question": {
    "tags": [
      "java",
      "maven",
      "maven-site-plugin",
      "doxia"
    ],
    "owner": {
      "account_id": 449256,
      "reputation": 2163,
      "user_id": 843943,
      "user_type": "registered",
      "accept_rate": 75,
      "profile_image": "https://i.sstatic.net/1V5SP.jpg?s=256",
      "display_name": "Grim",
      "link": "https://stackoverflow.com/users/843943/grim"
    },
    "is_answered": false,
    "view_count": 107,
    "answer_count": 0,
    "score": 0,
    "last_activity_date": 1732281170,
    "creation_date": 1732279940,
    "last_edit_date": 1732281170,
    "question_id": 79215100,
    "content_license": "CC BY-SA 4.0",
    "link": "https://stackoverflow.com/questions/79215100/site-not-rendering-because-of-nosuchmethoderror",
    "title": "Site not rendering because of NoSuchMethodError",
    "body": "<p>Having a pom.xml like this:</p>\n<pre class=\"lang-xml prettyprint-override\"><code>&lt;?xml version=&quot;1.0&quot; encoding=&quot;UTF-8&quot;?&gt;\n&lt;project xmlns=&quot;http://maven.apache.org/POM/4.0.0&quot;\n    xmlns:xsi=&quot;http://www.w3.org/2001/XMLSchema-instance&quot;\n    xsi:schemaLocation=&quot;http://maven.apache.org/POM/4.0.0 http://maven.apache.org/maven-v4_0_0.xsd&quot;&gt;\n    &lt;modelVersion&gt;4.0.0&lt;/modelVersion&gt;\n    &lt;groupId&gt;a&lt;/groupId&gt;\n    &lt;artifactId&gt;a&lt;/artifactId&gt;\n    &lt;version&gt;1.0.0-SNAPSHOT&lt;/version&gt;\n    &lt;packaging&gt;jar&lt;/packaging&gt;\n    &lt;name&gt;a&lt;/name&gt;\n    &lt;build&gt;\n        &lt;defaultGoal&gt;clean install javadoc:javadoc test site lesscss:compile&lt;/defaultGoal&gt;\n        &lt;plugins&gt;\n            &lt;plugin&gt;\n                &lt;groupId&gt;org.apache.maven.plugins&lt;/groupId&gt;\n                &lt;artifactId&gt;maven-site-plugin&lt;/artifactId&gt;\n                &lt;version&gt;3.21.0&lt;/version&gt;\n                &lt;dependencies&gt;\n                    &lt;dependency&gt;\n                        &lt;groupId&gt;org.asciidoctor&lt;/groupId&gt;\n                        &lt;artifactId&gt;asciidoctor-parser-doxia-module&lt;/artifactId&gt;\n                        &lt;version&gt;3.0.0&lt;/version&gt;\n                    &lt;/dependency&gt;\n                &lt;/dependencies&gt;\n            &lt;/plugin&gt;\n        &lt;/plugins&gt;\n    &lt;/build&gt;\n&lt;/project&gt;\n</code></pre>\n<p>A asciidoc like this (/src/site/asciidoc/a.adoc):</p>\n<pre class=\"lang-none prettyprint-override\"><code>= Hi\n</code></pre>\n<p>And site.xml like this (/src/site/site.xml):</p>\n<pre class=\"lang-xml prettyprint-override\"><code>&lt;?xml version=&quot;1.0&quot; encoding=&quot;UTF-8&quot;?&gt;\n&lt;project xmlns:xsi=&quot;http://www.w3.org/2001/XMLSchema-instance&quot;\n    xmlns=&quot;http://maven.apache.org/DECORATION/1.6.0&quot;\n    xsi:schemaLocation=&quot;http://maven.apache.org/DECORATION/1.6.0 http://maven.apache.org/xsd/decoration-1.6.0.xsd&quot;&gt;\n    &lt;skin&gt;\n        &lt;groupId&gt;org.apache.maven.skins&lt;/groupId&gt;\n        &lt;artifactId&gt;maven-fluido-skin&lt;/artifactId&gt;\n        &lt;version&gt;2.0.0&lt;/version&gt;\n    &lt;/skin&gt;\n&lt;/project&gt;\n</code></pre>\n<p>I get a error:</p>\n<pre class=\"lang-none prettyprint-override\"><code>C:\\xxx\\a&gt;mvn\n[INFO] Scanning for projects...\n[INFO]\n[INFO] --------------------------------&lt; a:a &gt;---------------------------------\n[INFO] Building a 1.0.0-SNAPSHOT\n[INFO]   from pom.xml\n[INFO] --------------------------------[ jar ]---------------------------------\n[INFO]\n[INFO] --- clean:3.2.0:clean (default-clean) @ a ---\n[INFO] Deleting C:\\Projects2\\a\\target\n[INFO]\n[INFO] --- resources:3.3.1:resources (default-resources) @ a ---\n[WARNING] Using platform encoding (Cp1252 actually) to copy filtered resources, i.e. build is platform dependent!\n[INFO] skip non existing resourceDirectory C:\\Projects2\\a\\src\\main\\resources\n[INFO]\n[INFO] --- compiler:3.13.0:compile (default-compile) @ a ---\n[INFO] Nothing to compile - all classes are up to date.\n[INFO]\n[INFO] --- resources:3.3.1:testResources (default-testResources) @ a ---\n[WARNING] Using platform encoding (Cp1252 actually) to copy filtered resources, i.e. build is platform dependent!\n[INFO] skip non existing resourceDirectory C:\\Projects2\\a\\src\\test\\resources\n[INFO]\n[INFO] --- compiler:3.13.0:testCompile (default-testCompile) @ a ---\n[INFO] Nothing to compile - all classes are up to date.\n[INFO]\n[INFO] --- surefire:3.2.5:test (default-test) @ a ---\n[INFO] No tests to run.\n[INFO]\n[INFO] --- jar:3.4.1:jar (default-jar) @ a ---\n[WARNING] JAR will be empty - no content was marked for inclusion!\n[INFO] Building jar: C:\\Projects2\\a\\target\\a-1.0.0-SNAPSHOT.jar\n[INFO]\n[INFO] --- install:3.1.2:install (default-install) @ a ---\n[INFO] Installing C:\\Projects2\\a\\pom.xml to C:\\Users\\xxxx\\.m2\\repository\\a\\a\\1.0.0-SNAPSHOT\\a-1.0.0-SNAPSHOT.pom\n[INFO] Installing C:\\Projects2\\a\\target\\a-1.0.0-SNAPSHOT.jar to C:\\Users\\xxxx\\.m2\\repository\\a\\a\\1.0.0-SNAPSHOT\\a-1.0.0-SNAPSHOT.jar\n[INFO]\n[INFO] &gt;&gt;&gt; javadoc:3.11.1:javadoc (default-cli) &gt; generate-sources @ a &gt;&gt;&gt;\n[INFO]\n[INFO] &lt;&lt;&lt; javadoc:3.11.1:javadoc (default-cli) &lt; generate-sources @ a &lt;&lt;&lt;\n[INFO]\n[INFO]\n[INFO] --- javadoc:3.11.1:javadoc (default-cli) @ a ---\n[INFO] Skipping org.apache.maven.plugins:maven-javadoc-plugin:3.11.1:javadoc report goal\n[INFO]\n[INFO] --- resources:3.3.1:resources (default-resources) @ a ---\n[WARNING] Using platform encoding (Cp1252 actually) to copy filtered resources, i.e. build is platform dependent!\n[INFO] skip non existing resourceDirectory C:\\Projects2\\a\\src\\main\\resources\n[INFO]\n[INFO] --- compiler:3.13.0:compile (default-compile) @ a ---\n[INFO] Nothing to compile - all classes are up to date.\n[INFO]\n[INFO] --- resources:3.3.1:testResources (default-testResources) @ a ---\n[WARNING] Using platform encoding (Cp1252 actually) to copy filtered resources, i.e. build is platform dependent!\n[INFO] skip non existing resourceDirectory C:\\Projects2\\a\\src\\test\\resources\n[INFO]\n[INFO] --- compiler:3.13.0:testCompile (default-testCompile) @ a ---\n[INFO] Nothing to compile - all classes are up to date.\n[INFO]\n[INFO] --- surefire:3.2.5:test (default-test) @ a ---\n[INFO] No tests to run.\n[INFO] Skipping execution of surefire because it has already been run for this configuration\n[INFO]\n[INFO] --- site:3.21.0:site (default-site) @ a ---\n[WARNING] Input file encoding has not been set, using platform encoding Cp1252, i.e. build is platform dependent!\n[INFO] Rendering site for default locale\n[WARNING] Report plugin org.apache.maven.plugins:maven-project-info-reports-plugin has an empty version.\n[WARNING]\n[WARNING] It is highly recommended to fix these problems because they threaten the stability of your build.\n[WARNING]\n[WARNING] For this reason, future Maven versions might no longer support building such malformed projects.\n[INFO] Configuring report plugin maven-project-info-reports-plugin:3.8.0\n[INFO] Detected 15 reports for maven-project-info-reports-plugin:3.8.0: ci-management, dependencies, dependency-info, dependency-management, distribution-management, index, issue-management, licenses, mailing-lists, modules, plugin-management, plugins, scm, summary, team\n[WARNING] Site model of 'a:a:jar:1.0.0-SNAPSHOT' for default locale is still using the old pre-version 2.0.0 model. You MUST migrate to the new model as soon as possible otherwise your build will break in the future!\n[WARNING] No project URL defined - site links will not be relativized!\n[INFO] Rendering content with org.apache.maven.skins:maven-fluido-skin:jar:2.0.0 skin\n[INFO] Rendering 1 Doxia document: 1 asciidoc\n[INFO] ------------------------------------------------------------------------\n[INFO] BUILD FAILURE\n[INFO] ------------------------------------------------------------------------\n[INFO] Total time:  6.742 s\n[INFO] Finished at: 2024-11-22T13:41:31+01:00\n[INFO] ------------------------------------------------------------------------\n[ERROR] Failed to execute goal org.apache.maven.plugins:maven-site-plugin:3.21.0:site (default-site) on project a: Execution default-site of goal org.apache.maven.plugins:maven-site-plugin:3.21.0:site failed: An API incompatibility was encountered while executing org.apache.maven.plugins:maven-site-plugin:3.21.0:site: java.lang.NoSuchMethodError: 'org.apache.maven.doxia.logging.Log org.asciidoctor.maven.site.parser.AsciidoctorAstDoxiaParser.getLog()'\n[ERROR] -----------------------------------------------------\n[ERROR] realm =    plugin&gt;org.apache.maven.plugins:maven-site-plugin:3.21.0\n[ERROR] strategy = org.codehaus.plexus.classworlds.strategy.SelfFirstStrategy\n[ERROR] urls[0] = file:/C:/Users/xxxx/.m2/repository/org/apache/maven/plugins/maven-site-plugin/3.21.0/maven-site-plugin-3.21.0.jar\n[ERROR] urls[1] = file:/C:/Users/xxxx/.m2/repository/org/asciidoctor/asciidoctor-parser-doxia-module/3.0.0/asciidoctor-parser-doxia-module-3.0.0.jar\n[ERROR] urls[2] = file:/C:/Users/xxxx/.m2/repository/org/asciidoctor/asciidoctor-maven-commons/3.0.0/asciidoctor-maven-commons-3.0.0.jar\n[ERROR] urls[3] = file:/C:/Users/xxxx/.m2/repository/org/asciidoctor/asciidoctorj/2.5.11/asciidoctorj-2.5.11.jar\n[ERROR] urls[4] = file:/C:/Users/xxxx/.m2/repository/org/asciidoctor/asciidoctorj-api/2.5.11/asciidoctorj-api-2.5.11.jar\n[ERROR] urls[5] = file:/C:/Users/xxxx/.m2/repository/com/beust/jcommander/1.82/jcommander-1.82.jar\n[ERROR] urls[6] = file:/C:/Users/xxxx/.m2/repository/org/jruby/jruby/9.4.5.0/jruby-9.4.5.0.jar\n[ERROR] urls[7] = file:/C:/Users/xxxx/.m2/repository/org/jruby/jruby-base/9.4.5.0/jruby-base-9.4.5.0.jar\n[ERROR] urls[8] = file:/C:/Users/xxxx/.m2/repository/org/ow2/asm/asm/9.2/asm-9.2.jar\n[ERROR] urls[9] = file:/C:/Users/xxxx/.m2/repository/org/ow2/asm/asm-commons/9.2/asm-commons-9.2.jar\n[ERROR] urls[10] = file:/C:/Users/xxxx/.m2/repository/org/ow2/asm/asm-tree/9.2/asm-tree-9.2.jar\n[ERROR] urls[11] = file:/C:/Users/xxxx/.m2/repository/org/ow2/asm/asm-analysis/9.2/asm-analysis-9.2.jar\n[ERROR] urls[12] = file:/C:/Users/xxxx/.m2/repository/org/ow2/asm/asm-util/9.2/asm-util-9.2.jar\n[ERROR] urls[13] = file:/C:/Users/xxxx/.m2/repository/com/github/jnr/jnr-netdb/1.2.0/jnr-netdb-1.2.0.jar\n[ERROR] urls[14] = file:/C:/Users/xxxx/.m2/repository/com/github/jnr/jnr-enxio/0.32.16/jnr-enxio-0.32.16.jar\n[ERROR] urls[15] = file:/C:/Users/xxxx/.m2/repository/com/github/jnr/jnr-unixsocket/0.38.21/jnr-unixsocket-0.38.21.jar\n[ERROR] urls[16] = file:/C:/Users/xxxx/.m2/repository/com/github/jnr/jnr-posix/3.1.18/jnr-posix-3.1.18.jar\n[ERROR] urls[17] = file:/C:/Users/xxxx/.m2/repository/com/github/jnr/jnr-constants/0.10.4/jnr-constants-0.10.4.jar\n[ERROR] urls[18] = file:/C:/Users/xxxx/.m2/repository/com/github/jnr/jnr-ffi/2.2.15/jnr-ffi-2.2.15.jar\n[ERROR] urls[19] = file:/C:/Users/xxxx/.m2/repository/com/github/jnr/jnr-a64asm/1.0.0/jnr-a64asm-1.0.0.jar\n[ERROR] urls[20] = file:/C:/Users/xxxx/.m2/repository/com/github/jnr/jnr-x86asm/1.0.2/jnr-x86asm-1.0.2.jar\n[ERROR] urls[21] = file:/C:/Users/xxxx/.m2/repository/com/github/jnr/jffi/1.3.12/jffi-1.3.12.jar\n[ERROR] urls[22] = file:/C:/Users/xxxx/.m2/repository/com/github/jnr/jffi/1.3.12/jffi-1.3.12-native.jar\n[ERROR] urls[23] = file:/C:/Users/xxxx/.m2/repository/org/jruby/joni/joni/2.2.1/joni-2.2.1.jar\n[ERROR] urls[24] = file:/C:/Users/xxxx/.m2/repository/org/jruby/jcodings/jcodings/1.0.58/jcodings-1.0.58.jar\n[ERROR] urls[25] = file:/C:/Users/xxxx/.m2/repository/org/jruby/dirgra/0.3/dirgra-0.3.jar\n[ERROR] urls[26] = file:/C:/Users/xxxx/.m2/repository/com/headius/invokebinder/1.13/invokebinder-1.13.jar\n[ERROR] urls[27] = file:/C:/Users/xxxx/.m2/repository/com/headius/options/1.6/options-1.6.jar\n[ERROR] urls[28] = file:/C:/Users/xxxx/.m2/repository/org/jruby/jzlib/1.1.5/jzlib-1.1.5.jar\n[ERROR] urls[29] = file:/C:/Users/xxxx/.m2/repository/joda-time/joda-time/2.12.5/joda-time-2.12.5.jar\n[ERROR] urls[30] = file:/C:/Users/xxxx/.m2/repository/me/qmx/jitescript/jitescript/0.4.1/jitescript-0.4.1.jar\n[ERROR] urls[31] = file:/C:/Users/xxxx/.m2/repository/com/headius/backport9/1.13/backport9-1.13.jar\n[ERROR] urls[32] = file:/C:/Users/xxxx/.m2/repository/org/jruby/jruby-stdlib/9.4.5.0/jruby-stdlib-9.4.5.0.jar\n[ERROR] urls[33] = file:/C:/Users/xxxx/.m2/repository/org/apache/maven/reporting/maven-reporting-api/4.0.0/maven-reporting-api-4.0.0.jar\n[ERROR] urls[34] = file:/C:/Users/xxxx/.m2/repository/org/apache/maven/reporting/maven-reporting-exec/2.0.0/maven-reporting-exec-2.0.0.jar\n[ERROR] urls[35] = file:/C:/Users/xxxx/.m2/repository/org/apache/maven/shared/maven-shared-utils/3.4.2/maven-shared-utils-3.4.2.jar\n[ERROR] urls[36] = file:/C:/Users/xxxx/.m2/repository/commons-io/commons-io/2.11.0/commons-io-2.11.0.jar\n[ERROR] urls[37] = file:/C:/Users/xxxx/.m2/repository/org/apache/maven/maven-archiver/3.6.2/maven-archiver-3.6.2.jar\n[ERROR] urls[38] = file:/C:/Users/xxxx/.m2/repository/org/codehaus/plexus/plexus-interpolation/1.27/plexus-interpolation-1.27.jar\n[ERROR] urls[39] = file:/C:/Users/xxxx/.m2/repository/org/codehaus/plexus/plexus-archiver/4.10.0/plexus-archiver-4.10.0.jar\n[ERROR] urls[40] = file:/C:/Users/xxxx/.m2/repository/org/codehaus/plexus/plexus-io/3.5.0/plexus-io-3.5.0.jar\n[ERROR] urls[41] = file:/C:/Users/xxxx/.m2/repository/org/apache/commons/commons-compress/1.26.2/commons-compress-1.26.2.jar\n[ERROR] urls[42] = file:/C:/Users/xxxx/.m2/repository/commons-codec/commons-codec/1.17.0/commons-codec-1.17.0.jar\n[ERROR] urls[43] = file:/C:/Users/xxxx/.m2/repository/io/airlift/aircompressor/0.27/aircompressor-0.27.jar\n[ERROR] urls[44] = file:/C:/Users/xxxx/.m2/repository/org/tukaani/xz/1.9/xz-1.9.jar\n[ERROR] urls[45] = file:/C:/Users/xxxx/.m2/repository/com/github/luben/zstd-jni/1.5.6-3/zstd-jni-1.5.6-3.jar\n[ERROR] urls[46] = file:/C:/Users/xxxx/.m2/repository/org/codehaus/plexus/plexus-i18n/1.0-beta-10/plexus-i18n-1.0-beta-10.jar\n[ERROR] urls[47] = file:/C:/Users/xxxx/.m2/repository/org/codehaus/plexus/plexus-utils/4.0.1/plexus-utils-4.0.1.jar\n[ERROR] urls[48] = file:/C:/Users/xxxx/.m2/repository/org/codehaus/plexus/plexus-xml/3.0.1/plexus-xml-3.0.1.jar\n[ERROR] urls[49] = file:/C:/Users/xxxx/.m2/repository/org/apache/maven/doxia/doxia-sink-api/2.0.0/doxia-sink-api-2.0.0.jar\n[ERROR] urls[50] = file:/C:/Users/xxxx/.m2/repository/org/apache/maven/doxia/doxia-core/2.0.0/doxia-core-2.0.0.jar\n[ERROR] urls[51] = file:/C:/Users/xxxx/.m2/repository/org/apache/commons/commons-text/1.12.0/commons-text-1.12.0.jar\n[ERROR] urls[52] = file:/C:/Users/xxxx/.m2/repository/org/apache/maven/doxia/doxia-module-xhtml5/2.0.0/doxia-module-xhtml5-2.0.0.jar\n[ERROR] urls[53] = file:/C:/Users/xxxx/.m2/repository/org/apache/maven/doxia/doxia-module-apt/2.0.0/doxia-module-apt-2.0.0.jar\n[ERROR] urls[54] = file:/C:/Users/xxxx/.m2/repository/org/apache/maven/doxia/doxia-module-xdoc/2.0.0/doxia-module-xdoc-2.0.0.jar\n[ERROR] urls[55] = file:/C:/Users/xxxx/.m2/repository/org/apache/maven/doxia/doxia-module-fml/2.0.0/doxia-module-fml-2.0.0.jar\n[ERROR] urls[56] = file:/C:/Users/xxxx/.m2/repository/org/apache/maven/doxia/doxia-module-markdown/2.0.0/doxia-module-markdown-2.0.0.jar\n[ERROR] urls[57] = file:/C:/Users/xxxx/.m2/repository/com/vladsch/flexmark/flexmark/0.62.2/flexmark-0.62.2.jar\n[ERROR] urls[58] = file:/C:/Users/xxxx/.m2/repository/com/vladsch/flexmark/flexmark-util-builder/0.62.2/flexmark-util-builder-0.62.2.jar\n[ERROR] urls[59] = file:/C:/Users/xxxx/.m2/repository/com/vladsch/flexmark/flexmark-util-collection/0.62.2/flexmark-util-collection-0.62.2.jar\n[ERROR] urls[60] = file:/C:/Users/xxxx/.m2/repository/com/vladsch/flexmark/flexmark-util-dependency/0.62.2/flexmark-util-dependency-0.62.2.jar\n[ERROR] urls[61] = file:/C:/Users/xxxx/.m2/repository/com/vladsch/flexmark/flexmark-util-format/0.62.2/flexmark-util-format-0.62.2.jar\n[ERROR] urls[62] = file:/C:/Users/xxxx/.m2/repository/com/vladsch/flexmark/flexmark-util-html/0.62.2/flexmark-util-html-0.62.2.jar\n[ERROR] urls[63] = file:/C:/Users/xxxx/.m2/repository/com/vladsch/flexmark/flexmark-util-visitor/0.62.2/flexmark-util-visitor-0.62.2.jar\n[ERROR] urls[64] = file:/C:/Users/xxxx/.m2/repository/com/vladsch/flexmark/flexmark-util-data/0.62.2/flexmark-util-data-0.62.2.jar\n[ERROR] urls[65] = file:/C:/Users/xxxx/.m2/repository/com/vladsch/flexmark/flexmark-util-misc/0.62.2/flexmark-util-misc-0.62.2.jar\n[ERROR] urls[66] = file:/C:/Users/xxxx/.m2/repository/com/vladsch/flexmark/flexmark-util-sequence/0.62.2/flexmark-util-sequence-0.62.2.jar\n[ERROR] urls[67] = file:/C:/Users/xxxx/.m2/repository/com/vladsch/flexmark/flexmark-util-ast/0.62.2/flexmark-util-ast-0.62.2.jar\n[ERROR] urls[68] = file:/C:/Users/xxxx/.m2/repository/com/vladsch/flexmark/flexmark-ext-abbreviation/0.62.2/flexmark-ext-abbreviation-0.62.2.jar\n[ERROR] urls[69] = file:/C:/Users/xxxx/.m2/repository/com/vladsch/flexmark/flexmark-util/0.62.2/flexmark-util-0.62.2.jar\n[ERROR] urls[70] = file:/C:/Users/xxxx/.m2/repository/com/vladsch/flexmark/flexmark-util-options/0.62.2/flexmark-util-options-0.62.2.jar\n[ERROR] urls[71] = file:/C:/Users/xxxx/.m2/repository/com/vladsch/flexmark/flexmark-ext-autolink/0.62.2/flexmark-ext-autolink-0.62.2.jar\n[ERROR] urls[72] = file:/C:/Users/xxxx/.m2/repository/org/nibor/autolink/autolink/0.6.0/autolink-0.6.0.jar\n[ERROR] urls[73] = file:/C:/Users/xxxx/.m2/repository/com/vladsch/flexmark/flexmark-ext-definition/0.62.2/flexmark-ext-definition-0.62.2.jar\n[ERROR] urls[74] = file:/C:/Users/xxxx/.m2/repository/com/vladsch/flexmark/flexmark-ext-escaped-character/0.62.2/flexmark-ext-escaped-character-0.62.2.jar\n[ERROR] urls[75] = file:/C:/Users/xxxx/.m2/repository/com/vladsch/flexmark/flexmark-ext-footnotes/0.62.2/flexmark-ext-footnotes-0.62.2.jar\n[ERROR] urls[76] = file:/C:/Users/xxxx/.m2/repository/com/vladsch/flexmark/flexmark-ext-gfm-strikethrough/0.62.2/flexmark-ext-gfm-strikethrough-0.62.2.jar\n[ERROR] urls[77] = file:/C:/Users/xxxx/.m2/repository/com/vladsch/flexmark/flexmark-ext-tables/0.62.2/flexmark-ext-tables-0.62.2.jar\n[ERROR] urls[78] = file:/C:/Users/xxxx/.m2/repository/com/vladsch/flexmark/flexmark-ext-typographic/0.62.2/flexmark-ext-typographic-0.62.2.jar\n[ERROR] urls[79] = file:/C:/Users/xxxx/.m2/repository/com/vladsch/flexmark/flexmark-ext-wikilink/0.62.2/flexmark-ext-wikilink-0.62.2.jar\n[ERROR] urls[80] = file:/C:/Users/xxxx/.m2/repository/com/vladsch/flexmark/flexmark-ext-yaml-front-matter/0.62.2/flexmark-ext-yaml-front-matter-0.62.2.jar\n[ERROR] urls[81] = file:/C:/Users/xxxx/.m2/repository/org/jetbrains/annotations/25.0.0/annotations-25.0.0.jar\n[ERROR] urls[82] = file:/C:/Users/xxxx/.m2/repository/org/apache/maven/doxia/doxia-site-model/2.0.0/doxia-site-model-2.0.0.jar\n[ERROR] urls[83] = file:/C:/Users/xxxx/.m2/repository/org/eclipse/sisu/org.eclipse.sisu.inject/0.9.0.M3/org.eclipse.sisu.inject-0.9.0.M3.jar\n[ERROR] urls[84] = file:/C:/Users/xxxx/.m2/repository/org/codehaus/plexus/plexus-component-annotations/2.1.0/plexus-component-annotations-2.1.0.jar\n[ERROR] urls[85] = file:/C:/Users/xxxx/.m2/repository/org/apache/maven/doxia/doxia-site-renderer/2.0.0/doxia-site-renderer-2.0.0.jar\n[ERROR] urls[86] = file:/C:/Users/xxxx/.m2/repository/org/apache/maven/doxia/doxia-skin-model/2.0.0/doxia-skin-model-2.0.0.jar\n[ERROR] urls[87] = file:/C:/Users/xxxx/.m2/repository/org/codehaus/plexus/plexus-velocity/2.2.0/plexus-velocity-2.2.0.jar\n[ERROR] urls[88] = file:/C:/Users/xxxx/.m2/repository/org/apache/velocity/velocity-engine-core/2.4/velocity-engine-core-2.4.jar\n[ERROR] urls[89] = file:/C:/Users/xxxx/.m2/repository/org/apache/velocity/tools/velocity-tools-generic/3.1/velocity-tools-generic-3.1.jar\n[ERROR] urls[90] = file:/C:/Users/xxxx/.m2/repository/commons-beanutils/commons-beanutils/1.9.4/commons-beanutils-1.9.4.jar\n[ERROR] urls[91] = file:/C:/Users/xxxx/.m2/repository/commons-logging/commons-logging/1.2/commons-logging-1.2.jar\n[ERROR] urls[92] = file:/C:/Users/xxxx/.m2/repository/commons-collections/commons-collections/3.2.2/commons-collections-3.2.2.jar\n[ERROR] urls[93] = file:/C:/Users/xxxx/.m2/repository/org/apache/commons/commons-digester3/3.2/commons-digester3-3.2.jar\n[ERROR] urls[94] = file:/C:/Users/xxxx/.m2/repository/com/github/cliftonlabs/json-simple/3.0.2/json-simple-3.0.2.jar\n[ERROR] urls[95] = file:/C:/Users/xxxx/.m2/repository/org/apache/maven/doxia/doxia-integration-tools/2.0.0/doxia-integration-tools-2.0.0.jar\n[ERROR] urls[96] = file:/C:/Users/xxxx/.m2/repository/org/apache/commons/commons-lang3/3.17.0/commons-lang3-3.17.0.jar\n[ERROR] urls[97] = file:/C:/Users/xxxx/.m2/repository/org/eclipse/jetty/jetty-server/9.4.56.v20240826/jetty-server-9.4.56.v20240826.jar\n[ERROR] urls[98] = file:/C:/Users/xxxx/.m2/repository/javax/servlet/javax.servlet-api/3.1.0/javax.servlet-api-3.1.0.jar\n[ERROR] urls[99] = file:/C:/Users/xxxx/.m2/repository/org/eclipse/jetty/jetty-io/9.4.56.v20240826/jetty-io-9.4.56.v20240826.jar\n[ERROR] urls[100] = file:/C:/Users/xxxx/.m2/repository/org/eclipse/jetty/jetty-http/9.4.56.v20240826/jetty-http-9.4.56.v20240826.jar\n[ERROR] urls[101] = file:/C:/Users/xxxx/.m2/repository/org/eclipse/jetty/jetty-servlet/9.4.56.v20240826/jetty-servlet-9.4.56.v20240826.jar\n[ERROR] urls[102] = file:/C:/Users/xxxx/.m2/repository/org/eclipse/jetty/jetty-security/9.4.56.v20240826/jetty-security-9.4.56.v20240826.jar\n[ERROR] urls[103] = file:/C:/Users/xxxx/.m2/repository/org/eclipse/jetty/jetty-util-ajax/9.4.56.v20240826/jetty-util-ajax-9.4.56.v20240826.jar\n[ERROR] urls[104] = file:/C:/Users/xxxx/.m2/repository/org/eclipse/jetty/jetty-webapp/9.4.56.v20240826/jetty-webapp-9.4.56.v20240826.jar\n[ERROR] urls[105] = file:/C:/Users/xxxx/.m2/repository/org/eclipse/jetty/jetty-xml/9.4.56.v20240826/jetty-xml-9.4.56.v20240826.jar\n[ERROR] urls[106] = file:/C:/Users/xxxx/.m2/repository/org/eclipse/jetty/jetty-util/9.4.56.v20240826/jetty-util-9.4.56.v20240826.jar\n[ERROR] Number of foreign imports: 1\n[ERROR] import: Entry[import  from realm ClassRealm[maven.api, parent: null]]\n[ERROR]\n[ERROR] -----------------------------------------------------\n[ERROR]\n[ERROR] -&gt; [Help 1]\n[ERROR]\n[ERROR] To see the full stack trace of the errors, re-run Maven with the -e switch.\n[ERROR] Re-run Maven using the -X switch to enable full debug logging.\n[ERROR]\n[ERROR] For more information about the errors and possible solutions, please read the following articles:\n[ERROR] [Help 1] http://cwiki.apache.org/confluence/display/MAVEN/PluginContainerException\n</code></pre>\n<p>Any ideas?</p>\n"
  },
  "answers": [],
  "question_comments": [],
  "answer_comments": {}
}