{
  "question": {
    "tags": [
      "java",
      "unit-testing",
      "quarkus",
      "junit5",
      "runtimeexception"
    ],
    "owner": {
      "account_id": 18040407,
      "reputation": 31,
      "user_id": 13112706,
      "user_type": "registered",
      "profile_image": "https://lh3.googleusercontent.com/-iW2mAfDf0dU/AAAAAAAAAAI/AAAAAAAAAAA/AKF05nCs0OzfHHm5vNPdwGVuVbxBdQgQBA/s256-rj/photo.jpg",
      "display_name": "tomosnam",
      "link": "https://stackoverflow.com/users/13112706/tomosnam"
    },
    "is_answered": false,
    "view_count": 358,
    "answer_count": 1,
    "score": 2,
    "last_activity_date": 1734945657,
    "creation_date": 1733938312,
    "last_edit_date": 1733939032,
    "question_id": 79272657,
    "content_license": "CC BY-SA 4.0",
    "link": "https://stackoverflow.com/questions/79272657/issues-running-unit-tests-in-quarkus",
    "title": "Issues Running Unit Tests in Quarkus",
    "body": "<p>I’m trying to start unit testing, but I’m encountering some errors when executing any test:</p>\n<pre><code>@QuarkusTest\nclass AccountResourceTest {\n    @BeforeEach\n    void setUp() {\n    }\n\n    @Test\n    void getUserProfile() {    \n        assertEquals(&quot;UserTest&quot;, &quot;UserTest&quot;);\n    }\n</code></pre>\n<p>However, when I run this test, I receive the following errors:</p>\n<pre><code>java.lang.RuntimeException: io.quarkus.bootstrap.BootstrapException: Failed to create the application model for backend-account::jar:2024.3.1-SNAPSHOTnull\n\n    at io.quarkus.test.junit.QuarkusTestExtension.throwBootFailureException(QuarkusTestExtension.java:642)\n    at io.quarkus.test.junit.QuarkusTestExtension.interceptTestClassConstructor(QuarkusTestExtension.java:726)\n    at java.base/java.util.Optional.orElseGet(Optional.java:364)\n    at java.base/java.util.ArrayList.forEach(ArrayList.java:1596)\n    at java.base/java.util.ArrayList.forEach(ArrayList.java:1596)\nCaused by: io.quarkus.bootstrap.BootstrapException: Failed to create the application model for backend-account::jar:2024.3.1-SNAPSHOTnull\n    at io.quarkus.bootstrap.BootstrapAppModelFactory.resolveAppModel(BootstrapAppModelFactory.java:308)\n    at io.quarkus.bootstrap.app.QuarkusBootstrap.bootstrap(QuarkusBootstrap.java:133)\n    at io.quarkus.test.junit.AbstractJvmQuarkusTestExtension.createAugmentor(AbstractJvmQuarkusTestExtension.java:190)\n    at io.quarkus.test.junit.QuarkusTestExtension.doJavaStart(QuarkusTestExtension.java:218)\n    at io.quarkus.test.junit.QuarkusTestExtension.ensureStarted(QuarkusTestExtension.java:609)\n    at io.quarkus.test.junit.QuarkusTestExtension.beforeAll(QuarkusTestExtension.java:659)\n    ... 1 more\nCaused by: java.lang.RuntimeException: Failed to create application model resolver for backend-account\n    at io.quarkus.bootstrap.BootstrapAppModelFactory.getAppModelResolver(BootstrapAppModelFactory.java:165)\n    at io.quarkus.bootstrap.BootstrapAppModelFactory.resolveAppModel(BootstrapAppModelFactory.java:293)\n    ... 6 more\nCaused by: java.lang.RuntimeException: Cannot get declared constructors from class org.apache.maven.profiles.activation.FileProfileActivator\n    at io.smallrye.beanbag.sisu.Sisu.findConstructor(Sisu.java:874)\n    at io.smallrye.beanbag.sisu.Sisu.addBeanFromXml(Sisu.java:453)\n    at io.smallrye.beanbag.sisu.Sisu.addClassLoader(Sisu.java:124)\n    at io.smallrye.beanbag.maven.MavenFactory.&lt;init&gt;(MavenFactory.java:71)\n    at io.smallrye.beanbag.maven.MavenFactory.create(MavenFactory.java:96)\n    at io.smallrye.beanbag.maven.MavenFactory.create(MavenFactory.java:111)\n    at io.smallrye.beanbag.maven.MavenFactory.create(MavenFactory.java:124)\n    at io.quarkus.bootstrap.resolver.maven.BootstrapMavenContext.configureMavenFactory(BootstrapMavenContext.java:889)\n    at io.quarkus.bootstrap.resolver.maven.BootstrapMavenContext.initRepoSystemAndManager(BootstrapMavenContext.java:876)\n    at io.quarkus.bootstrap.resolver.maven.BootstrapMavenContext.getRepositorySystem(BootstrapMavenContext.java:292)\n    at io.quarkus.bootstrap.resolver.maven.MavenArtifactResolver.&lt;init&gt;(MavenArtifactResolver.java:114)\n    at io.quarkus.bootstrap.BootstrapAppModelFactory.getAppModelResolver(BootstrapAppModelFactory.java:161)\n    ... 7 more\nCaused by: java.lang.NoClassDefFoundError: org/codehaus/plexus/util/interpolation/ValueSource\n    at java.base/java.lang.Class.getDeclaredConstructors0(Native Method)\n    at java.base/java.lang.Class.privateGetDeclaredConstructors(Class.java:3549)\n    at java.base/java.lang.Class.getDeclaredConstructors(Class.java:2727)\n    at io.smallrye.beanbag.sisu.Sisu.findConstructor(Sisu.java:872)\n    ... 18 more\nCaused by: java.lang.ClassNotFoundException: org.codehaus.plexus.util.interpolation.ValueSource\n    at java.base/jdk.internal.loader.BuiltinClassLoader.loadClass(BuiltinClassLoader.java:641)\n    at java.base/jdk.internal.loader.ClassLoaders$AppClassLoader.loadClass(ClassLoaders.java:188)\n    at java.base/java.lang.ClassLoader.loadClass(ClassLoader.java:526)\n    ... 22 more\n\n</code></pre>\n<p>To give you better insight into my setup, here are the dependencies I'm using</p>\n<pre><code> &lt;!-- Testing --&gt;\n        &lt;dependency&gt;\n            &lt;groupId&gt;io.quarkus&lt;/groupId&gt;\n            &lt;artifactId&gt;quarkus-junit5&lt;/artifactId&gt;\n            &lt;scope&gt;test&lt;/scope&gt;\n        &lt;/dependency&gt;\n        &lt;dependency&gt;\n            &lt;groupId&gt;io.rest-assured&lt;/groupId&gt;\n            &lt;artifactId&gt;rest-assured&lt;/artifactId&gt;\n            &lt;scope&gt;test&lt;/scope&gt;\n        &lt;/dependency&gt;\n        &lt;dependency&gt;\n            &lt;groupId&gt;io.quarkus&lt;/groupId&gt;\n            &lt;artifactId&gt;quarkus-junit5-mockito&lt;/artifactId&gt;\n            &lt;scope&gt;test&lt;/scope&gt;\n        &lt;/dependency&gt;\n        &lt;dependency&gt;\n            &lt;groupId&gt;io.quarkus&lt;/groupId&gt;\n            &lt;artifactId&gt;quarkus-test-security&lt;/artifactId&gt;\n            &lt;scope&gt;test&lt;/scope&gt;\n        &lt;/dependency&gt;\n        &lt;dependency&gt;\n            &lt;groupId&gt;org.wiremock&lt;/groupId&gt;\n            &lt;artifactId&gt;wiremock&lt;/artifactId&gt;\n            &lt;version&gt;${org.wiremock.version}&lt;/version&gt;\n            &lt;scope&gt;provided&lt;/scope&gt;\n        &lt;/dependency&gt;\n        &lt;dependency&gt;\n            &lt;groupId&gt;io.quarkus&lt;/groupId&gt;\n            &lt;artifactId&gt;quarkus-jacoco&lt;/artifactId&gt;\n            &lt;scope&gt;test&lt;/scope&gt;\n        &lt;/dependency&gt;\n</code></pre>\n<p>What I would like to know is:</p>\n<ol>\n<li>What steps can I take to resolve them?</li>\n</ol>\n<p>Any advice or suggestions would be greatly appreciated. Thank you in advance!</p>\n"
  },
  "answers": [],
  "question_comments": [],
  "answer_comments": {}
}