{
  "question": {
    "tags": [
      "java",
      "android",
      "kotlin",
      "gradle",
      "android-gradle-plugin"
    ],
    "owner": {
      "account_id": 23477658,
      "reputation": 578,
      "user_id": 17530237,
      "user_type": "registered",
      "profile_image": "https://lh3.googleusercontent.com/a-/AOh14GhVvbMvOyCG5gZhfLwwXQA_pT9xnNLegGJS4z8s=k-s256",
      "display_name": "kamal douma",
      "link": "https://stackoverflow.com/users/17530237/kamal-douma"
    },
    "is_answered": false,
    "view_count": 161,
    "answer_count": 0,
    "score": 1,
    "last_activity_date": 1748913135,
    "creation_date": 1734156851,
    "last_edit_date": 1748913135,
    "question_id": 79280163,
    "content_license": "CC BY-SA 4.0",
    "link": "https://stackoverflow.com/questions/79280163/android-task-appconnecteddebugandroidtest-fails-with-error-caused-by-org-bo",
    "title": "android Task :app:connectedDebugAndroidTest fails with error : caused by: org.bouncycastle.openssl.PEMException: malformed sequence in RSA private key",
    "body": "<p>I'm trying to run basic instrumented test on my android app to test room database, when I run the test, the task:</p>\n<pre><code>:app:connectedDebugAndroidTest \n</code></pre>\n<p>always fails and throws the following error:</p>\n<pre><code>caused by: org.bouncycastle.openssl.PEMException: malformed sequence in RSA private key\n</code></pre>\n<p>also, worth nothing that it's my first time working with test, and I noticed that android studio shows 0 test, I don't know if that's related or another issue I need to solve separately.</p>\n<p><a href=\"https://i.sstatic.net/Uw29eFED.png\" rel=\"nofollow noreferrer\"><img src=\"https://i.sstatic.net/Uw29eFED.png\" alt=\"enter image description here\" /></a></p>\n<p><a href=\"https://i.sstatic.net/QSWMmSnZ.png\" rel=\"nofollow noreferrer\"><img src=\"https://i.sstatic.net/QSWMmSnZ.png\" alt=\"enter image description here\" /></a></p>\n<p>Here is my simple test class:</p>\n<pre><code>import androidx.room.Room\nimport androidx.test.core.app.ApplicationProvider\nimport androidx.test.ext.junit.runners.AndroidJUnit4\nimport androidx.test.filters.SmallTest\nimport kotlinx.coroutines.test.runBlockingTest\nimport org.junit.After\nimport org.junit.Before\nimport org.junit.Test\nimport org.junit.runner.RunWith\n\n@RunWith(AndroidJUnit4::class)\n@SmallTest\nclass RequestsDaoTest {\n\n    private lateinit var dataBase: RequestsDataBase\n    private lateinit var requestDao: RequestDao\n\n\n    @Before\n    fun createDb(){\n        dataBase = Room.inMemoryDatabaseBuilder(\n            ApplicationProvider.getApplicationContext(),\n            RequestsDataBase::class.java,\n        ).allowMainThreadQueries()\n            .build()\n\n        requestDao = dataBase.RequestDao()\n    }\n\n\n    @After\n    fun closeDb(){\n        dataBase.close()\n    }\n\n    @Test\n    fun assert_one_record_added_after_insert(){\n        runBlockingTest {\n            requestDao.insert(Request(&quot;jj&quot;,&quot;ll&quot;,&quot;2024-12-23&quot;))\n\n            val data = requestDao.read()\n            assert(data.size == 1)\n        }\n    }\n} \n</code></pre>\n<p>also here are my full logs of the Task :app:connectedDebugAndroidTest task:</p>\n<p><a href=\"https://www.mashupstack.com/share/675c5c544d920\" rel=\"nofollow noreferrer\">https://www.mashupstack.com/share/675c5c544d920</a></p>\n<p>I tried changing both gradle and my jdk but the issue persisted, I have searched online but zero results found.</p>\n"
  },
  "answers": [],
  "question_comments": [],
  "answer_comments": {}
}