{
  "question": {
    "tags": [
      "java",
      "android",
      "gradle"
    ],
    "owner": {
      "account_id": 18384599,
      "reputation": 21,
      "user_id": 27245664,
      "user_type": "registered",
      "profile_image": "https://www.gravatar.com/avatar/110d06592c414aceff42d9e961c00a0a?s=256&d=identicon&r=PG&f=y&so-version=2",
      "display_name": "user27245664",
      "link": "https://stackoverflow.com/users/27245664/user27245664"
    },
    "is_answered": false,
    "view_count": 255,
    "answer_count": 1,
    "score": 2,
    "last_activity_date": 1745048476,
    "creation_date": 1734283194,
    "question_id": 79282802,
    "content_license": "CC BY-SA 4.0",
    "link": "https://stackoverflow.com/questions/79282802/nulltype-cannot-be-represented-as-a-class-sdk-35-in-android",
    "title": "&lt;nulltype&gt; cannot be represented as a Class&lt;?&gt; SDK 35 in Android",
    "body": "<p>I was using compile 34 as the target SDK in my project and it gave me a warning that I should now make it 35. So I made the compile SDK 35 and then when I did the rebuild it gave me an error like this. The error text is very long\nI had no problems running on android 34. There are some sections about room in the error message. But I don't know if I updated the room and gson versions before the error.</p>\n<p>Android Studio Ladybug | 2024.2.1 Patch 3</p>\n<pre><code>android {\n    useLibrary 'org.apache.http.legacy'\n    compileSdk 35\n    defaultConfig {\n        applicationId &quot;com.myapp&quot;\n        minSdkVersion 23\n        targetSdk 35\n        targetSdkVersion 35\n</code></pre>\n<p>The content of the error is as follows</p>\n<pre><code>\nExecution failed for task ':app:compileDebugJavaWithJavac'.\n&gt; java.lang.IllegalArgumentException: &lt;nulltype&gt; cannot be represented as a Class&lt;?&gt;.\n\n* Try:\n&gt; Run with --info or --debug option to get more log output.\n&gt; Run with --scan to get full insights.\n\n* Exception is:\norg.gradle.api.tasks.TaskExecutionException: Execution failed for task ':app:compileDebugJavaWithJavac'.\n    at org.gradle.api.internal.tasks.execution.ExecuteActionsTaskExecuter.lambda$executeIfValid$1(ExecuteActionsTaskExecuter.java:130)\n    at org.gradle.internal.Try$Failure.ifSuccessfulOrElse(Try.java:293)\n    at org.gradle.api.internal.tasks.execution.ExecuteActionsTaskExecuter.executeIfValid(ExecuteActionsTaskExecuter.java:128)\n    at org.gradle.api.internal.tasks.execution.ExecuteActionsTaskExecuter.execute(ExecuteActionsTaskExecuter.java:116)\n    at org.gradle.api.internal.tasks.execution.FinalizePropertiesTaskExecuter.execute(FinalizePropertiesTaskExecuter.java:46)\n    at org.gradle.api.internal.tasks.execution.ResolveTaskExecutionModeExecuter.execute(ResolveTaskExecutionModeExecuter.java:51)\n    at org.gradle.api.internal.tasks.execution.SkipTaskWithNoActionsExecuter.execute(SkipTaskWithNoActionsExecuter.java:57)\n    at org.gradle.api.internal.tasks.execution.SkipOnlyIfTaskExecuter.execute(SkipOnlyIfTaskExecuter.java:74)\n    at org.gradle.api.internal.tasks.execution.CatchExceptionTaskExecuter.execute(CatchExceptionTaskExecuter.java:36)\n    at org.gradle.api.internal.tasks.execution.EventFiringTaskExecuter$1.executeTask(EventFiringTaskExecuter.java:77)\n    at org.gradle.api.internal.tasks.execution.EventFiringTaskExecuter$1.call(EventFiringTaskExecuter.java:55)\n    at org.gradle.api.internal.tasks.execution.EventFiringTaskExecuter$1.call(EventFiringTaskExecuter.java:52)\n    at org.gradle.internal.operations.DefaultBuildOperationRunner$CallableBuildOperationWorker.execute(DefaultBuildOperationRunner.java:209)\n    at org.gradle.internal.operations.DefaultBuildOperationRunner$CallableBuildOperationWorker.execute(DefaultBuildOperationRunner.java:204)\n    at org.gradle.internal.operations.DefaultBuildOperationRunner$2.execute(DefaultBuildOperationRunner.java:66)\n    at org.gradle.internal.operations.DefaultBuildOperationRunner$2.execute(DefaultBuildOperationRunner.java:59)\n    at org.gradle.internal.operations.DefaultBuildOperationRunner.execute(DefaultBuildOperationRunner.java:166)\n    at org.gradle.internal.operations.DefaultBuildOperationRunner.execute(DefaultBuildOperationRunner.java:59)\n    at org.gradle.internal.operations.DefaultBuildOperationRunner.call(DefaultBuildOperationRunner.java:53)\n    at org.gradle.api.internal.tasks.execution.EventFiringTaskExecuter.execute(EventFiringTaskExecuter.java:52)\n    at org.gradle.execution.plan.LocalTaskNodeExecutor.execute(LocalTaskNodeExecutor.java:42)\n    at org.gradle.execution.taskgraph.DefaultTaskExecutionGraph$InvokeNodeExecutorsAction.execute(DefaultTaskExecutionGraph.java:331)\n    at org.gradle.execution.taskgraph.DefaultTaskExecutionGraph$InvokeNodeExecutorsAction.execute(DefaultTaskExecutionGraph.java:318)\n    at org.gradle.execution.taskgraph.DefaultTaskExecutionGraph$BuildOperationAwareExecutionAction.lambda$execute$0(DefaultTaskExecutionGraph.java:314)\n    at org.gradle.internal.operations.CurrentBuildOperationRef.with(CurrentBuildOperationRef.java:85)\n    at org.gradle.execution.taskgraph.DefaultTaskExecutionGraph$BuildOperationAwareExecutionAction.execute(DefaultTaskExecutionGraph.java:314)\n    at org.gradle.execution.taskgraph.DefaultTaskExecutionGraph$BuildOperationAwareExecutionAction.execute(DefaultTaskExecutionGraph.java:303)\n    at org.gradle.execution.plan.DefaultPlanExecutor$ExecutorWorker.execute(DefaultPlanExecutor.java:459)\n    at org.gradle.execution.plan.DefaultPlanExecutor$ExecutorWorker.run(DefaultPlanExecutor.java:376)\n    at org.gradle.internal.concurrent.ExecutorPolicy$CatchAndRecordFailures.onExecute(ExecutorPolicy.java:64)\n    at org.gradle.internal.concurrent.AbstractManagedExecutor$1.run(AbstractManagedExecutor.java:48)\nCaused by: java.lang.RuntimeException: java.lang.IllegalArgumentException: &lt;nulltype&gt; cannot be represented as a Class&lt;?&gt;.\n    at jdk.compiler/com.sun.tools.javac.api.JavacTaskImpl.invocationHelper(JavacTaskImpl.java:168)\n    at jdk.compiler/com.sun.tools.javac.api.JavacTaskImpl.doCall(JavacTaskImpl.java:100)\n    at jdk.compiler/com.sun.tools.javac.api.JavacTaskImpl.call(JavacTaskImpl.java:94)\n    at org.gradle.internal.compiler.java.IncrementalCompileTask.call(IncrementalCompileTask.java:92)\n    at org.gradle.api.internal.tasks.compile.AnnotationProcessingCompileTask.call(AnnotationProcessingCompileTask.java:94)\n    at org.gradle.api.internal.tasks.compile.ResourceCleaningCompilationTask.call(ResourceCleaningCompilationTask.java:57)\n    at org.gradle.api.internal.tasks.compile.JdkJavaCompiler.execute(JdkJavaCompiler.java:78)\n    at org.gradle.api.internal.tasks.compile.JdkJavaCompiler.execute(JdkJavaCompiler.java:46)\n    at org.gradle.api.internal.tasks.compile.NormalizingJavaCompiler.delegateAndHandleErrors(NormalizingJavaCompiler.java:98)\n    at org.gradle.api.internal.tasks.compile.NormalizingJavaCompiler.execute(NormalizingJavaCompiler.java:52)\n    at org.gradle.api.internal.tasks.compile.NormalizingJavaCompiler.execute(NormalizingJavaCompiler.java:38)\n    at org.gradle.api.internal.tasks.compile.AnnotationProcessorDiscoveringCompiler.execute(AnnotationProcessorDiscoveringCompiler.java:52)\n    at org.gradle.api.internal.tasks.compile.AnnotationProcessorDiscoveringCompiler.execute(AnnotationProcessorDiscoveringCompiler.java:38)\n    at org.gradle.api.internal.tasks.compile.ModuleApplicationNameWritingCompiler.execute(ModuleApplicationNameWritingCompiler.java:46)\n    at org.gradle.api.internal.tasks.compile.ModuleApplicationNameWritingCompiler.execute(ModuleApplicationNameWritingCompiler.java:36)\n    at org.gradle.jvm.toolchain.internal.DefaultToolchainJavaCompiler.execute(DefaultToolchainJavaCompiler.java:57)\n    at org.gradle.api.tasks.compile.JavaCompile.lambda$createToolchainCompiler$3(JavaCompile.java:205)\n    at org.gradle.api.internal.tasks.compile.CleaningJavaCompiler.execute(CleaningJavaCompiler.java:53)\n    at org.gradle.api.internal.tasks.compile.incremental.IncrementalCompilerFactory.lambda$createRebuildAllCompiler$0(IncrementalCompilerFactory.java:52)\n    at org.gradle.api.internal.tasks.compile.incremental.SelectiveCompiler.execute(SelectiveCompiler.java:70)\n    at org.gradle.api.internal.tasks.compile.incremental.SelectiveCompiler.execute(SelectiveCompiler.java:44)\n    at org.gradle.api.internal.tasks.compile.incremental.IncrementalResultStoringCompiler.execute(IncrementalResultStoringCompiler.java:66)\n    at org.gradle.api.internal.tasks.compile.incremental.IncrementalResultStoringCompiler.execute(IncrementalResultStoringCompiler.java:52)\n    at org.gradle.api.internal.tasks.compile.CompileJavaBuildOperationReportingCompiler$1.call(CompileJavaBuildOperationReportingCompiler.java:64)\n    at org.gradle.api.internal.tasks.compile.CompileJavaBuildOperationReportingCompiler$1.call(CompileJavaBuildOperationReportingCompiler.java:48)\n    at org.gradle.internal.operations.DefaultBuildOperationRunner$CallableBuildOperationWorker.execute(DefaultBuildOperationRunner.java:209)\n    at org.gradle.internal.operations.DefaultBuildOperationRunner$CallableBuildOperationWorker.execute(DefaultBuildOperationRunner.java:204)\n    at org.gradle.internal.operations.DefaultBuildOperationRunner$2.execute(DefaultBuildOperationRunner.java:66)\n    at org.gradle.internal.operations.DefaultBuildOperationRunner$2.execute(DefaultBuildOperationRunner.java:59)\n    at org.gradle.internal.operations.DefaultBuildOperationRunner.execute(DefaultBuildOperationRunner.java:166)\n    at org.gradle.internal.operations.DefaultBuildOperationRunner.execute(DefaultBuildOperationRunner.java:59)\n    at org.gradle.internal.operations.DefaultBuildOperationRunner.call(DefaultBuildOperationRunner.java:53)\n    at org.gradle.api.internal.tasks.compile.CompileJavaBuildOperationReportingCompiler.execute(CompileJavaBuildOperationReportingCompiler.java:48)\n    at org.gradle.api.tasks.compile.JavaCompile.performCompilation(JavaCompile.java:223)\n    at org.gradle.api.tasks.compile.JavaCompile.performIncrementalCompilation(JavaCompile.java:164)\n    at org.gradle.api.tasks.compile.JavaCompile.compile(JavaCompile.java:149)\n    at java.base/jdk.internal.reflect.DirectMethodHandleAccessor.invoke(DirectMethodHandleAccessor.java:104)\n    at org.gradle.internal.reflect.JavaMethod.invoke(JavaMethod.java:125)\n    at org.gradle.api.internal.project.taskfactory.IncrementalTaskAction.doExecute(IncrementalTaskAction.java:45)\n    at org.gradle.api.internal.project.taskfactory.StandardTaskAction.execute(StandardTaskAction.java:51)\n    at org.gradle.api.internal.project.taskfactory.IncrementalTaskAction.execute(IncrementalTaskAction.java:26)\n    at org.gradle.api.internal.project.taskfactory.StandardTaskAction.execute(StandardTaskAction.java:29)\n    at org.gradle.api.internal.tasks.execution.TaskExecution$3.run(TaskExecution.java:244)\n    at org.gradle.internal.operations.DefaultBuildOperationRunner$1.execute(DefaultBuildOperationRunner.java:29)\n    at org.gradle.internal.operations.DefaultBuildOperationRunner$1.execute(DefaultBuildOperationRunner.java:26)\n    at org.gradle.internal.operations.DefaultBuildOperationRunner$2.execute(DefaultBuildOperationRunner.java:66)\n    at org.gradle.internal.operations.DefaultBuildOperationRunner$2.execute(DefaultBuildOperationRunner.java:59)\n    at org.gradle.internal.operations.DefaultBuildOperationRunner.execute(DefaultBuildOperationRunner.java:166)\n    at org.gradle.internal.operations.DefaultBuildOperationRunner.execute(DefaultBuildOperationRunner.java:59)\n    at org.gradle.internal.operations.DefaultBuildOperationRunner.run(DefaultBuildOperationRunner.java:47)\n    at org.gradle.api.internal.tasks.execution.TaskExecution.executeAction(TaskExecution.java:229)\n    at org.gradle.api.internal.tasks.execution.TaskExecution.executeActions(TaskExecution.java:212)\n    at org.gradle.api.internal.tasks.execution.TaskExecution.executeWithPreviousOutputFiles(TaskExecution.java:195)\n    at org.gradle.api.internal.tasks.execution.TaskExecution.execute(TaskExecution.java:162)\n    at org.gradle.internal.execution.steps.ExecuteStep.executeInternal(ExecuteStep.java:105)\n    at org.gradle.internal.execution.steps.ExecuteStep.access$000(ExecuteStep.java:44)\n    at org.gradle.internal.execution.steps.ExecuteStep$1.call(ExecuteStep.java:59)\n    at org.gradle.internal.execution.steps.ExecuteStep$1.call(ExecuteStep.java:56)\n    at org.gradle.internal.operations.DefaultBuildOperationRunner$CallableBuildOperationWorker.execute(DefaultBuildOperationRunner.java:209)\n    at org.gradle.internal.operations.DefaultBuildOperationRunner$CallableBuildOperationWorker.execute(DefaultBuildOperationRunner.java:204)\n    at org.gradle.internal.operations.DefaultBuildOperationRunner$2.execute(DefaultBuildOperationRunner.java:66)\n    at org.gradle.internal.operations.DefaultBuildOperationRunner$2.execute(DefaultBuildOperationRunner.java:59)\n    at org.gradle.internal.operations.DefaultBuildOperationRunner.execute(DefaultBuildOperationRunner.java:166)\n    at org.gradle.internal.operations.DefaultBuildOperationRunner.execute(DefaultBuildOperationRunner.java:59)\n    at org.gradle.internal.operations.DefaultBuildOperationRunner.call(DefaultBuildOperationRunner.java:53)\n    at org.gradle.internal.execution.steps.ExecuteStep.execute(ExecuteStep.java:56)\n    at org.gradle.internal.execution.steps.ExecuteStep.execute(ExecuteStep.java:44)\n    at org.gradle.internal.execution.steps.CancelExecutionStep.execute(CancelExecutionStep.java:42)\n    at org.gradle.internal.execution.steps.TimeoutStep.executeWithoutTimeout(TimeoutStep.java:75)\n    at org.gradle.internal.execution.steps.TimeoutStep.execute(TimeoutStep.java:55)\n    at org.gradle.internal.execution.steps.PreCreateOutputParentsStep.execute(PreCreateOutputParentsStep.java:50)\n    at org.gradle.internal.execution.steps.PreCreateOutputParentsStep.execute(PreCreateOutputParentsStep.java:28)\n    at org.gradle.internal.execution.steps.RemovePreviousOutputsStep.execute(RemovePreviousOutputsStep.java:67)\n    at org.gradle.internal.execution.steps.RemovePreviousOutputsStep.execute(RemovePreviousOutputsStep.java:37)\n    at org.gradle.internal.execution.steps.BroadcastChangingOutputsStep.execute(BroadcastChangingOutputsStep.java:61)\n    at org.gradle.internal.execution.steps.BroadcastChangingOutputsStep.execute(BroadcastChangingOutputsStep.java:26)\n    at org.gradle.internal.execution.steps.CaptureOutputsAfterExecutionStep.execute(CaptureOutputsAfterExecutionStep.java:69)\n    at org.gradle.internal.execution.steps.CaptureOutputsAfterExecutionStep.execute(CaptureOutputsAfterExecutionStep.java:46)\n    at org.gradle.internal.execution.steps.ResolveInputChangesStep.execute(ResolveInputChangesStep.java:40)\n    at org.gradle.internal.execution.steps.ResolveInputChangesStep.execute(ResolveInputChangesStep.java:29)\n    at org.gradle.internal.execution.steps.BuildCacheStep.executeWithoutCache(BuildCacheStep.java:189)\n    at org.gradle.internal.execution.steps.BuildCacheStep.lambda$execute$1(BuildCacheStep.java:75)\n    at org.gradle.internal.Either$Right.fold(Either.java:175)\n    at org.gradle.internal.execution.caching.CachingState.fold(CachingState.java:62)\n    at org.gradle.internal.execution.steps.BuildCacheStep.execute(BuildCacheStep.java:73)\n    at org.gradle.internal.execution.steps.BuildCacheStep.execute(BuildCacheStep.java:48)\n    at org.gradle.internal.execution.steps.StoreExecutionStateStep.execute(StoreExecutionStateStep.java:46)\n    at org.gradle.internal.execution.steps.StoreExecutionStateStep.execute(StoreExecutionStateStep.java:35)\n    at org.gradle.internal.execution.steps.SkipUpToDateStep.executeBecause(SkipUpToDateStep.java:75)\n    at org.gradle.internal.execution.steps.SkipUpToDateStep.lambda$execute$2(SkipUpToDateStep.java:53)\n    at org.gradle.internal.execution.steps.SkipUpToDateStep.execute(SkipUpToDateStep.java:53)\n    at org.gradle.internal.execution.steps.SkipUpToDateStep.execute(SkipUpToDateStep.java:35)\n    at org.gradle.internal.execution.steps.legacy.MarkSnapshottingInputsFinishedStep.execute(MarkSnapshottingInputsFinishedStep.java:37)\n    at org.gradle.internal.execution.steps.legacy.MarkSnapshottingInputsFinishedStep.execute(MarkSnapshottingInputsFinishedStep.java:27)\n    at org.gradle.internal.execution.steps.ResolveIncrementalCachingStateStep.executeDelegate(ResolveIncrementalCachingStateStep.java:49)\n    at org.gradle.internal.execution.steps.ResolveIncrementalCachingStateStep.executeDelegate(ResolveIncrementalCachingStateStep.java:27)\n    at org.gradle.internal.execution.steps.AbstractResolveCachingStateStep.execute(AbstractResolveCachingStateStep.java:71)\n    at org.gradle.internal.execution.steps.AbstractResolveCachingStateStep.execute(AbstractResolveCachingStateStep.java:39)\n    at org.gradle.internal.execution.steps.ResolveChangesStep.execute(ResolveChangesStep.java:65)\n    at org.gradle.internal.execution.steps.ResolveChangesStep.execute(ResolveChangesStep.java:36)\n    at org.gradle.internal.execution.steps.ValidateStep.execute(ValidateStep.java:107)\n    at org.gradle.internal.execution.steps.ValidateStep.execute(ValidateStep.java:56)\n    at org.gradle.internal.execution.steps.AbstractCaptureStateBeforeExecutionStep.execute(AbstractCaptureStateBeforeExecutionStep.java:64)\n    at org.gradle.internal.execution.steps.AbstractCaptureStateBeforeExecutionStep.execute(AbstractCaptureStateBeforeExecutionStep.java:43)\n    at org.gradle.internal.execution.steps.AbstractSkipEmptyWorkStep.executeWithNonEmptySources(AbstractSkipEmptyWorkStep.java:125)\n    at org.gradle.internal.execution.steps.AbstractSkipEmptyWorkStep.execute(AbstractSkipEmptyWorkStep.java:61)\n    at org.gradle.internal.execution.steps.AbstractSkipEmptyWorkStep.execute(AbstractSkipEmptyWorkStep.java:36)\n    at org.gradle.internal.execution.steps.legacy.MarkSnapshottingInputsStartedStep.execute(MarkSnapshottingInputsStartedStep.java:38)\n    at org.gradle.internal.execution.steps.LoadPreviousExecutionStateStep.execute(LoadPreviousExecutionStateStep.java:36)\n    at org.gradle.internal.execution.steps.LoadPreviousExecutionStateStep.execute(LoadPreviousExecutionStateStep.java:23)\n    at org.gradle.internal.execution.steps.HandleStaleOutputsStep.execute(HandleStaleOutputsStep.java:75)\n    at org.gradle.internal.execution.steps.HandleStaleOutputsStep.execute(HandleStaleOutputsStep.java:41)\n    at org.gradle.internal.execution.steps.AssignMutableWorkspaceStep.lambda$execute$0(AssignMutableWorkspaceStep.java:35)\n    at org.gradle.api.internal.tasks.execution.TaskExecution$4.withWorkspace(TaskExecution.java:289)\n    at org.gradle.internal.execution.steps.AssignMutableWorkspaceStep.execute(AssignMutableWorkspaceStep.java:31)\n    at org.gradle.internal.execution.steps.AssignMutableWorkspaceStep.execute(AssignMutableWorkspaceStep.java:22)\n    at org.gradle.internal.execution.steps.ChoosePipelineStep.execute(ChoosePipelineStep.java:40)\n    at org.gradle.internal.execution.steps.ChoosePipelineStep.execute(ChoosePipelineStep.java:23)\n    at org.gradle.internal.execution.steps.ExecuteWorkBuildOperationFiringStep.lambda$execute$2(ExecuteWorkBuildOperationFiringStep.java:67)\n    at org.gradle.internal.execution.steps.ExecuteWorkBuildOperationFiringStep.execute(ExecuteWorkBuildOperationFiringStep.java:67)\n    at org.gradle.internal.execution.steps.ExecuteWorkBuildOperationFiringStep.execute(ExecuteWorkBuildOperationFiringStep.java:39)\n    at org.gradle.internal.execution.steps.IdentityCacheStep.execute(IdentityCacheStep.java:46)\n    at org.gradle.internal.execution.steps.IdentityCacheStep.execute(IdentityCacheStep.java:34)\n    at org.gradle.internal.execution.steps.IdentifyStep.execute(IdentifyStep.java:48)\n    at org.gradle.internal.execution.steps.IdentifyStep.execute(IdentifyStep.java:35)\n    at org.gradle.internal.execution.impl.DefaultExecutionEngine$1.execute(DefaultExecutionEngine.java:61)\n    at org.gradle.api.internal.tasks.execution.ExecuteActionsTaskExecuter.executeIfValid(ExecuteActionsTaskExecuter.java:127)\n    at org.gradle.api.internal.tasks.execution.ExecuteActionsTaskExecuter.execute(ExecuteActionsTaskExecuter.java:116)\n    at org.gradle.api.internal.tasks.execution.FinalizePropertiesTaskExecuter.execute(FinalizePropertiesTaskExecuter.java:46)\n    at org.gradle.api.internal.tasks.execution.ResolveTaskExecutionModeExecuter.execute(ResolveTaskExecutionModeExecuter.java:51)\n    at org.gradle.api.internal.tasks.execution.SkipTaskWithNoActionsExecuter.execute(SkipTaskWithNoActionsExecuter.java:57)\n    at org.gradle.api.internal.tasks.execution.SkipOnlyIfTaskExecuter.execute(SkipOnlyIfTaskExecuter.java:74)\n    at org.gradle.api.internal.tasks.execution.CatchExceptionTaskExecuter.execute(CatchExceptionTaskExecuter.java:36)\n    at org.gradle.api.internal.tasks.execution.EventFiringTaskExecuter$1.executeTask(EventFiringTaskExecuter.java:77)\n    at org.gradle.api.internal.tasks.execution.EventFiringTaskExecuter$1.call(EventFiringTaskExecuter.java:55)\n    at org.gradle.api.internal.tasks.execution.EventFiringTaskExecuter$1.call(EventFiringTaskExecuter.java:52)\n    at org.gradle.internal.operations.DefaultBuildOperationRunner$CallableBuildOperationWorker.execute(DefaultBuildOperationRunner.java:209)\n    at org.gradle.internal.operations.DefaultBuildOperationRunner$CallableBuildOperationWorker.execute(DefaultBuildOperationRunner.java:204)\n    at org.gradle.internal.operations.DefaultBuildOperationRunner$2.execute(DefaultBuildOperationRunner.java:66)\n    at org.gradle.internal.operations.DefaultBuildOperationRunner$2.execute(DefaultBuildOperationRunner.java:59)\n    at org.gradle.internal.operations.DefaultBuildOperationRunner.execute(DefaultBuildOperationRunner.java:166)\n    at org.gradle.internal.operations.DefaultBuildOperationRunner.execute(DefaultBuildOperationRunner.java:59)\n    at org.gradle.internal.operations.DefaultBuildOperationRunner.call(DefaultBuildOperationRunner.java:53)\n    at org.gradle.api.internal.tasks.execution.EventFiringTaskExecuter.execute(EventFiringTaskExecuter.java:52)\n    at org.gradle.execution.plan.LocalTaskNodeExecutor.execute(LocalTaskNodeExecutor.java:42)\n    at org.gradle.execution.taskgraph.DefaultTaskExecutionGraph$InvokeNodeExecutorsAction.execute(DefaultTaskExecutionGraph.java:331)\n    at org.gradle.execution.taskgraph.DefaultTaskExecutionGraph$InvokeNodeExecutorsAction.execute(DefaultTaskExecutionGraph.java:318)\n    at org.gradle.execution.taskgraph.DefaultTaskExecutionGraph$BuildOperationAwareExecutionAction.lambda$execute$0(DefaultTaskExecutionGraph.java:314)\n    at org.gradle.internal.operations.CurrentBuildOperationRef.with(CurrentBuildOperationRef.java:85)\n    at org.gradle.execution.taskgraph.DefaultTaskExecutionGraph$BuildOperationAwareExecutionAction.execute(DefaultTaskExecutionGraph.java:314)\n    at org.gradle.execution.taskgraph.DefaultTaskExecutionGraph$BuildOperationAwareExecutionAction.execute(DefaultTaskExecutionGraph.java:303)\n    at org.gradle.execution.plan.DefaultPlanExecutor$ExecutorWorker.execute(DefaultPlanExecutor.java:459)\n    at org.gradle.execution.plan.DefaultPlanExecutor$ExecutorWorker.run(DefaultPlanExecutor.java:376)\n    at org.gradle.internal.concurrent.ExecutorPolicy$CatchAndRecordFailures.onExecute(ExecutorPolicy.java:64)\n    at org.gradle.internal.concurrent.AbstractManagedExecutor$1.run(AbstractManagedExecutor.java:48)\nCaused by: java.lang.IllegalArgumentException: &lt;nulltype&gt; cannot be represented as a Class&lt;?&gt;.\n    at com.google.auto.common.MoreTypes$IsTypeOf.defaultAction(MoreTypes.java:824)\n    at com.google.auto.common.MoreTypes$IsTypeOf.defaultAction(MoreTypes.java:815)\n    at jdk.compiler/com.sun.tools.javac.code.Type$BottomType.accept(Type.java:2312)\n    at com.google.auto.common.MoreTypes.isTypeOf(MoreTypes.java:812)\n    at com.google.auto.common.SuperficialValidation$3.defaultAction(SuperficialValidation.java:210)\n    at com.google.auto.common.SuperficialValidation$3.defaultAction(SuperficialValidation.java:208)\n    at jdk.compiler/com.sun.tools.javac.code.Attribute$Constant.accept(Attribute.java:91)\n    at com.google.auto.common.SuperficialValidation.validateAnnotationValue(SuperficialValidation.java:281)\n    at com.google.auto.common.SuperficialValidation.lambda$validateAnnotationValues$0(SuperficialValidation.java:203)\n    at com.google.auto.common.SuperficialValidation.validateAnnotationValues(SuperficialValidation.java:200)\n    at com.google.auto.common.SuperficialValidation.validateAnnotation(SuperficialValidation.java:194)\n    at com.google.auto.common.SuperficialValidation.validateAnnotations(SuperficialValidation.java:185)\n    at com.google.auto.common.SuperficialValidation.isValidBaseElement(SuperficialValidation.java:109)\n    at com.google.auto.common.SuperficialValidation.access$100(SuperficialValidation.java:49)\n    at com.google.auto.common.SuperficialValidation$1.visitVariable(SuperficialValidation.java:73)\n    at com.google.auto.common.SuperficialValidation$1.visitVariable(SuperficialValidation.java:59)\n    at jdk.compiler/com.sun.tools.javac.code.Symbol$VarSymbol.accept(Symbol.java:1729)\n    at com.google.auto.common.SuperficialValidation.validateElement(SuperficialValidation.java:104)\n    at com.google.auto.common.SuperficialValidation.validateElements(SuperficialValidation.java:55)\n    at com.google.auto.common.SuperficialValidation.isValidBaseElement(SuperficialValidation.java:110)\n    at com.google.auto.common.SuperficialValidation.access$100(SuperficialValidation.java:49)\n    at com.google.auto.common.SuperficialValidation$1.visitType(SuperficialValidation.java:66)\n    at com.google.auto.common.SuperficialValidation$1.visitType(SuperficialValidation.java:59)\n    at jdk.compiler/com.sun.tools.javac.code.Symbol$ClassSymbol.accept(Symbol.java:1575)\n    at com.google.auto.common.SuperficialValidation.validateElement(SuperficialValidation.java:104)\n    at androidx.room.compiler.processing.javac.JavacElement.validate(JavacElement.kt:116)\n    at androidx.room.processor.PojoProcessor.doProcess(PojoProcessor.kt:120)\n    at androidx.room.processor.PojoProcessor.access$doProcess(PojoProcessor.kt:56)\n    at androidx.room.processor.PojoProcessor$process$1.invoke(PojoProcessor.kt:112)\n    at androidx.room.processor.PojoProcessor$process$1.invoke(PojoProcessor.kt:109)\n    at androidx.room.processor.cache.Cache$Bucket.get(Cache.kt:53)\n    at androidx.room.processor.PojoProcessor.process(PojoProcessor.kt:109)\n    at androidx.room.solver.TypeAdapterStore$findRowAdapter$1.invoke(TypeAdapterStore.kt:925)\n    at androidx.room.solver.TypeAdapterStore$findRowAdapter$1.invoke(TypeAdapterStore.kt:919)\n    at androidx.room.processor.Context.collectLogs(Context.kt:192)\n    at androidx.room.solver.TypeAdapterStore.findRowAdapter(TypeAdapterStore.kt:919)\n    at androidx.room.solver.TypeAdapterStore.findRowAdapter$default(TypeAdapterStore.kt:898)\n    at androidx.room.solver.TypeAdapterStore.findQueryResultAdapter(TypeAdapterStore.kt:573)\n    at androidx.room.solver.binderprovider.InstantQueryResultBinderProvider.provide(InstantQueryResultBinderProvider.kt:34)\n    at androidx.room.solver.TypeAdapterStore.findQueryResultBinder(TypeAdapterStore.kt:458)\n    at androidx.room.solver.TypeAdapterStore.findQueryResultBinder(TypeAdapterStore.kt:448)\n    at androidx.room.processor.DefaultMethodProcessorDelegate.findResultBinder(MethodProcessorDelegate.kt:174)\n    at androidx.room.processor.InternalQueryProcessor.getQueryMethod(QueryMethodProcessor.kt:217)\n    at androidx.room.processor.InternalQueryProcessor.processQuery(QueryMethodProcessor.kt:145)\n    at androidx.room.processor.QueryMethodProcessor$process$1.invoke(QueryMethodProcessor.kt:72)\n    at androidx.room.processor.QueryMethodProcessor$process$1.invoke(QueryMethodProcessor.kt:66)\n    at androidx.room.processor.Context.collectLogs(Context.kt:192)\n    at androidx.room.processor.QueryMethodProcessor.process(QueryMethodProcessor.kt:66)\n    at androidx.room.processor.DaoProcessor.process(DaoProcessor.kt:134)\n    at androidx.room.processor.DatabaseProcessor$doProcess$daoMethods$3.invoke(DatabaseProcessor.kt:122)\n    at androidx.room.processor.DatabaseProcessor$doProcess$daoMethods$3.invoke(DatabaseProcessor.kt:96)\n    at kotlin.sequences.TransformingSequence$iterator$1.next(Sequences.kt:210)\n    at kotlin.sequences.FilteringSequence$iterator$1.calcNext(Sequences.kt:170)\n    at kotlin.sequences.FilteringSequence$iterator$1.hasNext(Sequences.kt:194)\n    at kotlin.sequences.SequencesKt___SequencesKt.toList(_Sequences.kt:809)\n    at androidx.room.processor.DatabaseProcessor.doProcess(DatabaseProcessor.kt:125)\n    at androidx.room.processor.DatabaseProcessor.process(DatabaseProcessor.kt:60)\n    at androidx.room.DatabaseProcessingStep$process$databases$1$1.invoke(DatabaseProcessingStep.kt:68)\n    at androidx.room.DatabaseProcessingStep$process$databases$1$1.invoke(DatabaseProcessingStep.kt:64)\n    at androidx.room.processor.Context.collectLogs(Context.kt:192)\n    at androidx.room.DatabaseProcessingStep.process(DatabaseProcessingStep.kt:64)\n    at androidx.room.compiler.processing.CommonProcessorDelegate.processRound(XBasicAnnotationProcessor.kt:130)\n    at androidx.room.compiler.processing.javac.JavacBasicAnnotationProcessor.process(JavacBasicAnnotationProcessor.kt:73)\n    at org.gradle.api.internal.tasks.compile.processing.DelegatingProcessor.process(DelegatingProcessor.java:62)\n    at org.gradle.api.internal.tasks.compile.processing.DynamicProcessor.process(DynamicProcessor.java:52)\n    at org.gradle.api.internal.tasks.compile.processing.DelegatingProcessor.process(DelegatingProcessor.java:62)\n    at org.gradle.api.internal.tasks.compile.processing.TimeTrackingProcessor.access$401(TimeTrackingProcessor.java:37)\n    at org.gradle.api.internal.tasks.compile.processing.TimeTrackingProcessor$5.create(TimeTrackingProcessor.java:99)\n    at org.gradle.api.internal.tasks.compile.processing.TimeTrackingProcessor$5.create(TimeTrackingProcessor.java:96)\n    at org.gradle.api.internal.tasks.compile.processing.TimeTrackingProcessor.track(TimeTrackingProcessor.java:117)\n    at org.gradle.api.internal.tasks.compile.processing.TimeTrackingProcessor.process(TimeTrackingProcessor.java:96)\n    at jdk.compiler/com.sun.tools.javac.processing.JavacProcessingEnvironment.callProcessor(JavacProcessingEnvironment.java:1023)\n    at jdk.compiler/com.sun.tools.javac.processing.JavacProcessingEnvironment.discoverAndRunProcs(JavacProcessingEnvironment.java:939)\n    at jdk.compiler/com.sun.tools.javac.processing.JavacProcessingEnvironment$Round.run(JavacProcessingEnvironment.java:1267)\n    at jdk.compiler/com.sun.tools.javac.processing.JavacProcessingEnvironment.doProcessing(JavacProcessingEnvironment.java:1382)\n    at jdk.compiler/com.sun.tools.javac.main.JavaCompiler.processAnnotations(JavaCompiler.java:1234)\n    at jdk.compiler/com.sun.tools.javac.main.JavaCompiler.compile(JavaCompiler.java:916)\n    at jdk.compiler/com.sun.tools.javac.api.JavacTaskImpl.lambda$doCall$0(JavacTaskImpl.java:104)\n    at jdk.compiler/com.sun.tools.javac.api.JavacTaskImpl.invocationHelper(JavacTaskImpl.java:152)\n    ... 154 more\n\n\nDeprecated Gradle features were used in this build, making it incompatible with Gradle 9.0.\n\nYou can use '--warning-mode all' to show the individual deprecation warnings and determine if they come from your own scripts or plugins.\n\n\nBUILD FAILED in 14s\n57 actionable tasks: 57 executed\n</code></pre>\n<p>I am using Java 18 also gradle version 8.11.1\njvmTarget = &quot;18&quot;,       sourceCompatibility = JavaVersion.VERSION_18</p>\n"
  },
  "answers": [],
  "question_comments": [],
  "answer_comments": {}
}