{
  "question": {
    "tags": [
      "java",
      "maven",
      "compiler-errors",
      "lombok"
    ],
    "owner": {
      "account_id": 30706353,
      "reputation": 11,
      "user_id": 23614961,
      "user_type": "registered",
      "profile_image": "https://lh3.googleusercontent.com/a/ACg8ocLvbbaFVejW_n3x9SOgBQqrwqonlf65KT-Q20s2ob6uaA=k-s256",
      "display_name": "Camille F.",
      "link": "https://stackoverflow.com/users/23614961/camille-f"
    },
    "is_answered": false,
    "view_count": 1122,
    "answer_count": 3,
    "score": 1,
    "last_activity_date": 1753033807,
    "creation_date": 1735755441,
    "last_edit_date": 1735905178,
    "question_id": 79322105,
    "content_license": "CC BY-SA 4.0",
    "link": "https://stackoverflow.com/questions/79322105/why-are-lombok-getters-and-setters-not-found-when-compiling-on-my-windows-comput",
    "title": "Why are Lombok getters and setters not found when compiling on my Windows computer?",
    "body": "<p>I'm a student working on a spring boot project with maven and lombok. I was working on Debian and everything was going well, but recently I switched to a windows computer and lombok doesn't work anymore. The getters, setters and constructors don't seem to be found. I've been searching the internet for hours but I can't find any solution that works. There are no errors in my IDE visual studio code, but nothing works when compiling.</p>\n<p>Sorry if I did something wrong, this is the first time I've asked a question on a forum. I'm really lost.</p>\n<p>Can you help me? Thanks in advance.</p>\n<p>Clarifications:\n<strong>I'm using <em><strong>maven 3.9.9 and jdk 23.0.1</strong></em>. The lombok plugin is  already installed and mvn clean install launched the same\nexceptions.</strong>\nReplacing @Data by @Getter @Setter... does not work either. I thought the problem might had come from windows but my friend said that the bug occurred too on his linux computer.\nThe more disturbing part is that I managed to make it work for a second. I removed the use of setters and I added a custom constructor. When I remove that and got back to my original code, it worked one time using &quot;mvn exec:java&quot;. I then tried &quot;mvn clean install&quot; and it didn't work anymore. I'm loosing my sanity.\nI cannot post anymore comments for some reason so i will answer here for now unless I managed to post more.</p>\n<p>Minimal reproducible example :</p>\n<p>pom.xml</p>\n<pre><code>&lt;?xml version=&quot;1.0&quot; encoding=&quot;UTF-8&quot;?&gt;\n\n&lt;project xmlns=&quot;http://maven.apache.org/POM/4.0.0&quot; xmlns:xsi=&quot;http://www.w3.org/2001/XMLSchema-instance&quot;\n  xsi:schemaLocation=&quot;http://maven.apache.org/POM/4.0.0 http://maven.apache.org/xsd/maven-4.0.0.xsd&quot;&gt;\n  &lt;modelVersion&gt;4.0.0&lt;/modelVersion&gt;\n\n  &lt;groupId&gt;com.minimal_reproducible_example&lt;/groupId&gt;\n  &lt;artifactId&gt;stack_overflow_mre&lt;/artifactId&gt;\n  &lt;version&gt;1.0-SNAPSHOT&lt;/version&gt;\n\n  &lt;name&gt;stack_overflow_mre&lt;/name&gt;\n  &lt;!-- FIXME change it to the project's website --&gt;\n  &lt;url&gt;http://www.example.com&lt;/url&gt;\n\n  &lt;properties&gt;\n    &lt;project.build.sourceEncoding&gt;UTF-8&lt;/project.build.sourceEncoding&gt;\n    &lt;maven.compiler.source&gt;17&lt;/maven.compiler.source&gt;\n    &lt;maven.compiler.target&gt;17&lt;/maven.compiler.target&gt;\n    &lt;exec.mainClass&gt;${project.groupId}.App&lt;/exec.mainClass&gt;\n  &lt;/properties&gt;\n\n  &lt;dependencies&gt;\n        &lt;!-- https://mvnrepository.com/artifact/org.projectlombok/lombok --&gt;\n    &lt;dependency&gt;\n      &lt;groupId&gt;org.projectlombok&lt;/groupId&gt;\n      &lt;artifactId&gt;lombok&lt;/artifactId&gt;\n      &lt;version&gt;1.18.36&lt;/version&gt;\n      &lt;scope&gt;provided&lt;/scope&gt;\n    &lt;/dependency&gt;\n  &lt;/dependencies&gt;\n  &lt;!-- I don't know why maven generated this, but once deleted it automatically downloaded the recent versions. --&gt;\n&lt;/project&gt;\n</code></pre>\n<p>Entity.java</p>\n<pre><code>package com.minimal_reproducible_example;\n\nimport lombok.AllArgsConstructor;\nimport lombok.Getter;\nimport lombok.NoArgsConstructor;\nimport lombok.Setter;\n\n@Getter\n@Setter\n@NoArgsConstructor  // No-argument constructor\n@AllArgsConstructor // All-arguments constructor\npublic class Entity {\n    int id;\n    String name;\n\n    public String toString(){\n        return &quot;[Entity nÂ°&quot;+this.id+&quot; - &quot;+this.name+&quot;]&quot;;\n    }\n}\n</code></pre>\n<p>App.java (Main class)</p>\n<pre><code>package com.minimal_reproducible_example;\n\npublic class App \n{\n    public static void main( String[] args )\n    {\n        Entity entity1 = new Entity(4,&quot;John&quot;);\n        System.out.println(entity1);\n        System.out.println(entity1.getId());\n        Entity entity2 = new Entity();\n        entity2.setId(4);\n        entity2.setName(&quot;john&quot;);\n        System.out.println(entity2);\n        \n    }\n}\n</code></pre>\n<p>Error Message :</p>\n<pre><code>[INFO] ------------------------------------------------------------------------\n[INFO] BUILD FAILURE\n[INFO] ------------------------------------------------------------------------     \n[INFO] Total time:  1.504 s\n[INFO] Finished at: 2025-01-03T12:29:55+01:00\n[INFO] ------------------------------------------------------------------------     \n[ERROR] Failed to execute goal org.apache.maven.plugins:maven-compiler-plugin:3.13.0:compile (default-compile) on project stack_overflow_mre: Compilation failure: Compilation failure:\n[ERROR] /C:/Users/lucfo/SAE/stack_overflow_mre/src/main/java/com/minimal_reproducible_example/App.java:[8,26] constructor Entity in class com.minimal_reproducible_example.Entity cannot be applied to given types;\n[ERROR]   required: no arguments\n[ERROR]   found:    int,java.lang.String\n[ERROR]   reason: actual and formal argument lists differ in length\n[ERROR] /C:/Users/lucfo/SAE/stack_overflow_mre/src/main/java/com/minimal_reproducible_example/App.java:[10,35] cannot find symbol\n[ERROR]   symbol:   method getId()\n[ERROR]   location: variable entity1 of type com.minimal_reproducible_example.Entity[ERROR] /C:/Users/lucfo/SAE/stack_overflow_mre/src/main/java/com/minimal_reproducible_example/App.java:[12,16] cannot find symbol\n[ERROR]   symbol:   method setId(int)\n[ERROR]   location: variable entity2 of type com.minimal_reproducible_example.Entity[ERROR] /C:/Users/lucfo/SAE/stack_overflow_mre/src/main/java/com/minimal_reproducible_example/App.java:[13,16] cannot find symbol\n[ERROR]   symbol:   method setName(java.lang.String)\n[ERROR]   location: variable entity2 of type com.minimal_reproducible_example.Entity[ERROR] -&gt; [Help 1]\n[ERROR]\n[ERROR] To see the full stack trace of the errors, re-run Maven with the -e switch. \n[ERROR] Re-run Maven using the -X switch to enable full debug logging.\n</code></pre>\n"
  },
  "answers": [],
  "question_comments": [],
  "answer_comments": {}
}