{
  "question": {
    "tags": [
      "java",
      "maven",
      "ssl-certificate",
      "wagon"
    ],
    "owner": {
      "account_id": 1041234,
      "reputation": 1659,
      "user_id": 1047226,
      "user_type": "registered",
      "accept_rate": 70,
      "profile_image": "https://www.gravatar.com/avatar/9fe210e789d37b1b3aea91a0abce288c?s=256&d=identicon&r=PG",
      "display_name": "hell_storm2004",
      "link": "https://stackoverflow.com/users/1047226/hell-storm2004"
    },
    "is_answered": false,
    "view_count": 470,
    "answer_count": 1,
    "score": 1,
    "last_activity_date": 1742482518,
    "creation_date": 1742474737,
    "last_edit_date": 1742482518,
    "question_id": 79522980,
    "content_license": "CC BY-SA 4.0",
    "link": "https://stackoverflow.com/questions/79522980/maven-unable-to-ignore-certs-maven-3-6-3-3-9-5",
    "title": "Maven Unable to Ignore Certs (Maven 3.6.3/3.9.5)",
    "body": "<p>I am trying to run <code>maven-frontend-plugin</code> but when downloading nodejs, I get the following error:</p>\n<pre><code>PKIX path building failed: sun.security.provider.certpath.SunCertPathBuilderException: unable to find valid certification path to requested target\n</code></pre>\n<p>So I was trying to ignore the cert check. I have exhausted all possibilities, searching through this forum.</p>\n<p>Attempt 1:</p>\n<p>Ran</p>\n<pre><code>mvn clean install -e -Dmaven.wagon.http.ssl.insecure=true -Dmaven.wagon.http.ssl.allowall=true -Dmaven.wagon.http.ssl.ignore.validity.dates=true -Dmaven.resolver.transport=wagon\n</code></pre>\n<p>Still get the above error.</p>\n<p>Attempt 2:</p>\n<p>Added:</p>\n<pre><code>&lt;maven.wagon.http.ssl.insecure&gt;true&lt;/maven.wagon.http.ssl.insecure&gt;\n&lt;maven.wagon.http.ssl.allowall&gt;true&lt;/maven.wagon.http.ssl.allowall&gt;\n&lt;maven.wagon.http.ssl.ignore.validity.dates&gt;true&lt;/maven.wagon.http.ssl.ignore.validity.dates&gt;\n&lt;maven.resolver.transport&gt;wagon&lt;/maven.resolver.transport&gt;\n</code></pre>\n<p>to the settings.xml under <code>&lt;properties&gt;</code> tag of the profile.</p>\n<p>Still the same.</p>\n<p>Still the above error.</p>\n<p>Attempt 3:</p>\n<p>Created <code>.mvn</code> folder under <code>C:\\Users\\sam2004\\.mvn</code>. Created a file <code>maven.config</code>. Added</p>\n<pre><code>-Dmaven.wagon.http.ssl.insecure=true\n-Dmaven.wagon.http.ssl.allowall=true\n-Dmaven.wagon.http.ssl.ignore.validity.dates=true\n-Dmaven.resolver.transport=wagon\n</code></pre>\n<p>None of these methods worked for me. Tried on version 3.6.3 and 3.9.5. Got the same error.</p>\n<p>EDIT:</p>\n<p>Adding the full stacktrace:</p>\n<pre><code>[INFO] --- frontend:1.12.0:install-node-and-yarn (install node and yarn) @ vid-webpack-master ---\n[INFO] Found proxies: [http-proxy{protocol='http', host='some_proxy', port=8888, nonProxyHosts='127.0.0.1'}, https-proxy{protocol='https', host='some_proxy', port=8888, nonProxyHosts='127.0.0.1'}]\n[INFO] Installing node version v16.5.1\n[INFO] Downloading https://nodejs.org/dist/v16.5.1/win-x64/node.exe to C:\\Users\\sam2004\\.m2\\com\\github\\eirslett\\node\\16.5.1\\node-16.5.1-win-x64.exe\n[INFO] Downloading via proxy http-proxy{protocol='http', host='some_proxy', port=8888, nonProxyHosts='127.0.0.1'}\n[INFO] ------------------------------------------------------------------------\n[INFO] BUILD FAILURE\n[INFO] ------------------------------------------------------------------------\n[INFO] Total time:  5.226 s\n[INFO] Finished at: 2025-03-20T17:57:50+05:30\n[INFO] ------------------------------------------------------------------------\n[ERROR] Failed to execute goal com.github.eirslett:frontend-maven-plugin:1.12.0:install-node-and-yarn (install node and yarn) on project vid-webpack-master: Could not download Node.js from: https://nodejs.org/dist/v16.5.1/win-x64/node.exe: Could not download https://nodejs.org/dist/v16.5.1/win-x64/node.exe: PKIX path building failed: sun.security.provider.certpath.SunCertPathBuilderException: unable to find valid certification path to requested target -&gt; [Help 1]\norg.apache.maven.lifecycle.LifecycleExecutionException: Failed to execute goal com.github.eirslett:frontend-maven-plugin:1.12.0:install-node-and-yarn (install node and yarn) on project vid-webpack-master: Could not download Node.js from: https://nodejs.org/dist/v16.5.1/win-x64/node.exe: Could not download https://nodejs.org/dist/v16.5.1/win-x64/node.exe\n    at org.apache.maven.lifecycle.internal.MojoExecutor.doExecute2 (MojoExecutor.java:333)\n    at org.apache.maven.lifecycle.internal.MojoExecutor.doExecute (MojoExecutor.java:316)\n    at org.apache.maven.lifecycle.internal.MojoExecutor.execute (MojoExecutor.java:212)\n    at org.apache.maven.lifecycle.internal.MojoExecutor.execute (MojoExecutor.java:174)\n    at org.apache.maven.lifecycle.internal.MojoExecutor.access$000 (MojoExecutor.java:75)\n    at org.apache.maven.lifecycle.internal.MojoExecutor$1.run (MojoExecutor.java:162)\n    at org.apache.maven.plugin.DefaultMojosExecutionStrategy.execute (DefaultMojosExecutionStrategy.java:39)\n    at org.apache.maven.lifecycle.internal.MojoExecutor.execute (MojoExecutor.java:159)\n    at org.apache.maven.lifecycle.internal.LifecycleModuleBuilder.buildProject (LifecycleModuleBuilder.java:105)\n    at org.apache.maven.lifecycle.internal.LifecycleModuleBuilder.buildProject (LifecycleModuleBuilder.java:73)\n    at org.apache.maven.lifecycle.internal.builder.singlethreaded.SingleThreadedBuilder.build (SingleThreadedBuilder.java:53)\n    at org.apache.maven.lifecycle.internal.LifecycleStarter.execute (LifecycleStarter.java:118)\n    at org.apache.maven.DefaultMaven.doExecute (DefaultMaven.java:261)\n    at org.apache.maven.DefaultMaven.doExecute (DefaultMaven.java:173)\n    at org.apache.maven.DefaultMaven.execute (DefaultMaven.java:101)\n    at org.apache.maven.cli.MavenCli.execute (MavenCli.java:906)\n    at org.apache.maven.cli.MavenCli.doMain (MavenCli.java:283)\n    at org.apache.maven.cli.MavenCli.main (MavenCli.java:206)\n    at jdk.internal.reflect.NativeMethodAccessorImpl.invoke0 (Native Method)\n    at jdk.internal.reflect.NativeMethodAccessorImpl.invoke (NativeMethodAccessorImpl.java:77)\n    at jdk.internal.reflect.DelegatingMethodAccessorImpl.invoke (DelegatingMethodAccessorImpl.java:43)\n    at java.lang.reflect.Method.invoke (Method.java:568)\n    at org.codehaus.plexus.classworlds.launcher.Launcher.launchEnhanced (Launcher.java:283)\n    at org.codehaus.plexus.classworlds.launcher.Launcher.launch (Launcher.java:226)\n    at org.codehaus.plexus.classworlds.launcher.Launcher.mainWithExitCode (Launcher.java:407)\n    at org.codehaus.plexus.classworlds.launcher.Launcher.main (Launcher.java:348)\nCaused by: org.apache.maven.plugin.MojoFailureException: Could not download Node.js from: https://nodejs.org/dist/v16.5.1/win-x64/node.exe: Could not download https://nodejs.org/dist/v16.5.1/win-x64/node.exe\n    at com.github.eirslett.maven.plugins.frontend.mojo.MojoUtils.toMojoFailureException (MojoUtils.java:28)\n    at com.github.eirslett.maven.plugins.frontend.mojo.AbstractFrontendMojo.execute (AbstractFrontendMojo.java:103)\n    at org.apache.maven.plugin.DefaultBuildPluginManager.executeMojo (DefaultBuildPluginManager.java:126)\n    at org.apache.maven.lifecycle.internal.MojoExecutor.doExecute2 (MojoExecutor.java:328)\n    at org.apache.maven.lifecycle.internal.MojoExecutor.doExecute (MojoExecutor.java:316)\n    at org.apache.maven.lifecycle.internal.MojoExecutor.execute (MojoExecutor.java:212)\n    at org.apache.maven.lifecycle.internal.MojoExecutor.execute (MojoExecutor.java:174)\n    at org.apache.maven.lifecycle.internal.MojoExecutor.access$000 (MojoExecutor.java:75)\n    at org.apache.maven.lifecycle.internal.MojoExecutor$1.run (MojoExecutor.java:162)\n    at org.apache.maven.plugin.DefaultMojosExecutionStrategy.execute (DefaultMojosExecutionStrategy.java:39)\n    at org.apache.maven.lifecycle.internal.MojoExecutor.execute (MojoExecutor.java:159)\n    at org.apache.maven.lifecycle.internal.LifecycleModuleBuilder.buildProject (LifecycleModuleBuilder.java:105)\n    at org.apache.maven.lifecycle.internal.LifecycleModuleBuilder.buildProject (LifecycleModuleBuilder.java:73)\n    at org.apache.maven.lifecycle.internal.builder.singlethreaded.SingleThreadedBuilder.build (SingleThreadedBuilder.java:53)\n    at org.apache.maven.lifecycle.internal.LifecycleStarter.execute (LifecycleStarter.java:118)\n    at org.apache.maven.DefaultMaven.doExecute (DefaultMaven.java:261)\n    at org.apache.maven.DefaultMaven.doExecute (DefaultMaven.java:173)\n    at org.apache.maven.DefaultMaven.execute (DefaultMaven.java:101)\n    at org.apache.maven.cli.MavenCli.execute (MavenCli.java:906)\n    at org.apache.maven.cli.MavenCli.doMain (MavenCli.java:283)\n    at org.apache.maven.cli.MavenCli.main (MavenCli.java:206)\n    at jdk.internal.reflect.NativeMethodAccessorImpl.invoke0 (Native Method)\n    at jdk.internal.reflect.NativeMethodAccessorImpl.invoke (NativeMethodAccessorImpl.java:77)\n    at jdk.internal.reflect.DelegatingMethodAccessorImpl.invoke (DelegatingMethodAccessorImpl.java:43)\n    at java.lang.reflect.Method.invoke (Method.java:568)\n    at org.codehaus.plexus.classworlds.launcher.Launcher.launchEnhanced (Launcher.java:283)\n    at org.codehaus.plexus.classworlds.launcher.Launcher.launch (Launcher.java:226)\n    at org.codehaus.plexus.classworlds.launcher.Launcher.mainWithExitCode (Launcher.java:407)\n    at org.codehaus.plexus.classworlds.launcher.Launcher.main (Launcher.java:348)\nCaused by: com.github.eirslett.maven.plugins.frontend.lib.InstallationException: Could not download Node.js from: https://nodejs.org/dist/v16.5.1/win-x64/node.exe\n    at com.github.eirslett.maven.plugins.frontend.lib.NodeInstaller.installNodeForWindows (NodeInstaller.java:291)\n    at com.github.eirslett.maven.plugins.frontend.lib.NodeInstaller.install (NodeInstaller.java:92)\n    at com.github.eirslett.maven.plugins.frontend.mojo.InstallNodeAndYarnMojo.execute (InstallNodeAndYarnMojo.java:81)\n    at com.github.eirslett.maven.plugins.frontend.mojo.AbstractFrontendMojo.execute (AbstractFrontendMojo.java:94)\n    at org.apache.maven.plugin.DefaultBuildPluginManager.executeMojo (DefaultBuildPluginManager.java:126)\n    at org.apache.maven.lifecycle.internal.MojoExecutor.doExecute2 (MojoExecutor.java:328)\n    at org.apache.maven.lifecycle.internal.MojoExecutor.doExecute (MojoExecutor.java:316)\n    at org.apache.maven.lifecycle.internal.MojoExecutor.execute (MojoExecutor.java:212)\n    at org.apache.maven.lifecycle.internal.MojoExecutor.execute (MojoExecutor.java:174)\n    at org.apache.maven.lifecycle.internal.MojoExecutor.access$000 (MojoExecutor.java:75)\n    at org.apache.maven.lifecycle.internal.MojoExecutor$1.run (MojoExecutor.java:162)\n    at org.apache.maven.plugin.DefaultMojosExecutionStrategy.execute (DefaultMojosExecutionStrategy.java:39)\n    at org.apache.maven.lifecycle.internal.MojoExecutor.execute (MojoExecutor.java:159)\n    at org.apache.maven.lifecycle.internal.LifecycleModuleBuilder.buildProject (LifecycleModuleBuilder.java:105)\n    at org.apache.maven.lifecycle.internal.LifecycleModuleBuilder.buildProject (LifecycleModuleBuilder.java:73)\n    at org.apache.maven.lifecycle.internal.builder.singlethreaded.SingleThreadedBuilder.build (SingleThreadedBuilder.java:53)\n    at org.apache.maven.lifecycle.internal.LifecycleStarter.execute (LifecycleStarter.java:118)\n    at org.apache.maven.DefaultMaven.doExecute (DefaultMaven.java:261)\n    at org.apache.maven.DefaultMaven.doExecute (DefaultMaven.java:173)\n    at org.apache.maven.DefaultMaven.execute (DefaultMaven.java:101)\n    at org.apache.maven.cli.MavenCli.execute (MavenCli.java:906)\n    at org.apache.maven.cli.MavenCli.doMain (MavenCli.java:283)\n    at org.apache.maven.cli.MavenCli.main (MavenCli.java:206)\n    at jdk.internal.reflect.NativeMethodAccessorImpl.invoke0 (Native Method)\n    at jdk.internal.reflect.NativeMethodAccessorImpl.invoke (NativeMethodAccessorImpl.java:77)\n    at jdk.internal.reflect.DelegatingMethodAccessorImpl.invoke (DelegatingMethodAccessorImpl.java:43)\n    at java.lang.reflect.Method.invoke (Method.java:568)\n    at org.codehaus.plexus.classworlds.launcher.Launcher.launchEnhanced (Launcher.java:283)\n    at org.codehaus.plexus.classworlds.launcher.Launcher.launch (Launcher.java:226)\n    at org.codehaus.plexus.classworlds.launcher.Launcher.mainWithExitCode (Launcher.java:407)\n    at org.codehaus.plexus.classworlds.launcher.Launcher.main (Launcher.java:348)\nCaused by: com.github.eirslett.maven.plugins.frontend.lib.DownloadException: Could not download https://nodejs.org/dist/v16.5.1/win-x64/node.exe\n    at com.github.eirslett.maven.plugins.frontend.lib.DefaultFileDownloader.download (FileDownloader.java:81)\n    at com.github.eirslett.maven.plugins.frontend.lib.NodeInstaller.downloadFile (NodeInstaller.java:337)\n    at com.github.eirslett.maven.plugins.frontend.lib.NodeInstaller.downloadFileIfMissing (NodeInstaller.java:330)\n    at com.github.eirslett.maven.plugins.frontend.lib.NodeInstaller.installNodeForWindows (NodeInstaller.java:284)\n    at com.github.eirslett.maven.plugins.frontend.lib.NodeInstaller.install (NodeInstaller.java:92)\n    at com.github.eirslett.maven.plugins.frontend.mojo.InstallNodeAndYarnMojo.execute (InstallNodeAndYarnMojo.java:81)\n    at com.github.eirslett.maven.plugins.frontend.mojo.AbstractFrontendMojo.execute (AbstractFrontendMojo.java:94)\n    at org.apache.maven.plugin.DefaultBuildPluginManager.executeMojo (DefaultBuildPluginManager.java:126)\n    at org.apache.maven.lifecycle.internal.MojoExecutor.doExecute2 (MojoExecutor.java:328)\n    at org.apache.maven.lifecycle.internal.MojoExecutor.doExecute (MojoExecutor.java:316)\n    at org.apache.maven.lifecycle.internal.MojoExecutor.execute (MojoExecutor.java:212)\n    at org.apache.maven.lifecycle.internal.MojoExecutor.execute (MojoExecutor.java:174)\n    at org.apache.maven.lifecycle.internal.MojoExecutor.access$000 (MojoExecutor.java:75)\n    at org.apache.maven.lifecycle.internal.MojoExecutor$1.run (MojoExecutor.java:162)\n    at org.apache.maven.plugin.DefaultMojosExecutionStrategy.execute (DefaultMojosExecutionStrategy.java:39)\n    at org.apache.maven.lifecycle.internal.MojoExecutor.execute (MojoExecutor.java:159)\n    at org.apache.maven.lifecycle.internal.LifecycleModuleBuilder.buildProject (LifecycleModuleBuilder.java:105)\n    at org.apache.maven.lifecycle.internal.LifecycleModuleBuilder.buildProject (LifecycleModuleBuilder.java:73)\n    at org.apache.maven.lifecycle.internal.builder.singlethreaded.SingleThreadedBuilder.build (SingleThreadedBuilder.java:53)\n    at org.apache.maven.lifecycle.internal.LifecycleStarter.execute (LifecycleStarter.java:118)\n    at org.apache.maven.DefaultMaven.doExecute (DefaultMaven.java:261)\n    at org.apache.maven.DefaultMaven.doExecute (DefaultMaven.java:173)\n    at org.apache.maven.DefaultMaven.execute (DefaultMaven.java:101)\n    at org.apache.maven.cli.MavenCli.execute (MavenCli.java:906)\n    at org.apache.maven.cli.MavenCli.doMain (MavenCli.java:283)\n    at org.apache.maven.cli.MavenCli.main (MavenCli.java:206)\n    at jdk.internal.reflect.NativeMethodAccessorImpl.invoke0 (Native Method)\n    at jdk.internal.reflect.NativeMethodAccessorImpl.invoke (NativeMethodAccessorImpl.java:77)\n    at jdk.internal.reflect.DelegatingMethodAccessorImpl.invoke (DelegatingMethodAccessorImpl.java:43)\n    at java.lang.reflect.Method.invoke (Method.java:568)\n    at org.codehaus.plexus.classworlds.launcher.Launcher.launchEnhanced (Launcher.java:283)\n    at org.codehaus.plexus.classworlds.launcher.Launcher.launch (Launcher.java:226)\n    at org.codehaus.plexus.classworlds.launcher.Launcher.mainWithExitCode (Launcher.java:407)\n    at org.codehaus.plexus.classworlds.launcher.Launcher.main (Launcher.java:348)\nCaused by: javax.net.ssl.SSLHandshakeException: PKIX path building failed: sun.security.provider.certpath.SunCertPathBuilderException: unable to find valid certification path to requested target\n    at sun.security.ssl.Alert.createSSLException (Alert.java:131)\n    at sun.security.ssl.TransportContext.fatal (TransportContext.java:371)\n    at sun.security.ssl.TransportContext.fatal (TransportContext.java:314)\n    at sun.security.ssl.TransportContext.fatal (TransportContext.java:309)\n    at sun.security.ssl.CertificateMessage$T12CertificateConsumer.checkServerCerts (CertificateMessage.java:654)\n    at sun.security.ssl.CertificateMessage$T12CertificateConsumer.onCertificate (CertificateMessage.java:473)\n    at sun.security.ssl.CertificateMessage$T12CertificateConsumer.consume (CertificateMessage.java:369)\n    at sun.security.ssl.SSLHandshake.consume (SSLHandshake.java:396)\n    at sun.security.ssl.HandshakeContext.dispatch (HandshakeContext.java:480)\n    at sun.security.ssl.HandshakeContext.dispatch (HandshakeContext.java:458)\n    at sun.security.ssl.TransportContext.dispatch (TransportContext.java:201)\n    at sun.security.ssl.SSLTransport.decode (SSLTransport.java:172)\n    at sun.security.ssl.SSLSocketImpl.decode (SSLSocketImpl.java:1506)\n    at sun.security.ssl.SSLSocketImpl.readHandshakeRecord (SSLSocketImpl.java:1421)\n    at sun.security.ssl.SSLSocketImpl.startHandshake (SSLSocketImpl.java:455)\n    at sun.security.ssl.SSLSocketImpl.startHandshake (SSLSocketImpl.java:426)\n    at org.apache.http.conn.ssl.SSLConnectionSocketFactory.createLayeredSocket (SSLConnectionSocketFactory.java:394)\n    at org.apache.http.impl.conn.DefaultHttpClientConnectionOperator.upgrade (DefaultHttpClientConnectionOperator.java:192)\n    at org.apache.http.impl.conn.PoolingHttpClientConnectionManager.upgrade (PoolingHttpClientConnectionManager.java:369)\n    at org.apache.http.impl.execchain.MainClientExec.establishRoute (MainClientExec.java:415)\n    at org.apache.http.impl.execchain.MainClientExec.execute (MainClientExec.java:236)\n    at org.apache.http.impl.execchain.ProtocolExec.execute (ProtocolExec.java:184)\n    at org.apache.http.impl.execchain.RetryExec.execute (RetryExec.java:88)\n    at org.apache.http.impl.execchain.RedirectExec.execute (RedirectExec.java:110)\n    at org.apache.http.impl.client.InternalHttpClient.doExecute (InternalHttpClient.java:184)\n    at org.apache.http.impl.client.CloseableHttpClient.execute (CloseableHttpClient.java:82)\n    at org.apache.http.impl.client.CloseableHttpClient.execute (CloseableHttpClient.java:107)\n    at com.github.eirslett.maven.plugins.frontend.lib.DefaultFileDownloader.executeViaProxy (FileDownloader.java:126)\n    at com.github.eirslett.maven.plugins.frontend.lib.DefaultFileDownloader.execute (FileDownloader.java:90)\n    at com.github.eirslett.maven.plugins.frontend.lib.DefaultFileDownloader.download (FileDownloader.java:69)\n    at com.github.eirslett.maven.plugins.frontend.lib.NodeInstaller.downloadFile (NodeInstaller.java:337)\n    at com.github.eirslett.maven.plugins.frontend.lib.NodeInstaller.downloadFileIfMissing (NodeInstaller.java:330)\n    at com.github.eirslett.maven.plugins.frontend.lib.NodeInstaller.installNodeForWindows (NodeInstaller.java:284)\n    at com.github.eirslett.maven.plugins.frontend.lib.NodeInstaller.install (NodeInstaller.java:92)\n    at com.github.eirslett.maven.plugins.frontend.mojo.InstallNodeAndYarnMojo.execute (InstallNodeAndYarnMojo.java:81)\n    at com.github.eirslett.maven.plugins.frontend.mojo.AbstractFrontendMojo.execute (AbstractFrontendMojo.java:94)\n    at org.apache.maven.plugin.DefaultBuildPluginManager.executeMojo (DefaultBuildPluginManager.java:126)\n    at org.apache.maven.lifecycle.internal.MojoExecutor.doExecute2 (MojoExecutor.java:328)\n    at org.apache.maven.lifecycle.internal.MojoExecutor.doExecute (MojoExecutor.java:316)\n    at org.apache.maven.lifecycle.internal.MojoExecutor.execute (MojoExecutor.java:212)\n    at org.apache.maven.lifecycle.internal.MojoExecutor.execute (MojoExecutor.java:174)\n    at org.apache.maven.lifecycle.internal.MojoExecutor.access$000 (MojoExecutor.java:75)\n    at org.apache.maven.lifecycle.internal.MojoExecutor$1.run (MojoExecutor.java:162)\n    at org.apache.maven.plugin.DefaultMojosExecutionStrategy.execute (DefaultMojosExecutionStrategy.java:39)\n    at org.apache.maven.lifecycle.internal.MojoExecutor.execute (MojoExecutor.java:159)\n    at org.apache.maven.lifecycle.internal.LifecycleModuleBuilder.buildProject (LifecycleModuleBuilder.java:105)\n    at org.apache.maven.lifecycle.internal.LifecycleModuleBuilder.buildProject (LifecycleModuleBuilder.java:73)\n    at org.apache.maven.lifecycle.internal.builder.singlethreaded.SingleThreadedBuilder.build (SingleThreadedBuilder.java:53)\n    at org.apache.maven.lifecycle.internal.LifecycleStarter.execute (LifecycleStarter.java:118)\n    at org.apache.maven.DefaultMaven.doExecute (DefaultMaven.java:261)\n    at org.apache.maven.DefaultMaven.doExecute (DefaultMaven.java:173)\n    at org.apache.maven.DefaultMaven.execute (DefaultMaven.java:101)\n    at org.apache.maven.cli.MavenCli.execute (MavenCli.java:906)\n    at org.apache.maven.cli.MavenCli.doMain (MavenCli.java:283)\n    at org.apache.maven.cli.MavenCli.main (MavenCli.java:206)\n    at jdk.internal.reflect.NativeMethodAccessorImpl.invoke0 (Native Method)\n    at jdk.internal.reflect.NativeMethodAccessorImpl.invoke (NativeMethodAccessorImpl.java:77)\n    at jdk.internal.reflect.DelegatingMethodAccessorImpl.invoke (DelegatingMethodAccessorImpl.java:43)\n    at java.lang.reflect.Method.invoke (Method.java:568)\n    at org.codehaus.plexus.classworlds.launcher.Launcher.launchEnhanced (Launcher.java:283)\n    at org.codehaus.plexus.classworlds.launcher.Launcher.launch (Launcher.java:226)\n    at org.codehaus.plexus.classworlds.launcher.Launcher.mainWithExitCode (Launcher.java:407)\n    at org.codehaus.plexus.classworlds.launcher.Launcher.main (Launcher.java:348)\nCaused by: sun.security.validator.ValidatorException: PKIX path building failed: sun.security.provider.certpath.SunCertPathBuilderException: unable to find valid certification path to requested target\n    at sun.security.validator.PKIXValidator.doBuild (PKIXValidator.java:439)\n    at sun.security.validator.PKIXValidator.engineValidate (PKIXValidator.java:306)\n    at sun.security.validator.Validator.validate (Validator.java:264)\n    at sun.security.ssl.X509TrustManagerImpl.checkTrusted (X509TrustManagerImpl.java:231)\n    at sun.security.ssl.X509TrustManagerImpl.checkServerTrusted (X509TrustManagerImpl.java:132)\n    at sun.security.ssl.CertificateMessage$T12CertificateConsumer.checkServerCerts (CertificateMessage.java:638)\n    at sun.security.ssl.CertificateMessage$T12CertificateConsumer.onCertificate (CertificateMessage.java:473)\n    at sun.security.ssl.CertificateMessage$T12CertificateConsumer.consume (CertificateMessage.java:369)\n    at sun.security.ssl.SSLHandshake.consume (SSLHandshake.java:396)\n    at sun.security.ssl.HandshakeContext.dispatch (HandshakeContext.java:480)\n    at sun.security.ssl.HandshakeContext.dispatch (HandshakeContext.java:458)\n    at sun.security.ssl.TransportContext.dispatch (TransportContext.java:201)\n    at sun.security.ssl.SSLTransport.decode (SSLTransport.java:172)\n.\n.\n.\n</code></pre>\n<p>The plugin configuration is:</p>\n<pre><code>&lt;plugin&gt;\n    &lt;groupId&gt;com.github.eirslett&lt;/groupId&gt;\n    &lt;artifactId&gt;frontend-maven-plugin&lt;/artifactId&gt;\n    &lt;version&gt;${eirslett.version}&lt;/version&gt;\n    &lt;configuration&gt;\n        &lt;!-- See https://nodejs.org/en/download/ for latest node and npm (lts) versions --&gt;\n        &lt;yarnVersion&gt;${yarn.version}&lt;/yarnVersion&gt;\n        &lt;nodeVersion&gt;${node.version}&lt;/nodeVersion&gt;\n    &lt;/configuration&gt;\n    &lt;executions&gt;\n        &lt;execution&gt;\n            &lt;id&gt;install node and yarn&lt;/id&gt;\n            &lt;goals&gt;\n                &lt;goal&gt;install-node-and-yarn&lt;/goal&gt;\n            &lt;/goals&gt;\n            &lt;phase&gt;generate-resources&lt;/phase&gt;\n            &lt;configuration&gt;\n                &lt;yarnInheritsProxyConfigFromMaven&gt;false&lt;/yarnInheritsProxyConfigFromMaven&gt;\n            &lt;/configuration&gt;\n        &lt;/execution&gt;\n      \n      .\n      .\n      .\n      .\n</code></pre>\n<p>Couldn't post the full error. Reached the character limit!</p>\n"
  },
  "answers": [],
  "question_comments": [],
  "answer_comments": {}
}