{
  "question": {
    "tags": [
      "java",
      "android",
      "react-native",
      "gradle",
      "unsupported-class-version"
    ],
    "owner": {
      "account_id": 10916684,
      "reputation": 4628,
      "user_id": 8024296,
      "user_type": "registered",
      "profile_image": "https://www.gravatar.com/avatar/073d6290ea3196f026f1502d3f5a6259?s=256&d=identicon&r=PG&f=y&so-version=2",
      "display_name": "Paul",
      "link": "https://stackoverflow.com/users/8024296/paul"
    },
    "is_answered": false,
    "view_count": 817,
    "answer_count": 1,
    "score": 0,
    "last_activity_date": 1749069355,
    "creation_date": 1743626914,
    "question_id": 79551555,
    "content_license": "CC BY-SA 4.0",
    "link": "https://stackoverflow.com/questions/79551555/macos-unsupported-class-file-major-version-68-when-building-a-react-native-app",
    "title": "Macos Unsupported class file major version 68 when building a React Native app",
    "body": "<p>I'm trying to run and install a React Native app, but during the build process I get the following error:</p>\n<p>yarn android:</p>\n<pre><code>info A dev server is already running for this project on port 8081.\ninfo Installing the app...\n\ninfo ðŸ’¡ Tip: Make sure that you have set up your development environment correctly, by running npx react-native doctor. To read more about doctor command visit: https://github.com/react-native-community/cli/blob/main/packages/cli-doctor/README.md#doctor \n\nWARNING: A restricted method in java.lang.System has been called\nWARNING: java.lang.System::load has been called by net.rubygrapefruit.platform.internal.NativeLibraryLoader in an unnamed module (file:/Users/NameUser/.gradle/wrapper/dists/gradle-8.12-all/ejduaidbjup3bmmkhw3rie4zb/gradle-8.12/lib/native-platform-0.22-milestone-27.jar)\nWARNING: Use --enable-native-access=ALL-UNNAMED to avoid a warning for callers in this module\nWARNING: Restricted methods will be blocked in a future release unless native access is enabled\n\n\nFAILURE: Build failed with an exception.\n\n* What went wrong:\nBUG! exception in phase 'semantic analysis' in source unit '_BuildScript_' Unsupported class file major version 68\n&gt; Unsupported class file major version 68\n\n* Try:\n&gt; Run with --stacktrace option to get the stack trace.\n&gt; Run with --info or --debug option to get more log output.\n&gt; Run with --scan to get full insights.\n&gt; Get more help at https://help.gradle.org.\n\nBUILD FAILED in 793ms\nerror Failed to install the app. Command failed with exit code 1: ./gradlew app:installDebug -PreactNativeDevServerPort=8081\nWARNING: A restricted method in java.lang.System has been called\nWARNING: java.lang.System::load has been called by net.rubygrapefruit.platform.internal.NativeLibraryLoader in an unnamed module (file:/Users/NameUser/.gradle/wrapper/dists/gradle-8.12-all/ejduaidbjup3bmmkhw3rie4zb/gradle-8.12/lib/native-platform-0.22-milestone-27.jar)\nWARNING: Use --enable-native-access=ALL-UNNAMED to avoid a warning for callers in this module\nWARNING: Restricted methods will be blocked in a future release unless native access is enabled FAILURE: Build failed with an exception. * What went wrong:\nBUG! exception in phase 'semantic analysis' in source unit '_BuildScript_' Unsupported class file major version 68\n&gt; Unsupported class file major version 68 * Try:\n&gt; Run with --stacktrace option to get the stack trace.\n&gt; Run with --info or --debug option to get more log output.\n&gt; Run with --scan to get full insights.\n&gt; Get more help at https://help.gradle.org. BUILD FAILED in 793ms.\ninfo Run CLI with --verbose flag for more details.\nerror Command failed with exit code 1.\ninfo Visit https://yarnpkg.com/en/docs/cli/run for documentation about this command.\n</code></pre>\n<p>Java:</p>\n<pre><code>java --version \n\nopenjdk 24 2025-03-18\nOpenJDK Runtime Environment (build 24+36-3646)\nOpenJDK 64-Bit Server VM (build 24+36-3646, mixed mode, sharing)\n</code></pre>\n<p>Gradle:</p>\n<pre><code>gradle --version\n\n------------------------------------------------------------\nGradle 8.13\n------------------------------------------------------------\n\nBuild time:    2025-02-25 09:22:14 UTC\nRevision:      073314332697ba45c16c0a0ce1891fa6794179ff\n\nKotlin:        2.0.21\nGroovy:        3.0.22\nAnt:           Apache Ant(TM) version 1.10.15 compiled on August 25 2024\nLauncher JVM:  23.0.2 (Homebrew 23.0.2)\nDaemon JVM:    /usr/local/Cellar/openjdk/23.0.2/libexec/openjdk.jdk/Contents/Home (no JDK specified, using current Java home)\nOS:            Mac OS X 15.3 x86_64\n</code></pre>\n<p>Dir android project:</p>\n<pre><code>~/Desktop/project-react-native/android &gt; ./gradlew --version\n\nWARNING: A restricted method in java.lang.System has been called\nWARNING: java.lang.System::load has been called by net.rubygrapefruit.platform.internal.NativeLibraryLoader in an unnamed module (file:/Users/NameUser/.gradle/wrapper/dists/gradle-8.12-all/ejduaidbjup3bmmkhw3rie4zb/gradle-8.12/lib/native-platform-0.22-milestone-27.jar)\nWARNING: Use --enable-native-access=ALL-UNNAMED to avoid a warning for callers in this module\nWARNING: Restricted methods will be blocked in a future release unless native access is enabled\n\n\n------------------------------------------------------------\nGradle 8.12\n------------------------------------------------------------\n\nBuild time:    2024-12-20 15:46:53 UTC\nRevision:      a3cacb207fec727859be9354c1937da2e59004c1\n\nKotlin:        2.0.21\nGroovy:        3.0.22\nAnt:           Apache Ant(TM) version 1.10.15 compiled on August 25 2024\nLauncher JVM:  24 (Oracle Corporation 24+36-3646)\nDaemon JVM:    /Users/NameUser/Library/Java/JavaVirtualMachines/openjdk-24/Contents/Home (no JDK specified, using current Java home)\nOS:            Mac OS X 15.3 x86_64\n</code></pre>\n<p>Can you give me a hand?</p>\n"
  },
  "answers": [],
  "question_comments": [],
  "answer_comments": {}
}