{
  "question": {
    "tags": [
      "java",
      "android",
      "flutter",
      "gradle"
    ],
    "owner": {
      "account_id": 42426549,
      "reputation": 21,
      "user_id": 30747566,
      "user_type": "registered",
      "profile_image": "https://www.gravatar.com/avatar/80c68b0ef0fba95e170183716ac65ad8?s=256&d=identicon&r=PG&f=y&so-version=2",
      "display_name": "Risingstar J.",
      "link": "https://stackoverflow.com/users/30747566/risingstar-j"
    },
    "is_answered": false,
    "view_count": 150,
    "answer_count": 1,
    "score": 2,
    "last_activity_date": 1759941907,
    "creation_date": 1749356257,
    "last_edit_date": 1749412750,
    "question_id": 79657497,
    "content_license": "CC BY-SA 4.0",
    "link": "https://stackoverflow.com/questions/79657497/target-debug-android-application-failed-os-error-the-process-cannot-access-the",
    "title": "Target debug_android_application failed (OS Error The process cannot access the file because it is being used by another process) in Flutter run",
    "body": "<p>I am trying to run my Flutter app using <code>flutter run</code> command, but it failed to run throwing the exceptions as follows:</p>\n<pre><code>Target debug_android_application failed: PathAccessException: Cannot copy file to 'D:\\Workspace\\mobile_app_ver1\\build\\app\\intermediates\\flutter\\debug\\flutter_assets\\assets/i18n/en.json', path = 'D:\\Workspace\\mobile_app_ver1\\assets\\i18n\\en.json' (OS Error: The process cannot access the file because it is being used by another process.\n, errno = 32)\n\n\nFAILURE: Build failed with an exception.\n\n* What went wrong:\nExecution failed for task ':app:compileFlutterBuildDebug'.\n&gt; Process 'command 'C:\\flutter\\bin\\flutter.bat'' finished with non-zero exit value 1\n\n* Try:\n&gt; Run with --stacktrace option to get the stack trace.\n&gt; Run with --info or --debug option to get more log output.\n&gt; Run with --scan to get full insights.\n&gt; Get more help at https://help.gradle.org.\n\nBUILD FAILED in 28s\nRunning Gradle task 'assembleDebug'...                             29.5s\nError: Gradle task assembleDebug failed with exit code 1\n</code></pre>\n<p>I tried some possible solutions found in Google and ChatGPT search, but none of them worked for me. What can I try next?</p>\n"
  },
  "answers": [],
  "question_comments": [],
  "answer_comments": {}
}