{
  "question": {
    "tags": [
      "java",
      "gradle"
    ],
    "owner": {
      "account_id": 9124114,
      "reputation": 349,
      "user_id": 6788557,
      "user_type": "registered",
      "profile_image": "https://i.sstatic.net/kUOJT.png?s=256",
      "display_name": "SRJ",
      "link": "https://stackoverflow.com/users/6788557/srj"
    },
    "is_answered": true,
    "view_count": 310,
    "answer_count": 1,
    "score": 3,
    "last_activity_date": 1753034182,
    "creation_date": 1752862766,
    "last_edit_date": 1752941624,
    "question_id": 79706589,
    "content_license": "CC BY-SA 4.0",
    "link": "https://stackoverflow.com/questions/79706589/gradle-wrapper-command-is-failing-with-errors-about-major-versions-61-and-65-i",
    "title": "gradle wrapper command is failing with errors about major versions 61 and 65 - I am using Java 17 and need 21",
    "body": "<p>I have been using the same machine for months.  I'm not sure what happened overnight, but gradle doesn't work any more.</p>\n<p>I am using java 17 which is major version 61.  I am using gradle 7.6 - for many months.</p>\n<p>I get errors</p>\n<pre><code>Caused by: java.io.IOException: Failed to process the entry 'META-INF/versions/21/com/fasterxml/jackson/core/io/doubleparser/FastDoubleSwar.class' from '/root/.gradle/caches/modules-2/files-2.1/com.fasterxml.jackson.core/jackson-core/2.15.4/aebe84b45360debad94f692a4074c6aceb535fa0/jackson-core-2.15.4.jar'\n\nCaused by: java.lang.IllegalArgumentException: Unsupported class file major version 65\n</code></pre>\n<p>I don't know how gradle is coming up with the idea it needs Java 21 major version 65 of jackson-core-2.15.4.jar</p>\n<p>I have exhaustively searched for the fix, but so far nothing has worked.\ncompletely remove all .gradle dirs and do gradle wrapper - still get the error</p>\n<pre><code>--------------------------------\nPartial Stacktrace below (too big for stackoverflow to show all)\n(root - etm_ms-java17&gt; gradle wrapper --stacktrace\n\n\n\nFAILURE: Build failed with an exception.\n\n\n\n* What went wrong:\n\nA problem occurred configuring root project 'etm_ms-java17'.\n\n&gt; java.util.concurrent.ExecutionException: org.gradle.api.GradleException: Failed to create Jar file /root/.gradle/caches/jars-9/9dd8095f1ddef54c5be9a4c56027fb13/jackson-core-2.15.4.jar.\n\n\n\n* Try:\n\n&gt; Run with --info or --debug option to get more log output.\n\n&gt; Run with --scan to get full insights.\n\n\n\n* Exception is:\n\n    org.gradle.api.ProjectConfigurationException: A problem occurred configuring root project 'etm_ms-java17'.\n    \n            at org.gradle.configuration.project.LifecycleProjectEvaluator.wrapException(LifecycleProjectEvaluator.java:84)\n    \n            at org.gradle.configuration.project.LifecycleProjectEvaluator.addConfigurationFailure(LifecycleProjectEvaluator.java:77)\n    \n            at org.gradle.internal.classpath.ClasspathWalker.visitJarContents(ClasspathWalker.java:91)\n    \n            at org.gradle.internal.classpath.ClasspathWalker.visit(ClasspathWalker.java:55)\n    \n            at org.gradle.internal.classpath.InstrumentingClasspathFileTransformer.visitEntries(InstrumentingClasspathFileTransformer.java:148)\n    \n            at org.gradle.internal.classpath.InstrumentingClasspathFileTransformer.lambda$instrument$0(InstrumentingClasspathFileTransformer.java:139)\n    \n            at org.gradle.internal.classpath.ClasspathBuilder.buildJar(ClasspathBuilder.java:68)\n    \n            at org.gradle.internal.classpath.ClasspathBuilder.jar(ClasspathBuilder.java:55)\n    \n            ... 9 more\n    \n    Caused by: java.lang.IllegalArgumentException: Unsupported class file major version 65\n    \n            at org.objectweb.asm.ClassReader.&lt;init&gt;(ClassReader.java:199)\n    \n            at org.objectweb.asm.ClassReader.&lt;init&gt;(ClassReader.java:180)\n    \n            at org.objectweb.asm.ClassReader.&lt;init&gt;(ClassReader.java:166)\n    \n            at org.gradle.internal.classpath.InstrumentingClasspathFileTransformer.lambda$visitEntries$1(InstrumentingClasspathFileTransformer.java:151)\n    \n            ... 15 more\n</code></pre>\n"
  },
  "answers": [],
  "question_comments": [],
  "answer_comments": {}
}